[0.075s] Invoking command in '/home/LifeBot/robot_ws/build/serial': CMAKE_PREFIX_PATH=${CMAKE_PREFIX_PATH}:/opt/ros/humble /usr/bin/cmake --build /home/LifeBot/robot_ws/build/serial -- -j4 -l4
[0.330s] [ 14%] Built target gtest_main
[0.354s] [ 28%] Built target gtest
[0.378s] [ 57%] Built target serial
[0.491s] [ 71%] Built target serial_example
[0.513s] [ 85%] Built target serial-test-timer
[0.535s] [100%] Built target serial-test
[0.616s] Invoked command in '/home/LifeBot/robot_ws/build/serial' returned '0': CMAKE_PREFIX_PATH=${CMAKE_PREFIX_PATH}:/opt/ros/humble /usr/bin/cmake --build /home/LifeBot/robot_ws/build/serial -- -j4 -l4
[0.837s] Invoking command in '/home/LifeBot/robot_ws/build/serial': CMAKE_PREFIX_PATH=${CMAKE_PREFIX_PATH}:/opt/ros/humble /usr/bin/cmake --install /home/LifeBot/robot_ws/build/serial
[0.867s] -- Install configuration: ""
[0.869s] -- Execute custom install script
[0.871s] -- Up-to-date symlink: /home/LifeBot/robot_ws/install/serial/lib/libserial.a
[0.872s] -- Up-to-date symlink: /home/LifeBot/robot_ws/install/serial/include/serial/serial.h
[0.872s] -- Up-to-date symlink: /home/LifeBot/robot_ws/install/serial/include/serial/v8stdint.h
[0.874s] -- Up-to-date symlink: /home/LifeBot/robot_ws/install/serial/share/serial/environment/library_path.sh
[0.874s] -- Up-to-date symlink: /home/LifeBot/robot_ws/install/serial/share/serial/environment/library_path.dsv
[0.876s] -- Up-to-date symlink: /home/LifeBot/robot_ws/install/serial/share/ament_index/resource_index/package_run_dependencies/serial
[0.877s] -- Up-to-date symlink: /home/LifeBot/robot_ws/install/serial/share/ament_index/resource_index/parent_prefix_path/serial
[0.878s] -- Up-to-date symlink: /home/LifeBot/robot_ws/install/serial/share/serial/environment/ament_prefix_path.sh
[0.879s] -- Up-to-date symlink: /home/LifeBot/robot_ws/install/serial/share/serial/environment/ament_prefix_path.dsv
[0.880s] -- Up-to-date symlink: /home/LifeBot/robot_ws/install/serial/share/serial/environment/path.sh
[0.881s] -- Up-to-date symlink: /home/LifeBot/robot_ws/install/serial/share/serial/environment/path.dsv
[0.882s] -- Up-to-date symlink: /home/LifeBot/robot_ws/install/serial/share/serial/local_setup.bash
[0.883s] -- Up-to-date symlink: /home/LifeBot/robot_ws/install/serial/share/serial/local_setup.sh
[0.884s] -- Up-to-date symlink: /home/LifeBot/robot_ws/install/serial/share/serial/local_setup.zsh
[0.884s] -- Up-to-date symlink: /home/LifeBot/robot_ws/install/serial/share/serial/local_setup.dsv
[0.885s] -- Symlinking: /home/LifeBot/robot_ws/install/serial/share/serial/package.dsv
[0.917s] -- Up-to-date symlink: /home/LifeBot/robot_ws/install/serial/share/ament_index/resource_index/packages/serial
[0.918s] -- Up-to-date symlink: /home/LifeBot/robot_ws/install/serial/share/serial/cmake/ament_cmake_export_include_directories-extras.cmake
[0.919s] -- Up-to-date symlink: /home/LifeBot/robot_ws/install/serial/share/serial/cmake/ament_cmake_export_libraries-extras.cmake
[0.920s] -- Up-to-date symlink: /home/LifeBot/robot_ws/install/serial/share/serial/cmake/serialConfig.cmake
[0.921s] -- Up-to-date symlink: /home/LifeBot/robot_ws/install/serial/share/serial/cmake/serialConfig-version.cmake
[0.922s] -- Up-to-date symlink: /home/LifeBot/robot_ws/install/serial/share/serial/package.xml
[0.931s] Invoked command in '/home/LifeBot/robot_ws/build/serial' returned '0': CMAKE_PREFIX_PATH=${CMAKE_PREFIX_PATH}:/opt/ros/humble /usr/bin/cmake --install /home/LifeBot/robot_ws/build/serial
