[0.146s] Invoking command in '/home/LifeBot/robot_ws/build/rplidar_ros': CMAKE_PREFIX_PATH=${CMAKE_PREFIX_PATH}:/opt/ros/humble /usr/bin/cmake --build /home/LifeBot/robot_ws/build/rplidar_ros -- -j4 -l4
[0.576s] [35m[1mConsolidate compiler generated dependencies of target rplidar_composition_node[0m
[0.863s] [ 77%] Built target rplidar_composition_node
[0.936s] [35m[1mConsolidate compiler generated dependencies of target rplidar_composition[0m
[1.143s] [100%] Built target rplidar_composition
[1.326s] Invoked command in '/home/LifeBot/robot_ws/build/rplidar_ros' returned '0': CMAKE_PREFIX_PATH=${CMAKE_PREFIX_PATH}:/opt/ros/humble /usr/bin/cmake --build /home/LifeBot/robot_ws/build/rplidar_ros -- -j4 -l4
[1.730s] Invoking command in '/home/LifeBot/robot_ws/build/rplidar_ros': CMAKE_PREFIX_PATH=${CMAKE_PREFIX_PATH}:/opt/ros/humble /usr/bin/cmake --install /home/LifeBot/robot_ws/build/rplidar_ros
[1.775s] -- Install configuration: ""
[1.778s] -- Execute custom install script
[1.779s] -- Up-to-date symlink: /home/LifeBot/robot_ws/install/rplidar_ros/lib/rplidar_ros/rplidar_composition
[1.782s] -- Up-to-date symlink: /home/LifeBot/robot_ws/install/rplidar_ros/share/rplidar_ros/launch/rplidar.launch.py
[1.784s] -- Up-to-date symlink: /home/LifeBot/robot_ws/install/rplidar_ros/share/rplidar_ros/launch/rplidar_a3.launch.py
[1.784s] -- Up-to-date symlink: /home/LifeBot/robot_ws/install/rplidar_ros/share/rplidar_ros/launch/rplidar_s1.launch.py
[1.786s] -- Up-to-date symlink: /home/LifeBot/robot_ws/install/rplidar_ros/share/rplidar_ros/launch/rplidar_s1_tcp.launch.py
[1.787s] -- Up-to-date symlink: /home/LifeBot/robot_ws/install/rplidar_ros/share/rplidar_ros/launch/test_rplidar_a3.launch.py
[1.788s] -- Up-to-date symlink: /home/LifeBot/robot_ws/install/rplidar_ros/share/rplidar_ros/launch/view_rplidar.launch.py
[1.789s] -- Up-to-date symlink: /home/LifeBot/robot_ws/install/rplidar_ros/share/rplidar_ros/launch/view_rplidar_a3.launch.py
[1.790s] -- Up-to-date symlink: /home/LifeBot/robot_ws/install/rplidar_ros/share/rplidar_ros/launch/view_rplidar_s1.launch.py
[1.791s] -- Up-to-date symlink: /home/LifeBot/robot_ws/install/rplidar_ros/share/rplidar_ros/launch/view_rplidar_s1_tcp.launch.py
[1.793s] -- Up-to-date symlink: /home/LifeBot/robot_ws/install/rplidar_ros/share/rplidar_ros/rviz/rplidar.rviz
[1.796s] -- Up-to-date symlink: /home/LifeBot/robot_ws/install/rplidar_ros/lib/librplidar_composition_node.so
[1.799s] -- Up-to-date symlink: /home/LifeBot/robot_ws/install/rplidar_ros/include/rplidar_node.hpp
[1.799s] -- Up-to-date symlink: /home/LifeBot/robot_ws/install/rplidar_ros/include/visibility.h
[1.810s] -- Up-to-date symlink: /home/LifeBot/robot_ws/install/rplidar_ros/lib/rplidar_ros/rplidar_composition
[1.811s] -- Up-to-date symlink: /home/LifeBot/robot_ws/install/rplidar_ros/share/ament_index/resource_index/package_run_dependencies/rplidar_ros
[1.812s] -- Up-to-date symlink: /home/LifeBot/robot_ws/install/rplidar_ros/share/ament_index/resource_index/parent_prefix_path/rplidar_ros
[1.813s] -- Up-to-date symlink: /home/LifeBot/robot_ws/install/rplidar_ros/share/rplidar_ros/environment/ament_prefix_path.sh
[1.813s] -- Up-to-date symlink: /home/LifeBot/robot_ws/install/rplidar_ros/share/rplidar_ros/environment/ament_prefix_path.dsv
[1.814s] -- Up-to-date symlink: /home/LifeBot/robot_ws/install/rplidar_ros/share/rplidar_ros/environment/path.sh
[1.814s] -- Up-to-date symlink: /home/LifeBot/robot_ws/install/rplidar_ros/share/rplidar_ros/environment/path.dsv
[1.815s] -- Up-to-date symlink: /home/LifeBot/robot_ws/install/rplidar_ros/share/rplidar_ros/local_setup.bash
[1.816s] -- Up-to-date symlink: /home/LifeBot/robot_ws/install/rplidar_ros/share/rplidar_ros/local_setup.sh
[1.816s] -- Up-to-date symlink: /home/LifeBot/robot_ws/install/rplidar_ros/share/rplidar_ros/local_setup.zsh
[1.817s] -- Up-to-date symlink: /home/LifeBot/robot_ws/install/rplidar_ros/share/rplidar_ros/local_setup.dsv
[1.818s] -- Symlinking: /home/LifeBot/robot_ws/install/rplidar_ros/share/rplidar_ros/package.dsv
[1.855s] -- Up-to-date symlink: /home/LifeBot/robot_ws/install/rplidar_ros/share/ament_index/resource_index/packages/rplidar_ros
[1.856s] -- Up-to-date symlink: /home/LifeBot/robot_ws/install/rplidar_ros/share/ament_index/resource_index/rclcpp_components/rplidar_ros
[1.857s] -- Up-to-date symlink: /home/LifeBot/robot_ws/install/rplidar_ros/share/rplidar_ros/cmake/ament_cmake_export_dependencies-extras.cmake
[1.858s] -- Up-to-date symlink: /home/LifeBot/robot_ws/install/rplidar_ros/share/rplidar_ros/cmake/ament_cmake_export_include_directories-extras.cmake
[1.860s] -- Up-to-date symlink: /home/LifeBot/robot_ws/install/rplidar_ros/share/rplidar_ros/cmake/rplidar_rosConfig.cmake
[1.862s] -- Up-to-date symlink: /home/LifeBot/robot_ws/install/rplidar_ros/share/rplidar_ros/cmake/rplidar_rosConfig-version.cmake
[1.865s] -- Up-to-date symlink: /home/LifeBot/robot_ws/install/rplidar_ros/share/rplidar_ros/package.xml
[1.885s] Invoked command in '/home/LifeBot/robot_ws/build/rplidar_ros' returned '0': CMAKE_PREFIX_PATH=${CMAKE_PREFIX_PATH}:/opt/ros/humble /usr/bin/cmake --install /home/LifeBot/robot_ws/build/rplidar_ros
