[0.403s] DEBUG:colcon:Command line arguments: ['/usr/bin/colcon', 'build', '--symlink-install']
[0.403s] DEBUG:colcon:Parsed command line arguments: Namespace(log_base=None, log_level=None, verb_name='build', build_base='build', install_base='install', merge_install=False, symlink_install=True, test_result_base=None, continue_on_error=False, executor='parallel', parallel_workers=4, event_handlers=None, ignore_user_meta=False, metas=['./colcon.meta'], base_paths=['.'], packages_ignore=None, packages_ignore_regex=None, paths=None, packages_up_to=None, packages_up_to_regex=None, packages_above=None, packages_above_and_dependencies=None, packages_above_depth=None, packages_select_by_dep=None, packages_skip_by_dep=None, packages_skip_up_to=None, packages_select_build_failed=False, packages_skip_build_finished=False, packages_select_test_failures=False, packages_skip_test_passed=False, packages_select=None, packages_skip=None, packages_select_regex=None, packages_skip_regex=None, packages_start=None, packages_end=None, allow_overriding=[], cmake_args=None, cmake_target=None, cmake_target_skip_unavailable=False, cmake_clean_cache=False, cmake_clean_first=False, cmake_force_configure=False, ament_cmake_args=None, catkin_cmake_args=None, catkin_skip_building_tests=False, verb_parser=<colcon_defaults.argument_parser.defaults.DefaultArgumentsDecorator object at 0xffffad01c3a0>, verb_extension=<colcon_core.verb.build.BuildVerb object at 0xffffad247e80>, main=<bound method BuildVerb.main of <colcon_core.verb.build.BuildVerb object at 0xffffad247e80>>)
[1.060s] Level 1:colcon.colcon_core.package_discovery:discover_packages(colcon_meta) check parameters
[1.061s] Level 1:colcon.colcon_core.package_discovery:discover_packages(recursive) check parameters
[1.061s] Level 1:colcon.colcon_core.package_discovery:discover_packages(ignore) check parameters
[1.061s] Level 1:colcon.colcon_core.package_discovery:discover_packages(path) check parameters
[1.061s] Level 1:colcon.colcon_core.package_discovery:discover_packages(colcon_meta) discover
[1.062s] Level 1:colcon.colcon_core.package_discovery:discover_packages(recursive) discover
[1.062s] INFO:colcon.colcon_core.package_discovery:Crawling recursively for packages in '/home/LifeBot/robot_ws'
[1.063s] Level 1:colcon.colcon_core.package_identification:_identify(.) by extensions ['ignore', 'ignore_ament_install']
[1.063s] Level 1:colcon.colcon_core.package_identification:_identify(.) by extension 'ignore'
[1.063s] Level 1:colcon.colcon_core.package_identification:_identify(.) by extension 'ignore_ament_install'
[1.064s] Level 1:colcon.colcon_core.package_identification:_identify(.) by extensions ['colcon_pkg']
[1.064s] Level 1:colcon.colcon_core.package_identification:_identify(.) by extension 'colcon_pkg'
[1.064s] Level 1:colcon.colcon_core.package_identification:_identify(.) by extensions ['colcon_meta']
[1.064s] Level 1:colcon.colcon_core.package_identification:_identify(.) by extension 'colcon_meta'
[1.065s] Level 1:colcon.colcon_core.package_identification:_identify(.) by extensions ['ros']
[1.065s] Level 1:colcon.colcon_core.package_identification:_identify(.) by extension 'ros'
[1.112s] Level 1:colcon.colcon_core.package_identification:_identify(.) by extensions ['cmake', 'python']
[1.112s] Level 1:colcon.colcon_core.package_identification:_identify(.) by extension 'cmake'
[1.112s] Level 1:colcon.colcon_core.package_identification:_identify(.) by extension 'python'
[1.113s] Level 1:colcon.colcon_core.package_identification:_identify(.) by extensions ['python_setup_py']
[1.113s] Level 1:colcon.colcon_core.package_identification:_identify(.) by extension 'python_setup_py'
[1.114s] Level 1:colcon.colcon_core.package_identification:_identify(build) by extensions ['ignore', 'ignore_ament_install']
[1.114s] Level 1:colcon.colcon_core.package_identification:_identify(build) by extension 'ignore'
[1.114s] Level 1:colcon.colcon_core.package_identification:_identify(build) ignored
[1.115s] Level 1:colcon.colcon_core.package_identification:_identify(install) by extensions ['ignore', 'ignore_ament_install']
[1.116s] Level 1:colcon.colcon_core.package_identification:_identify(install) by extension 'ignore'
[1.116s] Level 1:colcon.colcon_core.package_identification:_identify(install) ignored
[1.117s] Level 1:colcon.colcon_core.package_identification:_identify(log) by extensions ['ignore', 'ignore_ament_install']
[1.117s] Level 1:colcon.colcon_core.package_identification:_identify(log) by extension 'ignore'
[1.117s] Level 1:colcon.colcon_core.package_identification:_identify(log) ignored
[1.118s] Level 1:colcon.colcon_core.package_identification:_identify(src) by extensions ['ignore', 'ignore_ament_install']
[1.118s] Level 1:colcon.colcon_core.package_identification:_identify(src) by extension 'ignore'
[1.119s] Level 1:colcon.colcon_core.package_identification:_identify(src) by extension 'ignore_ament_install'
[1.119s] Level 1:colcon.colcon_core.package_identification:_identify(src) by extensions ['colcon_pkg']
[1.119s] Level 1:colcon.colcon_core.package_identification:_identify(src) by extension 'colcon_pkg'
[1.120s] Level 1:colcon.colcon_core.package_identification:_identify(src) by extensions ['colcon_meta']
[1.120s] Level 1:colcon.colcon_core.package_identification:_identify(src) by extension 'colcon_meta'
[1.120s] Level 1:colcon.colcon_core.package_identification:_identify(src) by extensions ['ros']
[1.120s] Level 1:colcon.colcon_core.package_identification:_identify(src) by extension 'ros'
[1.120s] Level 1:colcon.colcon_core.package_identification:_identify(src) by extensions ['cmake', 'python']
[1.121s] Level 1:colcon.colcon_core.package_identification:_identify(src) by extension 'cmake'
[1.121s] Level 1:colcon.colcon_core.package_identification:_identify(src) by extension 'python'
[1.121s] Level 1:colcon.colcon_core.package_identification:_identify(src) by extensions ['python_setup_py']
[1.121s] Level 1:colcon.colcon_core.package_identification:_identify(src) by extension 'python_setup_py'
[1.122s] Level 1:colcon.colcon_core.package_identification:_identify(src/articubot_one) by extensions ['ignore', 'ignore_ament_install']
[1.123s] Level 1:colcon.colcon_core.package_identification:_identify(src/articubot_one) by extension 'ignore'
[1.123s] Level 1:colcon.colcon_core.package_identification:_identify(src/articubot_one) by extension 'ignore_ament_install'
[1.123s] Level 1:colcon.colcon_core.package_identification:_identify(src/articubot_one) by extensions ['colcon_pkg']
[1.123s] Level 1:colcon.colcon_core.package_identification:_identify(src/articubot_one) by extension 'colcon_pkg'
[1.124s] Level 1:colcon.colcon_core.package_identification:_identify(src/articubot_one) by extensions ['colcon_meta']
[1.124s] Level 1:colcon.colcon_core.package_identification:_identify(src/articubot_one) by extension 'colcon_meta'
[1.124s] Level 1:colcon.colcon_core.package_identification:_identify(src/articubot_one) by extensions ['ros']
[1.124s] Level 1:colcon.colcon_core.package_identification:_identify(src/articubot_one) by extension 'ros'
[1.132s] DEBUG:colcon.colcon_core.package_identification:Package 'src/articubot_one' with type 'ros.ament_cmake' and name 'articubot_one'
[1.133s] Level 1:colcon.colcon_core.package_identification:_identify(src/diffdrive_arduino) by extensions ['ignore', 'ignore_ament_install']
[1.134s] Level 1:colcon.colcon_core.package_identification:_identify(src/diffdrive_arduino) by extension 'ignore'
[1.134s] Level 1:colcon.colcon_core.package_identification:_identify(src/diffdrive_arduino) by extension 'ignore_ament_install'
[1.134s] Level 1:colcon.colcon_core.package_identification:_identify(src/diffdrive_arduino) by extensions ['colcon_pkg']
[1.135s] Level 1:colcon.colcon_core.package_identification:_identify(src/diffdrive_arduino) by extension 'colcon_pkg'
[1.135s] Level 1:colcon.colcon_core.package_identification:_identify(src/diffdrive_arduino) by extensions ['colcon_meta']
[1.135s] Level 1:colcon.colcon_core.package_identification:_identify(src/diffdrive_arduino) by extension 'colcon_meta'
[1.135s] Level 1:colcon.colcon_core.package_identification:_identify(src/diffdrive_arduino) by extensions ['ros']
[1.136s] Level 1:colcon.colcon_core.package_identification:_identify(src/diffdrive_arduino) by extension 'ros'
[1.140s] DEBUG:colcon.colcon_core.package_identification:Package 'src/diffdrive_arduino' with type 'ros.ament_cmake' and name 'diffdrive_arduino'
[1.141s] Level 1:colcon.colcon_core.package_identification:_identify(src/rplidar_ros2) by extensions ['ignore', 'ignore_ament_install']
[1.141s] Level 1:colcon.colcon_core.package_identification:_identify(src/rplidar_ros2) by extension 'ignore'
[1.142s] Level 1:colcon.colcon_core.package_identification:_identify(src/rplidar_ros2) by extension 'ignore_ament_install'
[1.142s] Level 1:colcon.colcon_core.package_identification:_identify(src/rplidar_ros2) by extensions ['colcon_pkg']
[1.142s] Level 1:colcon.colcon_core.package_identification:_identify(src/rplidar_ros2) by extension 'colcon_pkg'
[1.143s] Level 1:colcon.colcon_core.package_identification:_identify(src/rplidar_ros2) by extensions ['colcon_meta']
[1.143s] Level 1:colcon.colcon_core.package_identification:_identify(src/rplidar_ros2) by extension 'colcon_meta'
[1.143s] Level 1:colcon.colcon_core.package_identification:_identify(src/rplidar_ros2) by extensions ['ros']
[1.143s] Level 1:colcon.colcon_core.package_identification:_identify(src/rplidar_ros2) by extension 'ros'
[1.147s] DEBUG:colcon.colcon_core.package_identification:Package 'src/rplidar_ros2' with type 'ros.ament_cmake' and name 'rplidar_ros'
[1.147s] Level 1:colcon.colcon_core.package_identification:_identify(src/serial) by extensions ['ignore', 'ignore_ament_install']
[1.148s] Level 1:colcon.colcon_core.package_identification:_identify(src/serial) by extension 'ignore'
[1.148s] Level 1:colcon.colcon_core.package_identification:_identify(src/serial) by extension 'ignore_ament_install'
[1.149s] Level 1:colcon.colcon_core.package_identification:_identify(src/serial) by extensions ['colcon_pkg']
[1.149s] Level 1:colcon.colcon_core.package_identification:_identify(src/serial) by extension 'colcon_pkg'
[1.149s] Level 1:colcon.colcon_core.package_identification:_identify(src/serial) by extensions ['colcon_meta']
[1.149s] Level 1:colcon.colcon_core.package_identification:_identify(src/serial) by extension 'colcon_meta'
[1.150s] Level 1:colcon.colcon_core.package_identification:_identify(src/serial) by extensions ['ros']
[1.150s] Level 1:colcon.colcon_core.package_identification:_identify(src/serial) by extension 'ros'
[1.152s] DEBUG:colcon.colcon_core.package_identification:Package 'src/serial' with type 'ros.ament_cmake' and name 'serial'
[1.152s] Level 1:colcon.colcon_core.package_discovery:discover_packages(recursive) using defaults
[1.153s] Level 1:colcon.colcon_core.package_discovery:discover_packages(ignore) discover
[1.153s] Level 1:colcon.colcon_core.package_discovery:discover_packages(ignore) using defaults
[1.153s] Level 1:colcon.colcon_core.package_discovery:discover_packages(path) discover
[1.153s] Level 1:colcon.colcon_core.package_discovery:discover_packages(path) using defaults
[1.234s] Level 1:colcon.colcon_core.package_discovery:discover_packages(prefix_path) check parameters
[1.234s] Level 1:colcon.colcon_core.package_discovery:discover_packages(prefix_path) discover
[1.238s] Level 1:colcon.colcon_core.package_discovery:discover_packages(prefix_path) using defaults
[1.243s] Level 5:colcon.colcon_core.verb:set package 'articubot_one' build argument 'cmake_args' from command line to 'None'
[1.243s] Level 5:colcon.colcon_core.verb:set package 'articubot_one' build argument 'cmake_target' from command line to 'None'
[1.243s] Level 5:colcon.colcon_core.verb:set package 'articubot_one' build argument 'cmake_target_skip_unavailable' from command line to 'False'
[1.244s] Level 5:colcon.colcon_core.verb:set package 'articubot_one' build argument 'cmake_clean_cache' from command line to 'False'
[1.244s] Level 5:colcon.colcon_core.verb:set package 'articubot_one' build argument 'cmake_clean_first' from command line to 'False'
[1.244s] Level 5:colcon.colcon_core.verb:set package 'articubot_one' build argument 'cmake_force_configure' from command line to 'False'
[1.244s] Level 5:colcon.colcon_core.verb:set package 'articubot_one' build argument 'ament_cmake_args' from command line to 'None'
[1.244s] Level 5:colcon.colcon_core.verb:set package 'articubot_one' build argument 'catkin_cmake_args' from command line to 'None'
[1.244s] Level 5:colcon.colcon_core.verb:set package 'articubot_one' build argument 'catkin_skip_building_tests' from command line to 'False'
[1.245s] DEBUG:colcon.colcon_core.verb:Building package 'articubot_one' with the following arguments: {'ament_cmake_args': None, 'build_base': '/home/LifeBot/robot_ws/build/articubot_one', 'catkin_cmake_args': None, 'catkin_skip_building_tests': False, 'cmake_args': None, 'cmake_clean_cache': False, 'cmake_clean_first': False, 'cmake_force_configure': False, 'cmake_target': None, 'cmake_target_skip_unavailable': False, 'install_base': '/home/LifeBot/robot_ws/install/articubot_one', 'merge_install': False, 'path': '/home/LifeBot/robot_ws/src/articubot_one', 'symlink_install': True, 'test_result_base': None}
[1.246s] Level 5:colcon.colcon_core.verb:set package 'diffdrive_arduino' build argument 'cmake_args' from command line to 'None'
[1.247s] Level 5:colcon.colcon_core.verb:set package 'diffdrive_arduino' build argument 'cmake_target' from command line to 'None'
[1.247s] Level 5:colcon.colcon_core.verb:set package 'diffdrive_arduino' build argument 'cmake_target_skip_unavailable' from command line to 'False'
[1.247s] Level 5:colcon.colcon_core.verb:set package 'diffdrive_arduino' build argument 'cmake_clean_cache' from command line to 'False'
[1.247s] Level 5:colcon.colcon_core.verb:set package 'diffdrive_arduino' build argument 'cmake_clean_first' from command line to 'False'
[1.247s] Level 5:colcon.colcon_core.verb:set package 'diffdrive_arduino' build argument 'cmake_force_configure' from command line to 'False'
[1.247s] Level 5:colcon.colcon_core.verb:set package 'diffdrive_arduino' build argument 'ament_cmake_args' from command line to 'None'
[1.247s] Level 5:colcon.colcon_core.verb:set package 'diffdrive_arduino' build argument 'catkin_cmake_args' from command line to 'None'
[1.248s] Level 5:colcon.colcon_core.verb:set package 'diffdrive_arduino' build argument 'catkin_skip_building_tests' from command line to 'False'
[1.248s] DEBUG:colcon.colcon_core.verb:Building package 'diffdrive_arduino' with the following arguments: {'ament_cmake_args': None, 'build_base': '/home/LifeBot/robot_ws/build/diffdrive_arduino', 'catkin_cmake_args': None, 'catkin_skip_building_tests': False, 'cmake_args': None, 'cmake_clean_cache': False, 'cmake_clean_first': False, 'cmake_force_configure': False, 'cmake_target': None, 'cmake_target_skip_unavailable': False, 'install_base': '/home/LifeBot/robot_ws/install/diffdrive_arduino', 'merge_install': False, 'path': '/home/LifeBot/robot_ws/src/diffdrive_arduino', 'symlink_install': True, 'test_result_base': None}
[1.249s] Level 5:colcon.colcon_core.verb:set package 'rplidar_ros' build argument 'cmake_args' from command line to 'None'
[1.250s] Level 5:colcon.colcon_core.verb:set package 'rplidar_ros' build argument 'cmake_target' from command line to 'None'
[1.250s] Level 5:colcon.colcon_core.verb:set package 'rplidar_ros' build argument 'cmake_target_skip_unavailable' from command line to 'False'
[1.250s] Level 5:colcon.colcon_core.verb:set package 'rplidar_ros' build argument 'cmake_clean_cache' from command line to 'False'
[1.250s] Level 5:colcon.colcon_core.verb:set package 'rplidar_ros' build argument 'cmake_clean_first' from command line to 'False'
[1.250s] Level 5:colcon.colcon_core.verb:set package 'rplidar_ros' build argument 'cmake_force_configure' from command line to 'False'
[1.250s] Level 5:colcon.colcon_core.verb:set package 'rplidar_ros' build argument 'ament_cmake_args' from command line to 'None'
[1.250s] Level 5:colcon.colcon_core.verb:set package 'rplidar_ros' build argument 'catkin_cmake_args' from command line to 'None'
[1.250s] Level 5:colcon.colcon_core.verb:set package 'rplidar_ros' build argument 'catkin_skip_building_tests' from command line to 'False'
[1.251s] DEBUG:colcon.colcon_core.verb:Building package 'rplidar_ros' with the following arguments: {'ament_cmake_args': None, 'build_base': '/home/LifeBot/robot_ws/build/rplidar_ros', 'catkin_cmake_args': None, 'catkin_skip_building_tests': False, 'cmake_args': None, 'cmake_clean_cache': False, 'cmake_clean_first': False, 'cmake_force_configure': False, 'cmake_target': None, 'cmake_target_skip_unavailable': False, 'install_base': '/home/LifeBot/robot_ws/install/rplidar_ros', 'merge_install': False, 'path': '/home/LifeBot/robot_ws/src/rplidar_ros2', 'symlink_install': True, 'test_result_base': None}
[1.252s] Level 5:colcon.colcon_core.verb:set package 'serial' build argument 'cmake_args' from command line to 'None'
[1.252s] Level 5:colcon.colcon_core.verb:set package 'serial' build argument 'cmake_target' from command line to 'None'
[1.253s] Level 5:colcon.colcon_core.verb:set package 'serial' build argument 'cmake_target_skip_unavailable' from command line to 'False'
[1.253s] Level 5:colcon.colcon_core.verb:set package 'serial' build argument 'cmake_clean_cache' from command line to 'False'
[1.253s] Level 5:colcon.colcon_core.verb:set package 'serial' build argument 'cmake_clean_first' from command line to 'False'
[1.253s] Level 5:colcon.colcon_core.verb:set package 'serial' build argument 'cmake_force_configure' from command line to 'False'
[1.253s] Level 5:colcon.colcon_core.verb:set package 'serial' build argument 'ament_cmake_args' from command line to 'None'
[1.253s] Level 5:colcon.colcon_core.verb:set package 'serial' build argument 'catkin_cmake_args' from command line to 'None'
[1.253s] Level 5:colcon.colcon_core.verb:set package 'serial' build argument 'catkin_skip_building_tests' from command line to 'False'
[1.254s] DEBUG:colcon.colcon_core.verb:Building package 'serial' with the following arguments: {'ament_cmake_args': None, 'build_base': '/home/LifeBot/robot_ws/build/serial', 'catkin_cmake_args': None, 'catkin_skip_building_tests': False, 'cmake_args': None, 'cmake_clean_cache': False, 'cmake_clean_first': False, 'cmake_force_configure': False, 'cmake_target': None, 'cmake_target_skip_unavailable': False, 'install_base': '/home/LifeBot/robot_ws/install/serial', 'merge_install': False, 'path': '/home/LifeBot/robot_ws/src/serial', 'symlink_install': True, 'test_result_base': None}
[1.254s] INFO:colcon.colcon_core.executor:Executing jobs using 'parallel' executor
[1.258s] DEBUG:colcon.colcon_parallel_executor.executor.parallel:run_until_complete
[1.260s] INFO:colcon.colcon_ros.task.ament_cmake.build:Building ROS package in '/home/LifeBot/robot_ws/src/articubot_one' with build type 'ament_cmake'
[1.260s] INFO:colcon.colcon_cmake.task.cmake.build:Building CMake package in '/home/LifeBot/robot_ws/src/articubot_one'
[1.271s] INFO:colcon.colcon_core.plugin_system:Skipping extension 'colcon_core.shell.bat': Not used on non-Windows systems
[1.272s] INFO:colcon.colcon_core.shell:Skip shell extension 'powershell' for command environment: Not usable outside of PowerShell
[1.273s] DEBUG:colcon.colcon_core.shell:Skip shell extension 'dsv' for command environment
[1.281s] INFO:colcon.colcon_ros.task.ament_cmake.build:Building ROS package in '/home/LifeBot/robot_ws/src/diffdrive_arduino' with build type 'ament_cmake'
[1.282s] INFO:colcon.colcon_cmake.task.cmake.build:Building CMake package in '/home/LifeBot/robot_ws/src/diffdrive_arduino'
[1.284s] INFO:colcon.colcon_core.shell:Skip shell extension 'powershell' for command environment: Not usable outside of PowerShell
[1.285s] DEBUG:colcon.colcon_core.shell:Skip shell extension 'dsv' for command environment
[1.292s] INFO:colcon.colcon_ros.task.ament_cmake.build:Building ROS package in '/home/LifeBot/robot_ws/src/rplidar_ros2' with build type 'ament_cmake'
[1.293s] INFO:colcon.colcon_cmake.task.cmake.build:Building CMake package in '/home/LifeBot/robot_ws/src/rplidar_ros2'
[1.295s] INFO:colcon.colcon_core.shell:Skip shell extension 'powershell' for command environment: Not usable outside of PowerShell
[1.296s] DEBUG:colcon.colcon_core.shell:Skip shell extension 'dsv' for command environment
[1.303s] INFO:colcon.colcon_ros.task.ament_cmake.build:Building ROS package in '/home/LifeBot/robot_ws/src/serial' with build type 'ament_cmake'
[1.304s] INFO:colcon.colcon_cmake.task.cmake.build:Building CMake package in '/home/LifeBot/robot_ws/src/serial'
[1.306s] INFO:colcon.colcon_core.shell:Skip shell extension 'powershell' for command environment: Not usable outside of PowerShell
[1.306s] DEBUG:colcon.colcon_core.shell:Skip shell extension 'dsv' for command environment
[1.343s] DEBUG:colcon.colcon_core.event_handler.log_command:Invoking command in '/home/LifeBot/robot_ws/build/articubot_one': /usr/bin/cmake --build /home/LifeBot/robot_ws/build/articubot_one -- -j4 -l4
[1.360s] DEBUG:colcon.colcon_core.event_handler.log_command:Invoking command in '/home/LifeBot/robot_ws/build/diffdrive_arduino': /usr/bin/cmake --build /home/LifeBot/robot_ws/build/diffdrive_arduino -- -j4 -l4
[1.377s] DEBUG:colcon.colcon_core.event_handler.log_command:Invoking command in '/home/LifeBot/robot_ws/build/rplidar_ros': /usr/bin/cmake /home/LifeBot/robot_ws/src/rplidar_ros2 -DAMENT_CMAKE_SYMLINK_INSTALL=1 -DCMAKE_INSTALL_PREFIX=/home/LifeBot/robot_ws/install/rplidar_ros
[1.432s] DEBUG:colcon.colcon_core.event_handler.log_command:Invoking command in '/home/LifeBot/robot_ws/build/serial': /usr/bin/cmake --build /home/LifeBot/robot_ws/build/serial -- -j4 -l4
[1.531s] DEBUG:colcon.colcon_core.event_handler.log_command:Invoked command in '/home/LifeBot/robot_ws/build/articubot_one' returned '0': /usr/bin/cmake --build /home/LifeBot/robot_ws/build/articubot_one -- -j4 -l4
[1.905s] DEBUG:colcon.colcon_core.event_handler.log_command:Invoking command in '/home/LifeBot/robot_ws/build/articubot_one': /usr/bin/cmake --install /home/LifeBot/robot_ws/build/articubot_one
[2.228s] Level 1:colcon.colcon_core.environment:create_environment_scripts_only(articubot_one)
[2.245s] DEBUG:colcon.colcon_core.event_handler.log_command:Invoked command in '/home/LifeBot/robot_ws/build/diffdrive_arduino' returned '0': /usr/bin/cmake --build /home/LifeBot/robot_ws/build/diffdrive_arduino -- -j4 -l4
[2.262s] Level 1:colcon.colcon_core.environment:checking '/home/LifeBot/robot_ws/install/articubot_one' for CMake module files
[2.267s] DEBUG:colcon.colcon_core.event_handler.log_command:Invoked command in '/home/LifeBot/robot_ws/build/articubot_one' returned '0': /usr/bin/cmake --install /home/LifeBot/robot_ws/build/articubot_one
[2.284s] Level 1:colcon.colcon_core.environment:checking '/home/LifeBot/robot_ws/install/articubot_one' for CMake config files
[2.290s] Level 1:colcon.colcon_core.shell:create_environment_hook('articubot_one', 'cmake_prefix_path')
[2.303s] INFO:colcon.colcon_core.shell:Creating environment hook '/home/LifeBot/robot_ws/install/articubot_one/share/articubot_one/hook/cmake_prefix_path.ps1'
[2.310s] INFO:colcon.colcon_core.shell:Creating environment descriptor '/home/LifeBot/robot_ws/install/articubot_one/share/articubot_one/hook/cmake_prefix_path.dsv'
[2.322s] INFO:colcon.colcon_core.shell:Creating environment hook '/home/LifeBot/robot_ws/install/articubot_one/share/articubot_one/hook/cmake_prefix_path.sh'
[2.339s] Level 1:colcon.colcon_core.environment:checking '/home/LifeBot/robot_ws/install/articubot_one/bin'
[2.340s] Level 1:colcon.colcon_core.environment:checking '/home/LifeBot/robot_ws/install/articubot_one/lib/pkgconfig/articubot_one.pc'
[2.373s] Level 1:colcon.colcon_core.environment:checking '/home/LifeBot/robot_ws/install/articubot_one/lib/python3.10/site-packages'
[2.375s] Level 1:colcon.colcon_core.environment:checking '/home/LifeBot/robot_ws/install/articubot_one/bin'
[2.376s] INFO:colcon.colcon_core.shell:Creating package script '/home/LifeBot/robot_ws/install/articubot_one/share/articubot_one/package.ps1'
[2.393s] INFO:colcon.colcon_core.shell:Creating package descriptor '/home/LifeBot/robot_ws/install/articubot_one/share/articubot_one/package.dsv'
[2.417s] INFO:colcon.colcon_core.shell:Creating package script '/home/LifeBot/robot_ws/install/articubot_one/share/articubot_one/package.sh'
[2.436s] INFO:colcon.colcon_core.shell:Creating package script '/home/LifeBot/robot_ws/install/articubot_one/share/articubot_one/package.bash'
[2.448s] INFO:colcon.colcon_core.shell:Creating package script '/home/LifeBot/robot_ws/install/articubot_one/share/articubot_one/package.zsh'
[2.459s] Level 1:colcon.colcon_core.environment:create_file_with_runtime_dependencies(/home/LifeBot/robot_ws/install/articubot_one/share/colcon-core/packages/articubot_one)
[2.514s] DEBUG:colcon.colcon_core.event_handler.log_command:Invoked command in '/home/LifeBot/robot_ws/build/serial' returned '0': /usr/bin/cmake --build /home/LifeBot/robot_ws/build/serial -- -j4 -l4
[2.536s] DEBUG:colcon.colcon_core.event_handler.log_command:Invoking command in '/home/LifeBot/robot_ws/build/diffdrive_arduino': /usr/bin/cmake --install /home/LifeBot/robot_ws/build/diffdrive_arduino
[2.800s] Level 1:colcon.colcon_core.environment:create_environment_scripts_only(diffdrive_arduino)
[2.802s] Level 1:colcon.colcon_core.environment:checking '/home/LifeBot/robot_ws/install/diffdrive_arduino' for CMake module files
[2.807s] DEBUG:colcon.colcon_core.event_handler.log_command:Invoked command in '/home/LifeBot/robot_ws/build/diffdrive_arduino' returned '0': /usr/bin/cmake --install /home/LifeBot/robot_ws/build/diffdrive_arduino
[2.814s] Level 1:colcon.colcon_core.environment:checking '/home/LifeBot/robot_ws/install/diffdrive_arduino' for CMake config files
[2.827s] Level 1:colcon.colcon_core.shell:create_environment_hook('diffdrive_arduino', 'cmake_prefix_path')
[2.835s] INFO:colcon.colcon_core.shell:Creating environment hook '/home/LifeBot/robot_ws/install/diffdrive_arduino/share/diffdrive_arduino/hook/cmake_prefix_path.ps1'
[2.840s] INFO:colcon.colcon_core.shell:Creating environment descriptor '/home/LifeBot/robot_ws/install/diffdrive_arduino/share/diffdrive_arduino/hook/cmake_prefix_path.dsv'
[2.847s] INFO:colcon.colcon_core.shell:Creating environment hook '/home/LifeBot/robot_ws/install/diffdrive_arduino/share/diffdrive_arduino/hook/cmake_prefix_path.sh'
[2.853s] Level 1:colcon.colcon_core.environment:checking '/home/LifeBot/robot_ws/install/diffdrive_arduino/lib'
[2.855s] Level 1:colcon.colcon_core.shell:create_environment_hook('diffdrive_arduino', 'ld_library_path_lib')
[2.856s] INFO:colcon.colcon_core.shell:Creating environment hook '/home/LifeBot/robot_ws/install/diffdrive_arduino/share/diffdrive_arduino/hook/ld_library_path_lib.ps1'
[2.860s] INFO:colcon.colcon_core.shell:Creating environment descriptor '/home/LifeBot/robot_ws/install/diffdrive_arduino/share/diffdrive_arduino/hook/ld_library_path_lib.dsv'
[2.862s] INFO:colcon.colcon_core.shell:Creating environment hook '/home/LifeBot/robot_ws/install/diffdrive_arduino/share/diffdrive_arduino/hook/ld_library_path_lib.sh'
[2.866s] Level 1:colcon.colcon_core.environment:checking '/home/LifeBot/robot_ws/install/diffdrive_arduino/bin'
[2.866s] Level 1:colcon.colcon_core.environment:checking '/home/LifeBot/robot_ws/install/diffdrive_arduino/lib/pkgconfig/diffdrive_arduino.pc'
[2.868s] Level 1:colcon.colcon_core.environment:checking '/home/LifeBot/robot_ws/install/diffdrive_arduino/lib/python3.10/site-packages'
[2.869s] Level 1:colcon.colcon_core.environment:checking '/home/LifeBot/robot_ws/install/diffdrive_arduino/bin'
[2.871s] INFO:colcon.colcon_core.shell:Creating package script '/home/LifeBot/robot_ws/install/diffdrive_arduino/share/diffdrive_arduino/package.ps1'
[2.875s] INFO:colcon.colcon_core.shell:Creating package descriptor '/home/LifeBot/robot_ws/install/diffdrive_arduino/share/diffdrive_arduino/package.dsv'
[2.878s] INFO:colcon.colcon_core.shell:Creating package script '/home/LifeBot/robot_ws/install/diffdrive_arduino/share/diffdrive_arduino/package.sh'
[2.881s] INFO:colcon.colcon_core.shell:Creating package script '/home/LifeBot/robot_ws/install/diffdrive_arduino/share/diffdrive_arduino/package.bash'
[2.884s] INFO:colcon.colcon_core.shell:Creating package script '/home/LifeBot/robot_ws/install/diffdrive_arduino/share/diffdrive_arduino/package.zsh'
[2.887s] Level 1:colcon.colcon_core.environment:create_file_with_runtime_dependencies(/home/LifeBot/robot_ws/install/diffdrive_arduino/share/colcon-core/packages/diffdrive_arduino)
[2.900s] Level 1:colcon.colcon_core.environment:create_environment_scripts_only(articubot_one)
[2.901s] Level 1:colcon.colcon_core.environment:checking '/home/LifeBot/robot_ws/install/articubot_one' for CMake module files
[2.906s] Level 1:colcon.colcon_core.environment:checking '/home/LifeBot/robot_ws/install/articubot_one' for CMake config files
[2.913s] Level 1:colcon.colcon_core.shell:create_environment_hook('articubot_one', 'cmake_prefix_path')
[2.915s] INFO:colcon.colcon_core.shell:Creating environment hook '/home/LifeBot/robot_ws/install/articubot_one/share/articubot_one/hook/cmake_prefix_path.ps1'
[2.923s] INFO:colcon.colcon_core.shell:Creating environment descriptor '/home/LifeBot/robot_ws/install/articubot_one/share/articubot_one/hook/cmake_prefix_path.dsv'
[2.928s] INFO:colcon.colcon_core.shell:Creating environment hook '/home/LifeBot/robot_ws/install/articubot_one/share/articubot_one/hook/cmake_prefix_path.sh'
[2.934s] Level 1:colcon.colcon_core.environment:checking '/home/LifeBot/robot_ws/install/articubot_one/bin'
[2.936s] Level 1:colcon.colcon_core.environment:checking '/home/LifeBot/robot_ws/install/articubot_one/lib/pkgconfig/articubot_one.pc'
[2.938s] Level 1:colcon.colcon_core.environment:checking '/home/LifeBot/robot_ws/install/articubot_one/lib/python3.10/site-packages'
[2.940s] Level 1:colcon.colcon_core.environment:checking '/home/LifeBot/robot_ws/install/articubot_one/bin'
[2.943s] INFO:colcon.colcon_core.shell:Creating package script '/home/LifeBot/robot_ws/install/articubot_one/share/articubot_one/package.ps1'
[2.948s] INFO:colcon.colcon_core.shell:Creating package descriptor '/home/LifeBot/robot_ws/install/articubot_one/share/articubot_one/package.dsv'
[2.954s] INFO:colcon.colcon_core.shell:Creating package script '/home/LifeBot/robot_ws/install/articubot_one/share/articubot_one/package.sh'
[2.958s] INFO:colcon.colcon_core.shell:Creating package script '/home/LifeBot/robot_ws/install/articubot_one/share/articubot_one/package.bash'
[2.963s] INFO:colcon.colcon_core.shell:Creating package script '/home/LifeBot/robot_ws/install/articubot_one/share/articubot_one/package.zsh'
[2.967s] Level 1:colcon.colcon_core.environment:create_file_with_runtime_dependencies(/home/LifeBot/robot_ws/install/articubot_one/share/colcon-core/packages/articubot_one)
[2.994s] DEBUG:colcon.colcon_core.event_handler.log_command:Invoking command in '/home/LifeBot/robot_ws/build/serial': /usr/bin/cmake --install /home/LifeBot/robot_ws/build/serial
[3.090s] Level 1:colcon.colcon_core.environment:create_environment_scripts_only(diffdrive_arduino)
[3.093s] Level 1:colcon.colcon_core.environment:checking '/home/LifeBot/robot_ws/install/diffdrive_arduino' for CMake module files
[3.118s] Level 1:colcon.colcon_core.environment:checking '/home/LifeBot/robot_ws/install/diffdrive_arduino' for CMake config files
[3.129s] Level 1:colcon.colcon_core.shell:create_environment_hook('diffdrive_arduino', 'cmake_prefix_path')
[3.130s] INFO:colcon.colcon_core.shell:Creating environment hook '/home/LifeBot/robot_ws/install/diffdrive_arduino/share/diffdrive_arduino/hook/cmake_prefix_path.ps1'
[3.133s] INFO:colcon.colcon_core.shell:Creating environment descriptor '/home/LifeBot/robot_ws/install/diffdrive_arduino/share/diffdrive_arduino/hook/cmake_prefix_path.dsv'
[3.136s] INFO:colcon.colcon_core.shell:Creating environment hook '/home/LifeBot/robot_ws/install/diffdrive_arduino/share/diffdrive_arduino/hook/cmake_prefix_path.sh'
[3.140s] Level 1:colcon.colcon_core.environment:checking '/home/LifeBot/robot_ws/install/diffdrive_arduino/lib'
[3.141s] Level 1:colcon.colcon_core.shell:create_environment_hook('diffdrive_arduino', 'ld_library_path_lib')
[3.142s] INFO:colcon.colcon_core.shell:Creating environment hook '/home/LifeBot/robot_ws/install/diffdrive_arduino/share/diffdrive_arduino/hook/ld_library_path_lib.ps1'
[3.145s] INFO:colcon.colcon_core.shell:Creating environment descriptor '/home/LifeBot/robot_ws/install/diffdrive_arduino/share/diffdrive_arduino/hook/ld_library_path_lib.dsv'
[3.148s] INFO:colcon.colcon_core.shell:Creating environment hook '/home/LifeBot/robot_ws/install/diffdrive_arduino/share/diffdrive_arduino/hook/ld_library_path_lib.sh'
[3.151s] Level 1:colcon.colcon_core.environment:checking '/home/LifeBot/robot_ws/install/diffdrive_arduino/bin'
[3.152s] Level 1:colcon.colcon_core.environment:checking '/home/LifeBot/robot_ws/install/diffdrive_arduino/lib/pkgconfig/diffdrive_arduino.pc'
[3.153s] Level 1:colcon.colcon_core.environment:checking '/home/LifeBot/robot_ws/install/diffdrive_arduino/lib/python3.10/site-packages'
[3.155s] Level 1:colcon.colcon_core.environment:checking '/home/LifeBot/robot_ws/install/diffdrive_arduino/bin'
[3.156s] INFO:colcon.colcon_core.shell:Creating package script '/home/LifeBot/robot_ws/install/diffdrive_arduino/share/diffdrive_arduino/package.ps1'
[3.160s] INFO:colcon.colcon_core.shell:Creating package descriptor '/home/LifeBot/robot_ws/install/diffdrive_arduino/share/diffdrive_arduino/package.dsv'
[3.164s] INFO:colcon.colcon_core.shell:Creating package script '/home/LifeBot/robot_ws/install/diffdrive_arduino/share/diffdrive_arduino/package.sh'
[3.168s] INFO:colcon.colcon_core.shell:Creating package script '/home/LifeBot/robot_ws/install/diffdrive_arduino/share/diffdrive_arduino/package.bash'
[3.171s] INFO:colcon.colcon_core.shell:Creating package script '/home/LifeBot/robot_ws/install/diffdrive_arduino/share/diffdrive_arduino/package.zsh'
[3.174s] Level 1:colcon.colcon_core.environment:create_file_with_runtime_dependencies(/home/LifeBot/robot_ws/install/diffdrive_arduino/share/colcon-core/packages/diffdrive_arduino)
[3.195s] Level 1:colcon.colcon_core.environment:create_environment_scripts_only(serial)
[3.198s] Level 1:colcon.colcon_core.environment:checking '/home/LifeBot/robot_ws/install/serial' for CMake module files
[3.197s] DEBUG:colcon.colcon_core.event_handler.log_command:Invoked command in '/home/LifeBot/robot_ws/build/serial' returned '0': /usr/bin/cmake --install /home/LifeBot/robot_ws/build/serial
[3.201s] Level 1:colcon.colcon_core.environment:checking '/home/LifeBot/robot_ws/install/serial' for CMake config files
[3.206s] Level 1:colcon.colcon_core.shell:create_environment_hook('serial', 'cmake_prefix_path')
[3.207s] INFO:colcon.colcon_core.shell:Creating environment hook '/home/LifeBot/robot_ws/install/serial/share/serial/hook/cmake_prefix_path.ps1'
[3.211s] INFO:colcon.colcon_core.shell:Creating environment descriptor '/home/LifeBot/robot_ws/install/serial/share/serial/hook/cmake_prefix_path.dsv'
[3.214s] INFO:colcon.colcon_core.shell:Creating environment hook '/home/LifeBot/robot_ws/install/serial/share/serial/hook/cmake_prefix_path.sh'
[3.218s] Level 1:colcon.colcon_core.environment:checking '/home/LifeBot/robot_ws/install/serial/lib'
[3.219s] Level 1:colcon.colcon_core.environment:checking '/home/LifeBot/robot_ws/install/serial/bin'
[3.220s] Level 1:colcon.colcon_core.environment:checking '/home/LifeBot/robot_ws/install/serial/lib/pkgconfig/serial.pc'
[3.222s] Level 1:colcon.colcon_core.environment:checking '/home/LifeBot/robot_ws/install/serial/lib/python3.10/site-packages'
[3.224s] Level 1:colcon.colcon_core.environment:checking '/home/LifeBot/robot_ws/install/serial/bin'
[3.226s] INFO:colcon.colcon_core.shell:Creating package script '/home/LifeBot/robot_ws/install/serial/share/serial/package.ps1'
[3.230s] INFO:colcon.colcon_core.shell:Creating package descriptor '/home/LifeBot/robot_ws/install/serial/share/serial/package.dsv'
[3.235s] INFO:colcon.colcon_core.shell:Creating package script '/home/LifeBot/robot_ws/install/serial/share/serial/package.sh'
[3.240s] INFO:colcon.colcon_core.shell:Creating package script '/home/LifeBot/robot_ws/install/serial/share/serial/package.bash'
[3.244s] INFO:colcon.colcon_core.shell:Creating package script '/home/LifeBot/robot_ws/install/serial/share/serial/package.zsh'
[3.249s] Level 1:colcon.colcon_core.environment:create_file_with_runtime_dependencies(/home/LifeBot/robot_ws/install/serial/share/colcon-core/packages/serial)
[3.461s] Level 1:colcon.colcon_core.environment:create_environment_scripts_only(serial)
[3.462s] Level 1:colcon.colcon_core.environment:checking '/home/LifeBot/robot_ws/install/serial' for CMake module files
[3.465s] Level 1:colcon.colcon_core.environment:checking '/home/LifeBot/robot_ws/install/serial' for CMake config files
[3.468s] Level 1:colcon.colcon_core.shell:create_environment_hook('serial', 'cmake_prefix_path')
[3.470s] INFO:colcon.colcon_core.shell:Creating environment hook '/home/LifeBot/robot_ws/install/serial/share/serial/hook/cmake_prefix_path.ps1'
[3.473s] INFO:colcon.colcon_core.shell:Creating environment descriptor '/home/LifeBot/robot_ws/install/serial/share/serial/hook/cmake_prefix_path.dsv'
[3.478s] INFO:colcon.colcon_core.shell:Creating environment hook '/home/LifeBot/robot_ws/install/serial/share/serial/hook/cmake_prefix_path.sh'
[3.483s] Level 1:colcon.colcon_core.environment:checking '/home/LifeBot/robot_ws/install/serial/lib'
[3.484s] Level 1:colcon.colcon_core.environment:checking '/home/LifeBot/robot_ws/install/serial/bin'
[3.485s] Level 1:colcon.colcon_core.environment:checking '/home/LifeBot/robot_ws/install/serial/lib/pkgconfig/serial.pc'
[3.486s] Level 1:colcon.colcon_core.environment:checking '/home/LifeBot/robot_ws/install/serial/lib/python3.10/site-packages'
[3.488s] Level 1:colcon.colcon_core.environment:checking '/home/LifeBot/robot_ws/install/serial/bin'
[3.490s] INFO:colcon.colcon_core.shell:Creating package script '/home/LifeBot/robot_ws/install/serial/share/serial/package.ps1'
[3.494s] INFO:colcon.colcon_core.shell:Creating package descriptor '/home/LifeBot/robot_ws/install/serial/share/serial/package.dsv'
[3.498s] INFO:colcon.colcon_core.shell:Creating package script '/home/LifeBot/robot_ws/install/serial/share/serial/package.sh'
[3.501s] INFO:colcon.colcon_core.shell:Creating package script '/home/LifeBot/robot_ws/install/serial/share/serial/package.bash'
[3.505s] INFO:colcon.colcon_core.shell:Creating package script '/home/LifeBot/robot_ws/install/serial/share/serial/package.zsh'
[3.509s] Level 1:colcon.colcon_core.environment:create_file_with_runtime_dependencies(/home/LifeBot/robot_ws/install/serial/share/colcon-core/packages/serial)
[3.923s] DEBUG:colcon.colcon_core.event_handler.log_command:Invoked command in '/home/LifeBot/robot_ws/build/rplidar_ros' returned '1': /usr/bin/cmake /home/LifeBot/robot_ws/src/rplidar_ros2 -DAMENT_CMAKE_SYMLINK_INSTALL=1 -DCMAKE_INSTALL_PREFIX=/home/LifeBot/robot_ws/install/rplidar_ros
[3.966s] Level 1:colcon.colcon_core.environment:create_environment_scripts_only(rplidar_ros)
[3.967s] Level 1:colcon.colcon_core.environment:checking '/home/LifeBot/robot_ws/install/rplidar_ros' for CMake module files
[3.969s] Level 1:colcon.colcon_core.environment:checking '/home/LifeBot/robot_ws/install/rplidar_ros' for CMake config files
[3.970s] Level 1:colcon.colcon_core.environment:checking '/home/LifeBot/robot_ws/install/rplidar_ros/bin'
[3.971s] Level 1:colcon.colcon_core.environment:checking '/home/LifeBot/robot_ws/install/rplidar_ros/lib/pkgconfig/rplidar_ros.pc'
[3.973s] Level 1:colcon.colcon_core.environment:checking '/home/LifeBot/robot_ws/install/rplidar_ros/lib/python3.10/site-packages'
[3.975s] Level 1:colcon.colcon_core.environment:checking '/home/LifeBot/robot_ws/install/rplidar_ros/bin'
[3.977s] INFO:colcon.colcon_core.shell:Creating package script '/home/LifeBot/robot_ws/install/rplidar_ros/share/rplidar_ros/package.ps1'
[3.982s] INFO:colcon.colcon_core.shell:Creating package descriptor '/home/LifeBot/robot_ws/install/rplidar_ros/share/rplidar_ros/package.dsv'
[3.984s] INFO:colcon.colcon_core.shell:Creating package script '/home/LifeBot/robot_ws/install/rplidar_ros/share/rplidar_ros/package.sh'
[3.988s] INFO:colcon.colcon_core.shell:Creating package script '/home/LifeBot/robot_ws/install/rplidar_ros/share/rplidar_ros/package.bash'
[3.991s] INFO:colcon.colcon_core.shell:Creating package script '/home/LifeBot/robot_ws/install/rplidar_ros/share/rplidar_ros/package.zsh'
[3.994s] Level 1:colcon.colcon_core.environment:create_file_with_runtime_dependencies(/home/LifeBot/robot_ws/install/rplidar_ros/share/colcon-core/packages/rplidar_ros)
[4.008s] DEBUG:colcon.colcon_parallel_executor.executor.parallel:closing loop
[4.009s] DEBUG:colcon.colcon_parallel_executor.executor.parallel:loop closed
[4.010s] DEBUG:colcon.colcon_parallel_executor.executor.parallel:run_until_complete finished with '1'
[4.010s] DEBUG:colcon.colcon_core.event_reactor:joining thread
[4.044s] INFO:colcon.colcon_core.plugin_system:Skipping extension 'colcon_notification.desktop_notification.notify_send': Could not find 'notify-send'
[4.046s] INFO:colcon.colcon_core.plugin_system:Skipping extension 'colcon_notification.desktop_notification.terminal_notifier': Not used on non-Darwin systems
[4.047s] INFO:colcon.colcon_core.plugin_system:Skipping extension 'colcon_notification.desktop_notification.win32': Not used on non-Windows systems
[4.048s] INFO:colcon.colcon_notification.desktop_notification:Sending desktop notification using 'notify2'
[4.053s] DEBUG:colcon.colcon_notification.desktop_notification.notify2:Failed to initialize notify2: org.freedesktop.DBus.Error.ServiceUnknown: The name org.freedesktop.Notifications was not provided by any .service files
[4.054s] DEBUG:colcon.colcon_core.event_reactor:joined thread
[4.056s] INFO:colcon.colcon_core.shell:Creating prefix script '/home/LifeBot/robot_ws/install/local_setup.ps1'
[4.063s] INFO:colcon.colcon_core.shell:Creating prefix util module '/home/LifeBot/robot_ws/install/_local_setup_util_ps1.py'
[4.072s] INFO:colcon.colcon_core.shell:Creating prefix chain script '/home/LifeBot/robot_ws/install/setup.ps1'
[4.077s] INFO:colcon.colcon_core.shell:Creating prefix script '/home/LifeBot/robot_ws/install/local_setup.sh'
[4.082s] INFO:colcon.colcon_core.shell:Creating prefix util module '/home/LifeBot/robot_ws/install/_local_setup_util_sh.py'
[4.086s] INFO:colcon.colcon_core.shell:Creating prefix chain script '/home/LifeBot/robot_ws/install/setup.sh'
[4.091s] INFO:colcon.colcon_core.shell:Creating prefix script '/home/LifeBot/robot_ws/install/local_setup.bash'
[4.096s] INFO:colcon.colcon_core.shell:Creating prefix chain script '/home/LifeBot/robot_ws/install/setup.bash'
[4.101s] INFO:colcon.colcon_core.shell:Creating prefix script '/home/LifeBot/robot_ws/install/local_setup.zsh'
[4.106s] INFO:colcon.colcon_core.shell:Creating prefix chain script '/home/LifeBot/robot_ws/install/setup.zsh'
