[0.075s] Invoking command in '/home/LifeBot/robot_ws/build/articubot_one': CMAKE_PREFIX_PATH=/opt/ros/humble /usr/bin/cmake /home/LifeBot/robot_ws/src/articubot_one -DAMENT_CMAKE_SYMLINK_INSTALL=1 -DCMAKE_INSTALL_PREFIX=/home/LifeBot/robot_ws/install/articubot_one
[0.151s] -- Found ament_cmake: 1.3.8 (/opt/ros/humble/share/ament_cmake/cmake)
[1.168s] -- Found Python3: /usr/bin/python3 (found version "3.10.12") found components: Interpreter 
[1.576s] -- Override CMake install command with custom implementation using symlinks instead of copying resources
[1.887s] -- Found ament_lint_auto: 0.12.10 (/opt/ros/humble/share/ament_lint_auto/cmake)
[2.533s] -- Added test 'copyright' to check source files copyright and LICENSE
[2.633s] -- Added test 'flake8' to check Python code syntax and style conventions
[2.647s] -- Added test 'lint_cmake' to check CMake code style
[2.655s] -- Added test 'pep257' to check Python code against some of the docstring style conventions in PEP 257
[2.708s] -- Added test 'xmllint' to check XML markup files
[2.719s] -- Configuring done
[2.743s] -- Generating done
[2.749s] -- Build files have been written to: /home/LifeBot/robot_ws/build/articubot_one
[2.771s] Invoked command in '/home/LifeBot/robot_ws/build/articubot_one' returned '0': CMAKE_PREFIX_PATH=/opt/ros/humble /usr/bin/cmake /home/LifeBot/robot_ws/src/articubot_one -DAMENT_CMAKE_SYMLINK_INSTALL=1 -DCMAKE_INSTALL_PREFIX=/home/LifeBot/robot_ws/install/articubot_one
[2.774s] Invoking command in '/home/LifeBot/robot_ws/build/articubot_one': CMAKE_PREFIX_PATH=/opt/ros/humble /usr/bin/cmake --build /home/LifeBot/robot_ws/build/articubot_one -- -j4 -l4
[2.960s] Invoked command in '/home/LifeBot/robot_ws/build/articubot_one' returned '0': CMAKE_PREFIX_PATH=/opt/ros/humble /usr/bin/cmake --build /home/LifeBot/robot_ws/build/articubot_one -- -j4 -l4
[3.148s] Invoking command in '/home/LifeBot/robot_ws/build/articubot_one': CMAKE_PREFIX_PATH=/opt/ros/humble /usr/bin/cmake --install /home/LifeBot/robot_ws/build/articubot_one
[3.183s] -- Install configuration: ""
[3.188s] -- Execute custom install script
[3.201s] -- Symlinking: /home/LifeBot/robot_ws/install/articubot_one/share/articubot_one/config/ball_tracker_params_robot.yaml
[3.243s] -- Symlinking: /home/LifeBot/robot_ws/install/articubot_one/share/articubot_one/config/ball_tracker_params_sim.yaml
[3.280s] -- Symlinking: /home/LifeBot/robot_ws/install/articubot_one/share/articubot_one/config/drive_bot.rviz
[3.323s] -- Symlinking: /home/LifeBot/robot_ws/install/articubot_one/share/articubot_one/config/empty.yaml
[3.360s] -- Symlinking: /home/LifeBot/robot_ws/install/articubot_one/share/articubot_one/config/gaz_ros2_ctl_use_sim.yaml
[3.414s] -- Symlinking: /home/LifeBot/robot_ws/install/articubot_one/share/articubot_one/config/gazebo_params.yaml
[3.482s] -- Symlinking: /home/LifeBot/robot_ws/install/articubot_one/share/articubot_one/config/joystick.yaml
[3.559s] -- Symlinking: /home/LifeBot/robot_ws/install/articubot_one/share/articubot_one/config/main.rviz
[3.597s] -- Symlinking: /home/LifeBot/robot_ws/install/articubot_one/share/articubot_one/config/map.rviz
[3.635s] -- Symlinking: /home/LifeBot/robot_ws/install/articubot_one/share/articubot_one/config/mapper_params_online_async.yaml
[3.679s] -- Symlinking: /home/LifeBot/robot_ws/install/articubot_one/share/articubot_one/config/my_controllers.yaml
[3.749s] -- Symlinking: /home/LifeBot/robot_ws/install/articubot_one/share/articubot_one/config/nav2_params.yaml
[3.800s] -- Symlinking: /home/LifeBot/robot_ws/install/articubot_one/share/articubot_one/config/twist_mux.yaml
[3.847s] -- Symlinking: /home/LifeBot/robot_ws/install/articubot_one/share/articubot_one/config/view_bot.rviz
[3.900s] -- Symlinking: /home/LifeBot/robot_ws/install/articubot_one/share/articubot_one/description/camera.xacro
[3.956s] -- Symlinking: /home/LifeBot/robot_ws/install/articubot_one/share/articubot_one/description/depth_camera.xacro
[4.040s] -- Symlinking: /home/LifeBot/robot_ws/install/articubot_one/share/articubot_one/description/face.xacro
[4.135s] -- Symlinking: /home/LifeBot/robot_ws/install/articubot_one/share/articubot_one/description/gazebo_control.xacro
[4.241s] -- Symlinking: /home/LifeBot/robot_ws/install/articubot_one/share/articubot_one/description/inertial_macros.xacro
[4.322s] -- Symlinking: /home/LifeBot/robot_ws/install/articubot_one/share/articubot_one/description/lidar.xacro
[4.399s] -- Symlinking: /home/LifeBot/robot_ws/install/articubot_one/share/articubot_one/description/robot.urdf.xacro
[4.479s] -- Symlinking: /home/LifeBot/robot_ws/install/articubot_one/share/articubot_one/description/robot_core.xacro
[4.571s] -- Symlinking: /home/LifeBot/robot_ws/install/articubot_one/share/articubot_one/description/ros2_control.xacro
[4.663s] -- Symlinking: /home/LifeBot/robot_ws/install/articubot_one/share/articubot_one/launch/ball_tracker.launch.py
[4.787s] -- Symlinking: /home/LifeBot/robot_ws/install/articubot_one/share/articubot_one/launch/camera.launch.py
[4.893s] -- Symlinking: /home/LifeBot/robot_ws/install/articubot_one/share/articubot_one/launch/joystick.launch.py
[5.003s] -- Symlinking: /home/LifeBot/robot_ws/install/articubot_one/share/articubot_one/launch/launch_robot.launch.py
[5.109s] -- Symlinking: /home/LifeBot/robot_ws/install/articubot_one/share/articubot_one/launch/launch_sim.launch.py
[5.244s] -- Symlinking: /home/LifeBot/robot_ws/install/articubot_one/share/articubot_one/launch/localization_launch.py
[5.377s] -- Symlinking: /home/LifeBot/robot_ws/install/articubot_one/share/articubot_one/launch/navigation_launch.py
[5.505s] -- Symlinking: /home/LifeBot/robot_ws/install/articubot_one/share/articubot_one/launch/online_async_launch.py
[5.592s] -- Symlinking: /home/LifeBot/robot_ws/install/articubot_one/share/articubot_one/launch/rplidar.launch.py
[5.658s] -- Symlinking: /home/LifeBot/robot_ws/install/articubot_one/share/articubot_one/launch/rsp.launch.py
[5.778s] -- Symlinking: /home/LifeBot/robot_ws/install/articubot_one/share/articubot_one/worlds/empty.world
[5.869s] -- Symlinking: /home/LifeBot/robot_ws/install/articubot_one/share/articubot_one/worlds/obstacles.world
[6.022s] -- Symlinking: /home/LifeBot/robot_ws/install/articubot_one/share/ament_index/resource_index/package_run_dependencies/articubot_one
[6.106s] -- Symlinking: /home/LifeBot/robot_ws/install/articubot_one/share/ament_index/resource_index/parent_prefix_path/articubot_one
[6.238s] -- Symlinking: /home/LifeBot/robot_ws/install/articubot_one/share/articubot_one/environment/ament_prefix_path.sh
[6.319s] -- Symlinking: /home/LifeBot/robot_ws/install/articubot_one/share/articubot_one/environment/ament_prefix_path.dsv
[6.442s] -- Symlinking: /home/LifeBot/robot_ws/install/articubot_one/share/articubot_one/environment/path.sh
[6.626s] -- Symlinking: /home/LifeBot/robot_ws/install/articubot_one/share/articubot_one/environment/path.dsv
[6.738s] -- Symlinking: /home/LifeBot/robot_ws/install/articubot_one/share/articubot_one/local_setup.bash
[6.831s] -- Symlinking: /home/LifeBot/robot_ws/install/articubot_one/share/articubot_one/local_setup.sh
[6.977s] -- Symlinking: /home/LifeBot/robot_ws/install/articubot_one/share/articubot_one/local_setup.zsh
[7.079s] -- Symlinking: /home/LifeBot/robot_ws/install/articubot_one/share/articubot_one/local_setup.dsv
[7.249s] -- Symlinking: /home/LifeBot/robot_ws/install/articubot_one/share/articubot_one/package.dsv
[7.367s] -- Symlinking: /home/LifeBot/robot_ws/install/articubot_one/share/ament_index/resource_index/packages/articubot_one
[7.472s] -- Symlinking: /home/LifeBot/robot_ws/install/articubot_one/share/articubot_one/cmake/articubot_oneConfig.cmake
[7.564s] -- Symlinking: /home/LifeBot/robot_ws/install/articubot_one/share/articubot_one/cmake/articubot_oneConfig-version.cmake
[7.681s] -- Symlinking: /home/LifeBot/robot_ws/install/articubot_one/share/articubot_one/package.xml
[7.750s] Invoked command in '/home/LifeBot/robot_ws/build/articubot_one' returned '0': CMAKE_PREFIX_PATH=/opt/ros/humble /usr/bin/cmake --install /home/LifeBot/robot_ws/build/articubot_one
