[0.075s] Invoking command in '/home/LifeBot/robot_ws/build/serial': CMAKE_PREFIX_PATH=${CMAKE_PREFIX_PATH}:/opt/ros/humble /usr/bin/cmake --build /home/LifeBot/robot_ws/build/serial -- -j4 -l4
[0.248s] [35m[1mConsolidate compiler generated dependencies of target gtest[0m
[0.248s] [35m[1mConsolidate compiler generated dependencies of target serial[0m
[0.250s] [35m[1mConsolidate compiler generated dependencies of target gtest_main[0m
[0.369s] [ 14%] Built target gtest_main
[0.405s] [ 28%] Built target gtest
[0.444s] [ 57%] Built target serial
[0.515s] [35m[1mConsolidate compiler generated dependencies of target serial_example[0m
[0.561s] [35m[1mConsolidate compiler generated dependencies of target serial-test[0m
[0.579s] [35m[1mConsolidate compiler generated dependencies of target serial-test-timer[0m
[0.636s] [ 71%] Built target serial_example
[0.657s] [ 85%] Built target serial-test-timer
[0.664s] [100%] Built target serial-test
[0.744s] Invoked command in '/home/LifeBot/robot_ws/build/serial' returned '0': CMAKE_PREFIX_PATH=${CMAKE_PREFIX_PATH}:/opt/ros/humble /usr/bin/cmake --build /home/LifeBot/robot_ws/build/serial -- -j4 -l4
[0.986s] Invoking command in '/home/LifeBot/robot_ws/build/serial': CMAKE_PREFIX_PATH=${CMAKE_PREFIX_PATH}:/opt/ros/humble /usr/bin/cmake --install /home/LifeBot/robot_ws/build/serial
[1.013s] -- Install configuration: ""
[1.015s] -- Execute custom install script
[1.016s] -- Up-to-date symlink: /home/LifeBot/robot_ws/install/serial/lib/libserial.a
[1.017s] -- Up-to-date symlink: /home/LifeBot/robot_ws/install/serial/include/serial/serial.h
[1.017s] -- Up-to-date symlink: /home/LifeBot/robot_ws/install/serial/include/serial/v8stdint.h
[1.019s] -- Up-to-date symlink: /home/LifeBot/robot_ws/install/serial/share/serial/environment/library_path.sh
[1.020s] -- Up-to-date symlink: /home/LifeBot/robot_ws/install/serial/share/serial/environment/library_path.dsv
[1.021s] -- Up-to-date symlink: /home/LifeBot/robot_ws/install/serial/share/ament_index/resource_index/package_run_dependencies/serial
[1.022s] -- Up-to-date symlink: /home/LifeBot/robot_ws/install/serial/share/ament_index/resource_index/parent_prefix_path/serial
[1.024s] -- Up-to-date symlink: /home/LifeBot/robot_ws/install/serial/share/serial/environment/ament_prefix_path.sh
[1.025s] -- Up-to-date symlink: /home/LifeBot/robot_ws/install/serial/share/serial/environment/ament_prefix_path.dsv
[1.025s] -- Up-to-date symlink: /home/LifeBot/robot_ws/install/serial/share/serial/environment/path.sh
[1.026s] -- Up-to-date symlink: /home/LifeBot/robot_ws/install/serial/share/serial/environment/path.dsv
[1.028s] -- Up-to-date symlink: /home/LifeBot/robot_ws/install/serial/share/serial/local_setup.bash
[1.028s] -- Up-to-date symlink: /home/LifeBot/robot_ws/install/serial/share/serial/local_setup.sh
[1.029s] -- Up-to-date symlink: /home/LifeBot/robot_ws/install/serial/share/serial/local_setup.zsh
[1.030s] -- Up-to-date symlink: /home/LifeBot/robot_ws/install/serial/share/serial/local_setup.dsv
[1.031s] -- Symlinking: /home/LifeBot/robot_ws/install/serial/share/serial/package.dsv
[1.071s] -- Up-to-date symlink: /home/LifeBot/robot_ws/install/serial/share/ament_index/resource_index/packages/serial
[1.072s] -- Up-to-date symlink: /home/LifeBot/robot_ws/install/serial/share/serial/cmake/ament_cmake_export_include_directories-extras.cmake
[1.077s] -- Up-to-date symlink: /home/LifeBot/robot_ws/install/serial/share/serial/cmake/ament_cmake_export_libraries-extras.cmake
[1.078s] -- Up-to-date symlink: /home/LifeBot/robot_ws/install/serial/share/serial/cmake/serialConfig.cmake
[1.083s] -- Up-to-date symlink: /home/LifeBot/robot_ws/install/serial/share/serial/cmake/serialConfig-version.cmake
[1.092s] -- Up-to-date symlink: /home/LifeBot/robot_ws/install/serial/share/serial/package.xml
[1.093s] Invoked command in '/home/LifeBot/robot_ws/build/serial' returned '0': CMAKE_PREFIX_PATH=${CMAKE_PREFIX_PATH}:/opt/ros/humble /usr/bin/cmake --install /home/LifeBot/robot_ws/build/serial
