[0.000000] (-) TimerEvent: {}
[0.001848] (articubot_one) JobQueued: {'identifier': 'articubot_one', 'dependencies': OrderedDict()}
[0.002502] (serial) JobQueued: {'identifier': 'serial', 'dependencies': OrderedDict()}
[0.003126] (diffdrive_arduino) JobQueued: {'identifier': 'diffdrive_arduino', 'dependencies': OrderedDict([('serial', '/home/LifeBot/robot_ws/install/serial')])}
[0.003369] (serial) JobStarted: {'identifier': 'serial'}
[0.033414] (articubot_one) JobStarted: {'identifier': 'articubot_one'}
[0.061340] (serial) JobProgress: {'identifier': 'serial', 'progress': 'cmake'}
[0.064462] (serial) JobProgress: {'identifier': 'serial', 'progress': 'build'}
[0.067239] (serial) Command: {'cmd': ['/usr/bin/cmake', '--build', '/home/LifeBot/robot_ws/build/serial', '--', '-j4', '-l4'], 'cwd': '/home/LifeBot/robot_ws/build/serial', 'env': OrderedDict([('LESSOPEN', '| /usr/bin/lesspipe %s'), ('USER', 'LifeBot'), ('SSH_CLIENT', '192.168.2.151 55650 22'), ('XDG_SESSION_TYPE', 'tty'), ('GIT_ASKPASS', '/home/LifeBot/.vscode-server/cli/servers/Stable-863d2581ecda6849923a2118d93a088b0745d9d6/server/extensions/git/dist/askpass.sh'), ('SHLVL', '2'), ('LD_LIBRARY_PATH', '/home/LifeBot/robot_ws/install/diffdrive_arduino/lib:/home/LifeBot/robot_ws/install/serial/lib:/opt/ros/humble/opt/rviz_ogre_vendor/lib:/opt/ros/humble/lib/aarch64-linux-gnu:/opt/ros/humble/lib'), ('BROWSER', '/home/LifeBot/.vscode-server/cli/servers/Stable-863d2581ecda6849923a2118d93a088b0745d9d6/server/bin/helpers/browser.sh'), ('MOTD_SHOWN', 'pam'), ('HOME', '/home/LifeBot'), ('OLDPWD', '/home/LifeBot'), ('TERM_PROGRAM_VERSION', '1.87.2'), ('VSCODE_IPC_HOOK_CLI', '/run/user/1000/vscode-ipc-2581b661-7ab8-4f23-88d6-31578fecfd77.sock'), ('ROS_PYTHON_VERSION', '3'), ('VSCODE_GIT_ASKPASS_MAIN', '/home/LifeBot/.vscode-server/cli/servers/Stable-863d2581ecda6849923a2118d93a088b0745d9d6/server/extensions/git/dist/askpass-main.js'), ('VSCODE_GIT_ASKPASS_NODE', '/home/LifeBot/.vscode-server/cli/servers/Stable-863d2581ecda6849923a2118d93a088b0745d9d6/server/node'), ('SSL_CERT_FILE', '/usr/lib/ssl/certs/ca-certificates.crt'), ('DBUS_SESSION_BUS_ADDRESS', 'unix:path=/run/user/1000/bus'), ('COLORTERM', 'truecolor'), ('COLCON_PREFIX_PATH', '/home/LifeBot/robot_ws/install'), ('ROS_DISTRO', 'humble'), ('LOGNAME', 'LifeBot'), ('_', '/usr/bin/colcon'), ('ROS_VERSION', '2'), ('XDG_SESSION_CLASS', 'user'), ('TERM', 'xterm-256color'), ('XDG_SESSION_ID', '1'), ('ROS_LOCALHOST_ONLY', '0'), ('PATH', '/opt/ros/humble/bin:/home/LifeBot/.vscode-server/cli/servers/Stable-863d2581ecda6849923a2118d93a088b0745d9d6/server/bin/remote-cli:/usr/local/sbin:/usr/local/bin:/usr/sbin:/usr/bin:/sbin:/bin:/usr/games:/usr/local/games:/snap/bin'), ('XDG_RUNTIME_DIR', '/run/user/1000'), ('SSL_CERT_DIR', '/usr/lib/ssl/certs'), ('LANG', 'en_US.UTF-8'), ('LS_COLORS', ''), ('VSCODE_GIT_IPC_HANDLE', '/run/user/1000/vscode-git-405d37a03d.sock'), ('TERM_PROGRAM', 'vscode'), ('ROS_DOMAIN_ID', '10'), ('AMENT_PREFIX_PATH', '/home/LifeBot/robot_ws/install/diffdrive_arduino:/home/LifeBot/robot_ws/install/serial:/home/LifeBot/robot_ws/install/articubot_one:/opt/ros/humble'), ('SHELL', '/bin/bash'), ('LESSCLOSE', '/usr/bin/lesspipe %s %s'), ('VSCODE_GIT_ASKPASS_EXTRA_ARGS', ''), ('PWD', '/home/LifeBot/robot_ws/build/serial'), ('LC_ALL', 'en_US.UTF-8'), ('SSH_CONNECTION', '192.168.2.151 55650 192.168.2.154 22'), ('XDG_DATA_DIRS', '/usr/local/share:/usr/share:/var/lib/snapd/desktop'), ('PYTHONPATH', '/opt/ros/humble/lib/python3.10/site-packages:/opt/ros/humble/local/lib/python3.10/dist-packages'), ('COLCON', '1'), ('CMAKE_PREFIX_PATH', '/home/LifeBot/robot_ws/install/diffdrive_arduino:/home/LifeBot/robot_ws/install/serial:/home/LifeBot/robot_ws/install/articubot_one:/opt/ros/humble')]), 'shell': False}
[0.087535] (articubot_one) JobProgress: {'identifier': 'articubot_one', 'progress': 'cmake'}
[0.090637] (articubot_one) JobProgress: {'identifier': 'articubot_one', 'progress': 'build'}
[0.094761] (articubot_one) Command: {'cmd': ['/usr/bin/cmake', '--build', '/home/LifeBot/robot_ws/build/articubot_one', '--', '-j4', '-l4'], 'cwd': '/home/LifeBot/robot_ws/build/articubot_one', 'env': OrderedDict([('LESSOPEN', '| /usr/bin/lesspipe %s'), ('USER', 'LifeBot'), ('SSH_CLIENT', '192.168.2.151 55650 22'), ('XDG_SESSION_TYPE', 'tty'), ('GIT_ASKPASS', '/home/LifeBot/.vscode-server/cli/servers/Stable-863d2581ecda6849923a2118d93a088b0745d9d6/server/extensions/git/dist/askpass.sh'), ('SHLVL', '2'), ('LD_LIBRARY_PATH', '/home/LifeBot/robot_ws/install/diffdrive_arduino/lib:/home/LifeBot/robot_ws/install/serial/lib:/opt/ros/humble/opt/rviz_ogre_vendor/lib:/opt/ros/humble/lib/aarch64-linux-gnu:/opt/ros/humble/lib'), ('BROWSER', '/home/LifeBot/.vscode-server/cli/servers/Stable-863d2581ecda6849923a2118d93a088b0745d9d6/server/bin/helpers/browser.sh'), ('MOTD_SHOWN', 'pam'), ('HOME', '/home/LifeBot'), ('OLDPWD', '/home/LifeBot'), ('TERM_PROGRAM_VERSION', '1.87.2'), ('VSCODE_IPC_HOOK_CLI', '/run/user/1000/vscode-ipc-2581b661-7ab8-4f23-88d6-31578fecfd77.sock'), ('ROS_PYTHON_VERSION', '3'), ('VSCODE_GIT_ASKPASS_MAIN', '/home/LifeBot/.vscode-server/cli/servers/Stable-863d2581ecda6849923a2118d93a088b0745d9d6/server/extensions/git/dist/askpass-main.js'), ('VSCODE_GIT_ASKPASS_NODE', '/home/LifeBot/.vscode-server/cli/servers/Stable-863d2581ecda6849923a2118d93a088b0745d9d6/server/node'), ('SSL_CERT_FILE', '/usr/lib/ssl/certs/ca-certificates.crt'), ('DBUS_SESSION_BUS_ADDRESS', 'unix:path=/run/user/1000/bus'), ('COLORTERM', 'truecolor'), ('COLCON_PREFIX_PATH', '/home/LifeBot/robot_ws/install'), ('ROS_DISTRO', 'humble'), ('LOGNAME', 'LifeBot'), ('_', '/usr/bin/colcon'), ('ROS_VERSION', '2'), ('XDG_SESSION_CLASS', 'user'), ('TERM', 'xterm-256color'), ('XDG_SESSION_ID', '1'), ('ROS_LOCALHOST_ONLY', '0'), ('PATH', '/opt/ros/humble/bin:/home/LifeBot/.vscode-server/cli/servers/Stable-863d2581ecda6849923a2118d93a088b0745d9d6/server/bin/remote-cli:/usr/local/sbin:/usr/local/bin:/usr/sbin:/usr/bin:/sbin:/bin:/usr/games:/usr/local/games:/snap/bin'), ('XDG_RUNTIME_DIR', '/run/user/1000'), ('SSL_CERT_DIR', '/usr/lib/ssl/certs'), ('LANG', 'en_US.UTF-8'), ('LS_COLORS', ''), ('VSCODE_GIT_IPC_HANDLE', '/run/user/1000/vscode-git-405d37a03d.sock'), ('TERM_PROGRAM', 'vscode'), ('ROS_DOMAIN_ID', '10'), ('AMENT_PREFIX_PATH', '/home/LifeBot/robot_ws/install/diffdrive_arduino:/home/LifeBot/robot_ws/install/serial:/home/LifeBot/robot_ws/install/articubot_one:/opt/ros/humble'), ('SHELL', '/bin/bash'), ('LESSCLOSE', '/usr/bin/lesspipe %s %s'), ('VSCODE_GIT_ASKPASS_EXTRA_ARGS', ''), ('PWD', '/home/LifeBot/robot_ws/build/articubot_one'), ('LC_ALL', 'en_US.UTF-8'), ('SSH_CONNECTION', '192.168.2.151 55650 192.168.2.154 22'), ('XDG_DATA_DIRS', '/usr/local/share:/usr/share:/var/lib/snapd/desktop'), ('PYTHONPATH', '/opt/ros/humble/lib/python3.10/site-packages:/opt/ros/humble/local/lib/python3.10/dist-packages'), ('COLCON', '1'), ('CMAKE_PREFIX_PATH', '/home/LifeBot/robot_ws/install/diffdrive_arduino:/home/LifeBot/robot_ws/install/serial:/home/LifeBot/robot_ws/install/articubot_one:/opt/ros/humble')]), 'shell': False}
[0.101030] (-) TimerEvent: {}
[0.201889] (-) TimerEvent: {}
[0.267421] (articubot_one) CommandEnded: {'returncode': 0}
[0.302100] (-) TimerEvent: {}
[0.332525] (serial) StdoutLine: {'line': b'[ 14%] Built target gtest_main\n'}
[0.357000] (serial) StdoutLine: {'line': b'[ 28%] Built target gtest\n'}
[0.380569] (serial) StdoutLine: {'line': b'[ 57%] Built target serial\n'}
[0.396033] (articubot_one) JobProgress: {'identifier': 'articubot_one', 'progress': 'install'}
[0.402330] (-) TimerEvent: {}
[0.437556] (articubot_one) Command: {'cmd': ['/usr/bin/cmake', '--install', '/home/LifeBot/robot_ws/build/articubot_one'], 'cwd': '/home/LifeBot/robot_ws/build/articubot_one', 'env': OrderedDict([('LESSOPEN', '| /usr/bin/lesspipe %s'), ('USER', 'LifeBot'), ('SSH_CLIENT', '192.168.2.151 55650 22'), ('XDG_SESSION_TYPE', 'tty'), ('GIT_ASKPASS', '/home/LifeBot/.vscode-server/cli/servers/Stable-863d2581ecda6849923a2118d93a088b0745d9d6/server/extensions/git/dist/askpass.sh'), ('SHLVL', '2'), ('LD_LIBRARY_PATH', '/home/LifeBot/robot_ws/install/diffdrive_arduino/lib:/home/LifeBot/robot_ws/install/serial/lib:/opt/ros/humble/opt/rviz_ogre_vendor/lib:/opt/ros/humble/lib/aarch64-linux-gnu:/opt/ros/humble/lib'), ('BROWSER', '/home/LifeBot/.vscode-server/cli/servers/Stable-863d2581ecda6849923a2118d93a088b0745d9d6/server/bin/helpers/browser.sh'), ('MOTD_SHOWN', 'pam'), ('HOME', '/home/LifeBot'), ('OLDPWD', '/home/LifeBot'), ('TERM_PROGRAM_VERSION', '1.87.2'), ('VSCODE_IPC_HOOK_CLI', '/run/user/1000/vscode-ipc-2581b661-7ab8-4f23-88d6-31578fecfd77.sock'), ('ROS_PYTHON_VERSION', '3'), ('VSCODE_GIT_ASKPASS_MAIN', '/home/LifeBot/.vscode-server/cli/servers/Stable-863d2581ecda6849923a2118d93a088b0745d9d6/server/extensions/git/dist/askpass-main.js'), ('VSCODE_GIT_ASKPASS_NODE', '/home/LifeBot/.vscode-server/cli/servers/Stable-863d2581ecda6849923a2118d93a088b0745d9d6/server/node'), ('SSL_CERT_FILE', '/usr/lib/ssl/certs/ca-certificates.crt'), ('DBUS_SESSION_BUS_ADDRESS', 'unix:path=/run/user/1000/bus'), ('COLORTERM', 'truecolor'), ('COLCON_PREFIX_PATH', '/home/LifeBot/robot_ws/install'), ('ROS_DISTRO', 'humble'), ('LOGNAME', 'LifeBot'), ('_', '/usr/bin/colcon'), ('ROS_VERSION', '2'), ('XDG_SESSION_CLASS', 'user'), ('TERM', 'xterm-256color'), ('XDG_SESSION_ID', '1'), ('ROS_LOCALHOST_ONLY', '0'), ('PATH', '/opt/ros/humble/bin:/home/LifeBot/.vscode-server/cli/servers/Stable-863d2581ecda6849923a2118d93a088b0745d9d6/server/bin/remote-cli:/usr/local/sbin:/usr/local/bin:/usr/sbin:/usr/bin:/sbin:/bin:/usr/games:/usr/local/games:/snap/bin'), ('XDG_RUNTIME_DIR', '/run/user/1000'), ('SSL_CERT_DIR', '/usr/lib/ssl/certs'), ('LANG', 'en_US.UTF-8'), ('LS_COLORS', ''), ('VSCODE_GIT_IPC_HANDLE', '/run/user/1000/vscode-git-405d37a03d.sock'), ('TERM_PROGRAM', 'vscode'), ('ROS_DOMAIN_ID', '10'), ('AMENT_PREFIX_PATH', '/home/LifeBot/robot_ws/install/diffdrive_arduino:/home/LifeBot/robot_ws/install/serial:/home/LifeBot/robot_ws/install/articubot_one:/opt/ros/humble'), ('SHELL', '/bin/bash'), ('LESSCLOSE', '/usr/bin/lesspipe %s %s'), ('VSCODE_GIT_ASKPASS_EXTRA_ARGS', ''), ('PWD', '/home/LifeBot/robot_ws/build/articubot_one'), ('LC_ALL', 'en_US.UTF-8'), ('SSH_CONNECTION', '192.168.2.151 55650 192.168.2.154 22'), ('XDG_DATA_DIRS', '/usr/local/share:/usr/share:/var/lib/snapd/desktop'), ('PYTHONPATH', '/opt/ros/humble/lib/python3.10/site-packages:/opt/ros/humble/local/lib/python3.10/dist-packages'), ('COLCON', '1'), ('CMAKE_PREFIX_PATH', '/home/LifeBot/robot_ws/install/diffdrive_arduino:/home/LifeBot/robot_ws/install/serial:/home/LifeBot/robot_ws/install/articubot_one:/opt/ros/humble')]), 'shell': False}
[0.482153] (articubot_one) StdoutLine: {'line': b'-- Install configuration: ""\n'}
[0.484505] (articubot_one) StdoutLine: {'line': b'-- Execute custom install script\n'}
[0.488934] (articubot_one) StdoutLine: {'line': b'-- Up-to-date symlink: /home/LifeBot/robot_ws/install/articubot_one/share/articubot_one/config/ball_tracker_params_robot.yaml\n'}
[0.492058] (articubot_one) StdoutLine: {'line': b'-- Up-to-date symlink: /home/LifeBot/robot_ws/install/articubot_one/share/articubot_one/config/ball_tracker_params_sim.yaml\n'}
[0.493549] (articubot_one) StdoutLine: {'line': b'-- Up-to-date symlink: /home/LifeBot/robot_ws/install/articubot_one/share/articubot_one/config/drive_bot.rviz\n'}
[0.493972] (articubot_one) StdoutLine: {'line': b'-- Up-to-date symlink: /home/LifeBot/robot_ws/install/articubot_one/share/articubot_one/config/empty.yaml\n'}
[0.494296] (serial) StdoutLine: {'line': b'[ 71%] Built target serial_example\n'}
[0.494641] (articubot_one) StdoutLine: {'line': b'-- Up-to-date symlink: /home/LifeBot/robot_ws/install/articubot_one/share/articubot_one/config/gaz_ros2_ctl_use_sim.yaml\n'}
[0.495999] (articubot_one) StdoutLine: {'line': b'-- Up-to-date symlink: /home/LifeBot/robot_ws/install/articubot_one/share/articubot_one/config/gazebo_params.yaml\n'}
[0.497641] (articubot_one) StdoutLine: {'line': b'-- Up-to-date symlink: /home/LifeBot/robot_ws/install/articubot_one/share/articubot_one/config/joystick.yaml\n'}
[0.499339] (articubot_one) StdoutLine: {'line': b'-- Up-to-date symlink: /home/LifeBot/robot_ws/install/articubot_one/share/articubot_one/config/main.rviz\n'}
[0.501937] (articubot_one) StdoutLine: {'line': b'-- Up-to-date symlink: /home/LifeBot/robot_ws/install/articubot_one/share/articubot_one/config/map.rviz\n'}
[0.502660] (-) TimerEvent: {}
[0.504784] (articubot_one) StdoutLine: {'line': b'-- Up-to-date symlink: /home/LifeBot/robot_ws/install/articubot_one/share/articubot_one/config/mapper_params_online_async.yaml\n'}
[0.506767] (articubot_one) StdoutLine: {'line': b'-- Up-to-date symlink: /home/LifeBot/robot_ws/install/articubot_one/share/articubot_one/config/my_controllers.yaml\n'}
[0.508954] (articubot_one) StdoutLine: {'line': b'-- Up-to-date symlink: /home/LifeBot/robot_ws/install/articubot_one/share/articubot_one/config/nav2_params.yaml\n'}
[0.511108] (articubot_one) StdoutLine: {'line': b'-- Up-to-date symlink: /home/LifeBot/robot_ws/install/articubot_one/share/articubot_one/config/twist_mux.yaml\n'}
[0.513285] (articubot_one) StdoutLine: {'line': b'-- Up-to-date symlink: /home/LifeBot/robot_ws/install/articubot_one/share/articubot_one/config/view_bot.rviz\n'}
[0.515695] (serial) StdoutLine: {'line': b'[ 85%] Built target serial-test-timer\n'}
[0.517649] (articubot_one) StdoutLine: {'line': b'-- Up-to-date symlink: /home/LifeBot/robot_ws/install/articubot_one/share/articubot_one/description/camera.xacro\n'}
[0.519885] (articubot_one) StdoutLine: {'line': b'-- Up-to-date symlink: /home/LifeBot/robot_ws/install/articubot_one/share/articubot_one/description/depth_camera.xacro\n'}
[0.521874] (articubot_one) StdoutLine: {'line': b'-- Up-to-date symlink: /home/LifeBot/robot_ws/install/articubot_one/share/articubot_one/description/face.xacro\n'}
[0.524087] (articubot_one) StdoutLine: {'line': b'-- Up-to-date symlink: /home/LifeBot/robot_ws/install/articubot_one/share/articubot_one/description/gazebo_control.xacro\n'}
[0.526098] (articubot_one) StdoutLine: {'line': b'-- Up-to-date symlink: /home/LifeBot/robot_ws/install/articubot_one/share/articubot_one/description/inertial_macros.xacro\n'}
[0.528403] (articubot_one) StdoutLine: {'line': b'-- Up-to-date symlink: /home/LifeBot/robot_ws/install/articubot_one/share/articubot_one/description/lidar.xacro\n'}
[0.530645] (articubot_one) StdoutLine: {'line': b'-- Up-to-date symlink: /home/LifeBot/robot_ws/install/articubot_one/share/articubot_one/description/robot.urdf.xacro\n'}
[0.532663] (articubot_one) StdoutLine: {'line': b'-- Up-to-date symlink: /home/LifeBot/robot_ws/install/articubot_one/share/articubot_one/description/robot_core.xacro\n'}
[0.533949] (articubot_one) StdoutLine: {'line': b'-- Up-to-date symlink: /home/LifeBot/robot_ws/install/articubot_one/share/articubot_one/description/ros2_control.xacro\n'}
[0.538367] (serial) StdoutLine: {'line': b'[100%] Built target serial-test\n'}
[0.539169] (articubot_one) StdoutLine: {'line': b'-- Up-to-date symlink: /home/LifeBot/robot_ws/install/articubot_one/share/articubot_one/launch/ball_tracker.launch.py\n'}
[0.541216] (articubot_one) StdoutLine: {'line': b'-- Up-to-date symlink: /home/LifeBot/robot_ws/install/articubot_one/share/articubot_one/launch/camera.launch.py\n'}
[0.543048] (articubot_one) StdoutLine: {'line': b'-- Up-to-date symlink: /home/LifeBot/robot_ws/install/articubot_one/share/articubot_one/launch/joystick.launch.py\n'}
[0.544516] (articubot_one) StdoutLine: {'line': b'-- Up-to-date symlink: /home/LifeBot/robot_ws/install/articubot_one/share/articubot_one/launch/launch_robot.launch.py\n'}
[0.546000] (articubot_one) StdoutLine: {'line': b'-- Up-to-date symlink: /home/LifeBot/robot_ws/install/articubot_one/share/articubot_one/launch/launch_sim.launch.py\n'}
[0.547576] (articubot_one) StdoutLine: {'line': b'-- Up-to-date symlink: /home/LifeBot/robot_ws/install/articubot_one/share/articubot_one/launch/localization_launch.py\n'}
[0.549212] (articubot_one) StdoutLine: {'line': b'-- Up-to-date symlink: /home/LifeBot/robot_ws/install/articubot_one/share/articubot_one/launch/navigation_launch.py\n'}
[0.550761] (articubot_one) StdoutLine: {'line': b'-- Up-to-date symlink: /home/LifeBot/robot_ws/install/articubot_one/share/articubot_one/launch/online_async_launch.py\n'}
[0.552240] (articubot_one) StdoutLine: {'line': b'-- Up-to-date symlink: /home/LifeBot/robot_ws/install/articubot_one/share/articubot_one/launch/rplidar.launch.py\n'}
[0.553118] (articubot_one) StdoutLine: {'line': b'-- Up-to-date symlink: /home/LifeBot/robot_ws/install/articubot_one/share/articubot_one/launch/rsp.launch.py\n'}
[0.554546] (articubot_one) StdoutLine: {'line': b'-- Up-to-date symlink: /home/LifeBot/robot_ws/install/articubot_one/share/articubot_one/worlds/empty.world\n'}
[0.555343] (articubot_one) StdoutLine: {'line': b'-- Up-to-date symlink: /home/LifeBot/robot_ws/install/articubot_one/share/articubot_one/worlds/obstacles.world\n'}
[0.556461] (articubot_one) StdoutLine: {'line': b'-- Up-to-date symlink: /home/LifeBot/robot_ws/install/articubot_one/share/ament_index/resource_index/package_run_dependencies/articubot_one\n'}
[0.557811] (articubot_one) StdoutLine: {'line': b'-- Up-to-date symlink: /home/LifeBot/robot_ws/install/articubot_one/share/ament_index/resource_index/parent_prefix_path/articubot_one\n'}
[0.558848] (articubot_one) StdoutLine: {'line': b'-- Up-to-date symlink: /home/LifeBot/robot_ws/install/articubot_one/share/articubot_one/environment/ament_prefix_path.sh\n'}
[0.559880] (articubot_one) StdoutLine: {'line': b'-- Up-to-date symlink: /home/LifeBot/robot_ws/install/articubot_one/share/articubot_one/environment/ament_prefix_path.dsv\n'}
[0.560924] (articubot_one) StdoutLine: {'line': b'-- Up-to-date symlink: /home/LifeBot/robot_ws/install/articubot_one/share/articubot_one/environment/path.sh\n'}
[0.562009] (articubot_one) StdoutLine: {'line': b'-- Up-to-date symlink: /home/LifeBot/robot_ws/install/articubot_one/share/articubot_one/environment/path.dsv\n'}
[0.562999] (articubot_one) StdoutLine: {'line': b'-- Up-to-date symlink: /home/LifeBot/robot_ws/install/articubot_one/share/articubot_one/local_setup.bash\n'}
[0.563977] (articubot_one) StdoutLine: {'line': b'-- Up-to-date symlink: /home/LifeBot/robot_ws/install/articubot_one/share/articubot_one/local_setup.sh\n'}
[0.564980] (articubot_one) StdoutLine: {'line': b'-- Up-to-date symlink: /home/LifeBot/robot_ws/install/articubot_one/share/articubot_one/local_setup.zsh\n'}
[0.566047] (articubot_one) StdoutLine: {'line': b'-- Up-to-date symlink: /home/LifeBot/robot_ws/install/articubot_one/share/articubot_one/local_setup.dsv\n'}
[0.566809] (articubot_one) StdoutLine: {'line': b'-- Symlinking: /home/LifeBot/robot_ws/install/articubot_one/share/articubot_one/package.dsv\n'}
[0.602969] (-) TimerEvent: {}
[0.609432] (articubot_one) StdoutLine: {'line': b'-- Up-to-date symlink: /home/LifeBot/robot_ws/install/articubot_one/share/ament_index/resource_index/packages/articubot_one\n'}
[0.610807] (articubot_one) StdoutLine: {'line': b'-- Up-to-date symlink: /home/LifeBot/robot_ws/install/articubot_one/share/articubot_one/cmake/articubot_oneConfig.cmake\n'}
[0.611407] (articubot_one) StdoutLine: {'line': b'-- Up-to-date symlink: /home/LifeBot/robot_ws/install/articubot_one/share/articubot_one/cmake/articubot_oneConfig-version.cmake\n'}
[0.618536] (serial) CommandEnded: {'returncode': 0}
[0.621546] (articubot_one) StdoutLine: {'line': b'-- Up-to-date symlink: /home/LifeBot/robot_ws/install/articubot_one/share/articubot_one/package.xml\n'}
[0.628457] (articubot_one) CommandEnded: {'returncode': 0}
[0.703132] (-) TimerEvent: {}
[0.804546] (-) TimerEvent: {}
[0.827188] (articubot_one) JobEnded: {'identifier': 'articubot_one', 'rc': 0}
[0.831084] (serial) JobProgress: {'identifier': 'serial', 'progress': 'install'}
[0.833860] (serial) Command: {'cmd': ['/usr/bin/cmake', '--install', '/home/LifeBot/robot_ws/build/serial'], 'cwd': '/home/LifeBot/robot_ws/build/serial', 'env': OrderedDict([('LESSOPEN', '| /usr/bin/lesspipe %s'), ('USER', 'LifeBot'), ('SSH_CLIENT', '192.168.2.151 55650 22'), ('XDG_SESSION_TYPE', 'tty'), ('GIT_ASKPASS', '/home/LifeBot/.vscode-server/cli/servers/Stable-863d2581ecda6849923a2118d93a088b0745d9d6/server/extensions/git/dist/askpass.sh'), ('SHLVL', '2'), ('LD_LIBRARY_PATH', '/home/LifeBot/robot_ws/install/diffdrive_arduino/lib:/home/LifeBot/robot_ws/install/serial/lib:/opt/ros/humble/opt/rviz_ogre_vendor/lib:/opt/ros/humble/lib/aarch64-linux-gnu:/opt/ros/humble/lib'), ('BROWSER', '/home/LifeBot/.vscode-server/cli/servers/Stable-863d2581ecda6849923a2118d93a088b0745d9d6/server/bin/helpers/browser.sh'), ('MOTD_SHOWN', 'pam'), ('HOME', '/home/LifeBot'), ('OLDPWD', '/home/LifeBot'), ('TERM_PROGRAM_VERSION', '1.87.2'), ('VSCODE_IPC_HOOK_CLI', '/run/user/1000/vscode-ipc-2581b661-7ab8-4f23-88d6-31578fecfd77.sock'), ('ROS_PYTHON_VERSION', '3'), ('VSCODE_GIT_ASKPASS_MAIN', '/home/LifeBot/.vscode-server/cli/servers/Stable-863d2581ecda6849923a2118d93a088b0745d9d6/server/extensions/git/dist/askpass-main.js'), ('VSCODE_GIT_ASKPASS_NODE', '/home/LifeBot/.vscode-server/cli/servers/Stable-863d2581ecda6849923a2118d93a088b0745d9d6/server/node'), ('SSL_CERT_FILE', '/usr/lib/ssl/certs/ca-certificates.crt'), ('DBUS_SESSION_BUS_ADDRESS', 'unix:path=/run/user/1000/bus'), ('COLORTERM', 'truecolor'), ('COLCON_PREFIX_PATH', '/home/LifeBot/robot_ws/install'), ('ROS_DISTRO', 'humble'), ('LOGNAME', 'LifeBot'), ('_', '/usr/bin/colcon'), ('ROS_VERSION', '2'), ('XDG_SESSION_CLASS', 'user'), ('TERM', 'xterm-256color'), ('XDG_SESSION_ID', '1'), ('ROS_LOCALHOST_ONLY', '0'), ('PATH', '/opt/ros/humble/bin:/home/LifeBot/.vscode-server/cli/servers/Stable-863d2581ecda6849923a2118d93a088b0745d9d6/server/bin/remote-cli:/usr/local/sbin:/usr/local/bin:/usr/sbin:/usr/bin:/sbin:/bin:/usr/games:/usr/local/games:/snap/bin'), ('XDG_RUNTIME_DIR', '/run/user/1000'), ('SSL_CERT_DIR', '/usr/lib/ssl/certs'), ('LANG', 'en_US.UTF-8'), ('LS_COLORS', ''), ('VSCODE_GIT_IPC_HANDLE', '/run/user/1000/vscode-git-405d37a03d.sock'), ('TERM_PROGRAM', 'vscode'), ('ROS_DOMAIN_ID', '10'), ('AMENT_PREFIX_PATH', '/home/LifeBot/robot_ws/install/diffdrive_arduino:/home/LifeBot/robot_ws/install/serial:/home/LifeBot/robot_ws/install/articubot_one:/opt/ros/humble'), ('SHELL', '/bin/bash'), ('LESSCLOSE', '/usr/bin/lesspipe %s %s'), ('VSCODE_GIT_ASKPASS_EXTRA_ARGS', ''), ('PWD', '/home/LifeBot/robot_ws/build/serial'), ('LC_ALL', 'en_US.UTF-8'), ('SSH_CONNECTION', '192.168.2.151 55650 192.168.2.154 22'), ('XDG_DATA_DIRS', '/usr/local/share:/usr/share:/var/lib/snapd/desktop'), ('PYTHONPATH', '/opt/ros/humble/lib/python3.10/site-packages:/opt/ros/humble/local/lib/python3.10/dist-packages'), ('COLCON', '1'), ('CMAKE_PREFIX_PATH', '/home/LifeBot/robot_ws/install/diffdrive_arduino:/home/LifeBot/robot_ws/install/serial:/home/LifeBot/robot_ws/install/articubot_one:/opt/ros/humble')]), 'shell': False}
[0.870156] (serial) StdoutLine: {'line': b'-- Install configuration: ""\n'}
[0.871904] (serial) StdoutLine: {'line': b'-- Execute custom install script\n'}
[0.873846] (serial) StdoutLine: {'line': b'-- Up-to-date symlink: /home/LifeBot/robot_ws/install/serial/lib/libserial.a\n'}
[0.874833] (serial) StdoutLine: {'line': b'-- Up-to-date symlink: /home/LifeBot/robot_ws/install/serial/include/serial/serial.h\n'}
[0.875597] (serial) StdoutLine: {'line': b'-- Up-to-date symlink: /home/LifeBot/robot_ws/install/serial/include/serial/v8stdint.h\n'}
[0.876599] (serial) StdoutLine: {'line': b'-- Up-to-date symlink: /home/LifeBot/robot_ws/install/serial/share/serial/environment/library_path.sh\n'}
[0.877591] (serial) StdoutLine: {'line': b'-- Up-to-date symlink: /home/LifeBot/robot_ws/install/serial/share/serial/environment/library_path.dsv\n'}
[0.878691] (serial) StdoutLine: {'line': b'-- Up-to-date symlink: /home/LifeBot/robot_ws/install/serial/share/ament_index/resource_index/package_run_dependencies/serial\n'}
[0.879809] (serial) StdoutLine: {'line': b'-- Up-to-date symlink: /home/LifeBot/robot_ws/install/serial/share/ament_index/resource_index/parent_prefix_path/serial\n'}
[0.880901] (serial) StdoutLine: {'line': b'-- Up-to-date symlink: /home/LifeBot/robot_ws/install/serial/share/serial/environment/ament_prefix_path.sh\n'}
[0.881869] (serial) StdoutLine: {'line': b'-- Up-to-date symlink: /home/LifeBot/robot_ws/install/serial/share/serial/environment/ament_prefix_path.dsv\n'}
[0.882970] (serial) StdoutLine: {'line': b'-- Up-to-date symlink: /home/LifeBot/robot_ws/install/serial/share/serial/environment/path.sh\n'}
[0.884155] (serial) StdoutLine: {'line': b'-- Up-to-date symlink: /home/LifeBot/robot_ws/install/serial/share/serial/environment/path.dsv\n'}
[0.885024] (serial) StdoutLine: {'line': b'-- Up-to-date symlink: /home/LifeBot/robot_ws/install/serial/share/serial/local_setup.bash\n'}
[0.885845] (serial) StdoutLine: {'line': b'-- Up-to-date symlink: /home/LifeBot/robot_ws/install/serial/share/serial/local_setup.sh\n'}
[0.886722] (serial) StdoutLine: {'line': b'-- Up-to-date symlink: /home/LifeBot/robot_ws/install/serial/share/serial/local_setup.zsh\n'}
[0.887594] (serial) StdoutLine: {'line': b'-- Up-to-date symlink: /home/LifeBot/robot_ws/install/serial/share/serial/local_setup.dsv\n'}
[0.888330] (serial) StdoutLine: {'line': b'-- Symlinking: /home/LifeBot/robot_ws/install/serial/share/serial/package.dsv\n'}
[0.904782] (-) TimerEvent: {}
[0.920174] (serial) StdoutLine: {'line': b'-- Up-to-date symlink: /home/LifeBot/robot_ws/install/serial/share/ament_index/resource_index/packages/serial\n'}
[0.921498] (serial) StdoutLine: {'line': b'-- Up-to-date symlink: /home/LifeBot/robot_ws/install/serial/share/serial/cmake/ament_cmake_export_include_directories-extras.cmake\n'}
[0.922574] (serial) StdoutLine: {'line': b'-- Up-to-date symlink: /home/LifeBot/robot_ws/install/serial/share/serial/cmake/ament_cmake_export_libraries-extras.cmake\n'}
[0.923478] (serial) StdoutLine: {'line': b'-- Up-to-date symlink: /home/LifeBot/robot_ws/install/serial/share/serial/cmake/serialConfig.cmake\n'}
[0.924224] (serial) StdoutLine: {'line': b'-- Up-to-date symlink: /home/LifeBot/robot_ws/install/serial/share/serial/cmake/serialConfig-version.cmake\n'}
[0.925140] (serial) StdoutLine: {'line': b'-- Up-to-date symlink: /home/LifeBot/robot_ws/install/serial/share/serial/package.xml\n'}
[0.932299] (serial) CommandEnded: {'returncode': 0}
[1.005005] (-) TimerEvent: {}
[1.105766] (-) TimerEvent: {}
[1.202413] (serial) JobEnded: {'identifier': 'serial', 'rc': 0}
[1.206826] (-) TimerEvent: {}
[1.207303] (diffdrive_arduino) JobStarted: {'identifier': 'diffdrive_arduino'}
[1.247147] (diffdrive_arduino) JobProgress: {'identifier': 'diffdrive_arduino', 'progress': 'cmake'}
[1.251364] (diffdrive_arduino) JobProgress: {'identifier': 'diffdrive_arduino', 'progress': 'build'}
[1.253216] (diffdrive_arduino) Command: {'cmd': ['/usr/bin/cmake', '--build', '/home/LifeBot/robot_ws/build/diffdrive_arduino', '--', '-j4', '-l4'], 'cwd': '/home/LifeBot/robot_ws/build/diffdrive_arduino', 'env': OrderedDict([('LESSOPEN', '| /usr/bin/lesspipe %s'), ('USER', 'LifeBot'), ('SSH_CLIENT', '192.168.2.151 55650 22'), ('XDG_SESSION_TYPE', 'tty'), ('GIT_ASKPASS', '/home/LifeBot/.vscode-server/cli/servers/Stable-863d2581ecda6849923a2118d93a088b0745d9d6/server/extensions/git/dist/askpass.sh'), ('SHLVL', '2'), ('LD_LIBRARY_PATH', '/home/LifeBot/robot_ws/install/diffdrive_arduino/lib:/home/LifeBot/robot_ws/install/serial/lib:/opt/ros/humble/opt/rviz_ogre_vendor/lib:/opt/ros/humble/lib/aarch64-linux-gnu:/opt/ros/humble/lib'), ('BROWSER', '/home/LifeBot/.vscode-server/cli/servers/Stable-863d2581ecda6849923a2118d93a088b0745d9d6/server/bin/helpers/browser.sh'), ('MOTD_SHOWN', 'pam'), ('HOME', '/home/LifeBot'), ('OLDPWD', '/home/LifeBot'), ('TERM_PROGRAM_VERSION', '1.87.2'), ('VSCODE_IPC_HOOK_CLI', '/run/user/1000/vscode-ipc-2581b661-7ab8-4f23-88d6-31578fecfd77.sock'), ('ROS_PYTHON_VERSION', '3'), ('VSCODE_GIT_ASKPASS_MAIN', '/home/LifeBot/.vscode-server/cli/servers/Stable-863d2581ecda6849923a2118d93a088b0745d9d6/server/extensions/git/dist/askpass-main.js'), ('VSCODE_GIT_ASKPASS_NODE', '/home/LifeBot/.vscode-server/cli/servers/Stable-863d2581ecda6849923a2118d93a088b0745d9d6/server/node'), ('SSL_CERT_FILE', '/usr/lib/ssl/certs/ca-certificates.crt'), ('DBUS_SESSION_BUS_ADDRESS', 'unix:path=/run/user/1000/bus'), ('COLORTERM', 'truecolor'), ('COLCON_PREFIX_PATH', '/home/LifeBot/robot_ws/install'), ('ROS_DISTRO', 'humble'), ('LOGNAME', 'LifeBot'), ('_', '/usr/bin/colcon'), ('ROS_VERSION', '2'), ('XDG_SESSION_CLASS', 'user'), ('TERM', 'xterm-256color'), ('XDG_SESSION_ID', '1'), ('ROS_LOCALHOST_ONLY', '0'), ('PATH', '/opt/ros/humble/bin:/home/LifeBot/.vscode-server/cli/servers/Stable-863d2581ecda6849923a2118d93a088b0745d9d6/server/bin/remote-cli:/usr/local/sbin:/usr/local/bin:/usr/sbin:/usr/bin:/sbin:/bin:/usr/games:/usr/local/games:/snap/bin'), ('XDG_RUNTIME_DIR', '/run/user/1000'), ('SSL_CERT_DIR', '/usr/lib/ssl/certs'), ('LANG', 'en_US.UTF-8'), ('LS_COLORS', ''), ('VSCODE_GIT_IPC_HANDLE', '/run/user/1000/vscode-git-405d37a03d.sock'), ('TERM_PROGRAM', 'vscode'), ('ROS_DOMAIN_ID', '10'), ('AMENT_PREFIX_PATH', '/home/LifeBot/robot_ws/install/diffdrive_arduino:/home/LifeBot/robot_ws/install/serial:/home/LifeBot/robot_ws/install/articubot_one:/opt/ros/humble'), ('SHELL', '/bin/bash'), ('LESSCLOSE', '/usr/bin/lesspipe %s %s'), ('VSCODE_GIT_ASKPASS_EXTRA_ARGS', ''), ('PWD', '/home/LifeBot/robot_ws/build/diffdrive_arduino'), ('LC_ALL', 'en_US.UTF-8'), ('SSH_CONNECTION', '192.168.2.151 55650 192.168.2.154 22'), ('XDG_DATA_DIRS', '/usr/local/share:/usr/share:/var/lib/snapd/desktop'), ('PYTHONPATH', '/opt/ros/humble/lib/python3.10/site-packages:/opt/ros/humble/local/lib/python3.10/dist-packages'), ('COLCON', '1'), ('CMAKE_PREFIX_PATH', '/home/LifeBot/robot_ws/install/serial:/home/LifeBot/robot_ws/install/diffdrive_arduino:/home/LifeBot/robot_ws/install/articubot_one:/opt/ros/humble')]), 'shell': False}
[1.307051] (-) TimerEvent: {}
[1.407985] (-) TimerEvent: {}
[1.449252] (diffdrive_arduino) StdoutLine: {'line': b'\x1b[35m\x1b[1mConsolidate compiler generated dependencies of target fake_robot\x1b[0m\n'}
[1.450033] (diffdrive_arduino) StdoutLine: {'line': b'\x1b[35m\x1b[1mConsolidate compiler generated dependencies of target diffdrive_arduino\x1b[0m\n'}
[1.509045] (-) TimerEvent: {}
[1.560787] (diffdrive_arduino) StdoutLine: {'line': b'[ 42%] Built target fake_robot\n'}
[1.609234] (-) TimerEvent: {}
[1.636145] (diffdrive_arduino) StdoutLine: {'line': b'[100%] Built target diffdrive_arduino\n'}
[1.680034] (diffdrive_arduino) CommandEnded: {'returncode': 0}
[1.709858] (-) TimerEvent: {}
[1.810544] (-) TimerEvent: {}
[1.856185] (diffdrive_arduino) JobProgress: {'identifier': 'diffdrive_arduino', 'progress': 'install'}
[1.856428] (diffdrive_arduino) Command: {'cmd': ['/usr/bin/cmake', '--install', '/home/LifeBot/robot_ws/build/diffdrive_arduino'], 'cwd': '/home/LifeBot/robot_ws/build/diffdrive_arduino', 'env': OrderedDict([('LESSOPEN', '| /usr/bin/lesspipe %s'), ('USER', 'LifeBot'), ('SSH_CLIENT', '192.168.2.151 55650 22'), ('XDG_SESSION_TYPE', 'tty'), ('GIT_ASKPASS', '/home/LifeBot/.vscode-server/cli/servers/Stable-863d2581ecda6849923a2118d93a088b0745d9d6/server/extensions/git/dist/askpass.sh'), ('SHLVL', '2'), ('LD_LIBRARY_PATH', '/home/LifeBot/robot_ws/install/diffdrive_arduino/lib:/home/LifeBot/robot_ws/install/serial/lib:/opt/ros/humble/opt/rviz_ogre_vendor/lib:/opt/ros/humble/lib/aarch64-linux-gnu:/opt/ros/humble/lib'), ('BROWSER', '/home/LifeBot/.vscode-server/cli/servers/Stable-863d2581ecda6849923a2118d93a088b0745d9d6/server/bin/helpers/browser.sh'), ('MOTD_SHOWN', 'pam'), ('HOME', '/home/LifeBot'), ('OLDPWD', '/home/LifeBot'), ('TERM_PROGRAM_VERSION', '1.87.2'), ('VSCODE_IPC_HOOK_CLI', '/run/user/1000/vscode-ipc-2581b661-7ab8-4f23-88d6-31578fecfd77.sock'), ('ROS_PYTHON_VERSION', '3'), ('VSCODE_GIT_ASKPASS_MAIN', '/home/LifeBot/.vscode-server/cli/servers/Stable-863d2581ecda6849923a2118d93a088b0745d9d6/server/extensions/git/dist/askpass-main.js'), ('VSCODE_GIT_ASKPASS_NODE', '/home/LifeBot/.vscode-server/cli/servers/Stable-863d2581ecda6849923a2118d93a088b0745d9d6/server/node'), ('SSL_CERT_FILE', '/usr/lib/ssl/certs/ca-certificates.crt'), ('DBUS_SESSION_BUS_ADDRESS', 'unix:path=/run/user/1000/bus'), ('COLORTERM', 'truecolor'), ('COLCON_PREFIX_PATH', '/home/LifeBot/robot_ws/install'), ('ROS_DISTRO', 'humble'), ('LOGNAME', 'LifeBot'), ('_', '/usr/bin/colcon'), ('ROS_VERSION', '2'), ('XDG_SESSION_CLASS', 'user'), ('TERM', 'xterm-256color'), ('XDG_SESSION_ID', '1'), ('ROS_LOCALHOST_ONLY', '0'), ('PATH', '/opt/ros/humble/bin:/home/LifeBot/.vscode-server/cli/servers/Stable-863d2581ecda6849923a2118d93a088b0745d9d6/server/bin/remote-cli:/usr/local/sbin:/usr/local/bin:/usr/sbin:/usr/bin:/sbin:/bin:/usr/games:/usr/local/games:/snap/bin'), ('XDG_RUNTIME_DIR', '/run/user/1000'), ('SSL_CERT_DIR', '/usr/lib/ssl/certs'), ('LANG', 'en_US.UTF-8'), ('LS_COLORS', ''), ('VSCODE_GIT_IPC_HANDLE', '/run/user/1000/vscode-git-405d37a03d.sock'), ('TERM_PROGRAM', 'vscode'), ('ROS_DOMAIN_ID', '10'), ('AMENT_PREFIX_PATH', '/home/LifeBot/robot_ws/install/diffdrive_arduino:/home/LifeBot/robot_ws/install/serial:/home/LifeBot/robot_ws/install/articubot_one:/opt/ros/humble'), ('SHELL', '/bin/bash'), ('LESSCLOSE', '/usr/bin/lesspipe %s %s'), ('VSCODE_GIT_ASKPASS_EXTRA_ARGS', ''), ('PWD', '/home/LifeBot/robot_ws/build/diffdrive_arduino'), ('LC_ALL', 'en_US.UTF-8'), ('SSH_CONNECTION', '192.168.2.151 55650 192.168.2.154 22'), ('XDG_DATA_DIRS', '/usr/local/share:/usr/share:/var/lib/snapd/desktop'), ('PYTHONPATH', '/opt/ros/humble/lib/python3.10/site-packages:/opt/ros/humble/local/lib/python3.10/dist-packages'), ('COLCON', '1'), ('CMAKE_PREFIX_PATH', '/home/LifeBot/robot_ws/install/serial:/home/LifeBot/robot_ws/install/diffdrive_arduino:/home/LifeBot/robot_ws/install/articubot_one:/opt/ros/humble')]), 'shell': False}
[1.886325] (diffdrive_arduino) StdoutLine: {'line': b'-- Install configuration: ""\n'}
[1.888642] (diffdrive_arduino) StdoutLine: {'line': b'-- Execute custom install script\n'}
[1.891268] (diffdrive_arduino) StdoutLine: {'line': b'-- Up-to-date symlink: /home/LifeBot/robot_ws/install/diffdrive_arduino/share/diffdrive_arduino//robot_hardware.xml\n'}
[1.891737] (diffdrive_arduino) StdoutLine: {'line': b'-- Up-to-date symlink: /home/LifeBot/robot_ws/install/diffdrive_arduino/share/diffdrive_arduino//fake_robot_hardware.xml\n'}
[1.895009] (diffdrive_arduino) StdoutLine: {'line': b'-- Up-to-date symlink: /home/LifeBot/robot_ws/install/diffdrive_arduino/lib/libdiffdrive_arduino.so\n'}
[1.895543] (diffdrive_arduino) StdoutLine: {'line': b'-- Up-to-date symlink: /home/LifeBot/robot_ws/install/diffdrive_arduino/lib/libfake_robot.so\n'}
[1.898120] (diffdrive_arduino) StdoutLine: {'line': b'-- Up-to-date symlink: /home/LifeBot/robot_ws/install/diffdrive_arduino/share/diffdrive_arduino/controllers/robot_controller_example.yaml\n'}
[1.898654] (diffdrive_arduino) StdoutLine: {'line': b'-- Up-to-date symlink: /home/LifeBot/robot_ws/install/diffdrive_arduino/share/diffdrive_arduino/fake_robot.launch.py\n'}
[1.901184] (diffdrive_arduino) StdoutLine: {'line': b'-- Up-to-date symlink: /home/LifeBot/robot_ws/install/diffdrive_arduino/share/diffdrive_arduino/test_robot.launch.py\n'}
[1.901798] (diffdrive_arduino) StdoutLine: {'line': b'-- Up-to-date symlink: /home/LifeBot/robot_ws/install/diffdrive_arduino/share/diffdrive_arduino/environment/library_path.sh\n'}
[1.903123] (diffdrive_arduino) StdoutLine: {'line': b'-- Up-to-date symlink: /home/LifeBot/robot_ws/install/diffdrive_arduino/share/diffdrive_arduino/environment/library_path.dsv\n'}
[1.904299] (diffdrive_arduino) StdoutLine: {'line': b'-- Up-to-date symlink: /home/LifeBot/robot_ws/install/diffdrive_arduino/share/ament_index/resource_index/package_run_dependencies/diffdrive_arduino\n'}
[1.906600] (diffdrive_arduino) StdoutLine: {'line': b'-- Up-to-date symlink: /home/LifeBot/robot_ws/install/diffdrive_arduino/share/ament_index/resource_index/parent_prefix_path/diffdrive_arduino\n'}
[1.911988] (diffdrive_arduino) StdoutLine: {'line': b'-- Up-to-date symlink: /home/LifeBot/robot_ws/install/diffdrive_arduino/share/diffdrive_arduino/environment/ament_prefix_path.sh\n'}
[1.913192] (-) TimerEvent: {}
[1.913849] (diffdrive_arduino) StdoutLine: {'line': b'-- Up-to-date symlink: /home/LifeBot/robot_ws/install/diffdrive_arduino/share/diffdrive_arduino/environment/ament_prefix_path.dsv\n'}
[1.914619] (diffdrive_arduino) StdoutLine: {'line': b'-- Up-to-date symlink: /home/LifeBot/robot_ws/install/diffdrive_arduino/share/diffdrive_arduino/environment/path.sh\n'}
[1.915115] (diffdrive_arduino) StdoutLine: {'line': b'-- Up-to-date symlink: /home/LifeBot/robot_ws/install/diffdrive_arduino/share/diffdrive_arduino/environment/path.dsv\n'}
[1.915850] (diffdrive_arduino) StdoutLine: {'line': b'-- Up-to-date symlink: /home/LifeBot/robot_ws/install/diffdrive_arduino/share/diffdrive_arduino/local_setup.bash\n'}
[1.916449] (diffdrive_arduino) StdoutLine: {'line': b'-- Up-to-date symlink: /home/LifeBot/robot_ws/install/diffdrive_arduino/share/diffdrive_arduino/local_setup.sh\n'}
[1.916981] (diffdrive_arduino) StdoutLine: {'line': b'-- Up-to-date symlink: /home/LifeBot/robot_ws/install/diffdrive_arduino/share/diffdrive_arduino/local_setup.zsh\n'}
[1.917564] (diffdrive_arduino) StdoutLine: {'line': b'-- Up-to-date symlink: /home/LifeBot/robot_ws/install/diffdrive_arduino/share/diffdrive_arduino/local_setup.dsv\n'}
[1.918040] (diffdrive_arduino) StdoutLine: {'line': b'-- Symlinking: /home/LifeBot/robot_ws/install/diffdrive_arduino/share/diffdrive_arduino/package.dsv\n'}
[1.949351] (diffdrive_arduino) StdoutLine: {'line': b'-- Up-to-date symlink: /home/LifeBot/robot_ws/install/diffdrive_arduino/share/ament_index/resource_index/packages/diffdrive_arduino\n'}
[1.951465] (diffdrive_arduino) StdoutLine: {'line': b'-- Up-to-date symlink: /home/LifeBot/robot_ws/install/diffdrive_arduino/share/ament_index/resource_index/hardware_interface__pluginlib__plugin/diffdrive_arduino\n'}
[1.952659] (diffdrive_arduino) StdoutLine: {'line': b'-- Up-to-date symlink: /home/LifeBot/robot_ws/install/diffdrive_arduino/share/diffdrive_arduino/cmake/ament_cmake_export_libraries-extras.cmake\n'}
[1.955146] (diffdrive_arduino) StdoutLine: {'line': b'-- Up-to-date symlink: /home/LifeBot/robot_ws/install/diffdrive_arduino/share/diffdrive_arduino/cmake/ament_cmake_export_dependencies-extras.cmake\n'}
[1.955627] (diffdrive_arduino) StdoutLine: {'line': b'-- Up-to-date symlink: /home/LifeBot/robot_ws/install/diffdrive_arduino/share/diffdrive_arduino/cmake/diffdrive_arduinoConfig.cmake\n'}
[1.958144] (diffdrive_arduino) StdoutLine: {'line': b'-- Up-to-date symlink: /home/LifeBot/robot_ws/install/diffdrive_arduino/share/diffdrive_arduino/cmake/diffdrive_arduinoConfig-version.cmake\n'}
[1.958825] (diffdrive_arduino) StdoutLine: {'line': b'-- Up-to-date symlink: /home/LifeBot/robot_ws/install/diffdrive_arduino/share/diffdrive_arduino/package.xml\n'}
[1.962029] (diffdrive_arduino) CommandEnded: {'returncode': 0}
[2.013381] (-) TimerEvent: {}
[2.114742] (-) TimerEvent: {}
[2.215549] (-) TimerEvent: {}
[2.239878] (diffdrive_arduino) JobEnded: {'identifier': 'diffdrive_arduino', 'rc': 0}
[2.247087] (-) EventReactorShutdown: {}
