[0.429s] DEBUG:colcon:Command line arguments: ['/usr/bin/colcon', 'build', '--symlink-install']
[0.429s] DEBUG:colcon:Parsed command line arguments: Namespace(log_base=None, log_level=None, verb_name='build', build_base='build', install_base='install', merge_install=False, symlink_install=True, test_result_base=None, continue_on_error=False, executor='parallel', parallel_workers=4, event_handlers=None, ignore_user_meta=False, metas=['./colcon.meta'], base_paths=['.'], packages_ignore=None, packages_ignore_regex=None, paths=None, packages_up_to=None, packages_up_to_regex=None, packages_above=None, packages_above_and_dependencies=None, packages_above_depth=None, packages_select_by_dep=None, packages_skip_by_dep=None, packages_skip_up_to=None, packages_select_build_failed=False, packages_skip_build_finished=False, packages_select_test_failures=False, packages_skip_test_passed=False, packages_select=None, packages_skip=None, packages_select_regex=None, packages_skip_regex=None, packages_start=None, packages_end=None, allow_overriding=[], cmake_args=None, cmake_target=None, cmake_target_skip_unavailable=False, cmake_clean_cache=False, cmake_clean_first=False, cmake_force_configure=False, ament_cmake_args=None, catkin_cmake_args=None, catkin_skip_building_tests=False, verb_parser=<colcon_defaults.argument_parser.defaults.DefaultArgumentsDecorator object at 0xffffab451090>, verb_extension=<colcon_core.verb.build.BuildVerb object at 0xffffab450bb0>, main=<bound method BuildVerb.main of <colcon_core.verb.build.BuildVerb object at 0xffffab450bb0>>)
[1.275s] Level 1:colcon.colcon_core.package_discovery:discover_packages(colcon_meta) check parameters
[1.275s] Level 1:colcon.colcon_core.package_discovery:discover_packages(recursive) check parameters
[1.275s] Level 1:colcon.colcon_core.package_discovery:discover_packages(ignore) check parameters
[1.276s] Level 1:colcon.colcon_core.package_discovery:discover_packages(path) check parameters
[1.276s] Level 1:colcon.colcon_core.package_discovery:discover_packages(colcon_meta) discover
[1.276s] Level 1:colcon.colcon_core.package_discovery:discover_packages(recursive) discover
[1.277s] INFO:colcon.colcon_core.package_discovery:Crawling recursively for packages in '/home/LifeBot/robot_ws'
[1.277s] Level 1:colcon.colcon_core.package_identification:_identify(.) by extensions ['ignore', 'ignore_ament_install']
[1.277s] Level 1:colcon.colcon_core.package_identification:_identify(.) by extension 'ignore'
[1.278s] Level 1:colcon.colcon_core.package_identification:_identify(.) by extension 'ignore_ament_install'
[1.278s] Level 1:colcon.colcon_core.package_identification:_identify(.) by extensions ['colcon_pkg']
[1.278s] Level 1:colcon.colcon_core.package_identification:_identify(.) by extension 'colcon_pkg'
[1.279s] Level 1:colcon.colcon_core.package_identification:_identify(.) by extensions ['colcon_meta']
[1.279s] Level 1:colcon.colcon_core.package_identification:_identify(.) by extension 'colcon_meta'
[1.279s] Level 1:colcon.colcon_core.package_identification:_identify(.) by extensions ['ros']
[1.279s] Level 1:colcon.colcon_core.package_identification:_identify(.) by extension 'ros'
[1.325s] Level 1:colcon.colcon_core.package_identification:_identify(.) by extensions ['cmake', 'python']
[1.325s] Level 1:colcon.colcon_core.package_identification:_identify(.) by extension 'cmake'
[1.325s] Level 1:colcon.colcon_core.package_identification:_identify(.) by extension 'python'
[1.326s] Level 1:colcon.colcon_core.package_identification:_identify(.) by extensions ['python_setup_py']
[1.326s] Level 1:colcon.colcon_core.package_identification:_identify(.) by extension 'python_setup_py'
[1.326s] Level 1:colcon.colcon_core.package_identification:_identify(build) by extensions ['ignore', 'ignore_ament_install']
[1.327s] Level 1:colcon.colcon_core.package_identification:_identify(build) by extension 'ignore'
[1.327s] Level 1:colcon.colcon_core.package_identification:_identify(build) ignored
[1.328s] Level 1:colcon.colcon_core.package_identification:_identify(install) by extensions ['ignore', 'ignore_ament_install']
[1.328s] Level 1:colcon.colcon_core.package_identification:_identify(install) by extension 'ignore'
[1.329s] Level 1:colcon.colcon_core.package_identification:_identify(install) ignored
[1.329s] Level 1:colcon.colcon_core.package_identification:_identify(log) by extensions ['ignore', 'ignore_ament_install']
[1.330s] Level 1:colcon.colcon_core.package_identification:_identify(log) by extension 'ignore'
[1.330s] Level 1:colcon.colcon_core.package_identification:_identify(log) ignored
[1.330s] Level 1:colcon.colcon_core.package_identification:_identify(src) by extensions ['ignore', 'ignore_ament_install']
[1.331s] Level 1:colcon.colcon_core.package_identification:_identify(src) by extension 'ignore'
[1.331s] Level 1:colcon.colcon_core.package_identification:_identify(src) by extension 'ignore_ament_install'
[1.331s] Level 1:colcon.colcon_core.package_identification:_identify(src) by extensions ['colcon_pkg']
[1.331s] Level 1:colcon.colcon_core.package_identification:_identify(src) by extension 'colcon_pkg'
[1.332s] Level 1:colcon.colcon_core.package_identification:_identify(src) by extensions ['colcon_meta']
[1.332s] Level 1:colcon.colcon_core.package_identification:_identify(src) by extension 'colcon_meta'
[1.332s] Level 1:colcon.colcon_core.package_identification:_identify(src) by extensions ['ros']
[1.332s] Level 1:colcon.colcon_core.package_identification:_identify(src) by extension 'ros'
[1.333s] Level 1:colcon.colcon_core.package_identification:_identify(src) by extensions ['cmake', 'python']
[1.333s] Level 1:colcon.colcon_core.package_identification:_identify(src) by extension 'cmake'
[1.333s] Level 1:colcon.colcon_core.package_identification:_identify(src) by extension 'python'
[1.333s] Level 1:colcon.colcon_core.package_identification:_identify(src) by extensions ['python_setup_py']
[1.333s] Level 1:colcon.colcon_core.package_identification:_identify(src) by extension 'python_setup_py'
[1.334s] Level 1:colcon.colcon_core.package_identification:_identify(src/articubot_one) by extensions ['ignore', 'ignore_ament_install']
[1.334s] Level 1:colcon.colcon_core.package_identification:_identify(src/articubot_one) by extension 'ignore'
[1.335s] Level 1:colcon.colcon_core.package_identification:_identify(src/articubot_one) by extension 'ignore_ament_install'
[1.335s] Level 1:colcon.colcon_core.package_identification:_identify(src/articubot_one) by extensions ['colcon_pkg']
[1.335s] Level 1:colcon.colcon_core.package_identification:_identify(src/articubot_one) by extension 'colcon_pkg'
[1.335s] Level 1:colcon.colcon_core.package_identification:_identify(src/articubot_one) by extensions ['colcon_meta']
[1.335s] Level 1:colcon.colcon_core.package_identification:_identify(src/articubot_one) by extension 'colcon_meta'
[1.336s] Level 1:colcon.colcon_core.package_identification:_identify(src/articubot_one) by extensions ['ros']
[1.336s] Level 1:colcon.colcon_core.package_identification:_identify(src/articubot_one) by extension 'ros'
[1.344s] DEBUG:colcon.colcon_core.package_identification:Package 'src/articubot_one' with type 'ros.ament_cmake' and name 'articubot_one'
[1.345s] Level 1:colcon.colcon_core.package_identification:_identify(src/diffdrive_arduino) by extensions ['ignore', 'ignore_ament_install']
[1.346s] Level 1:colcon.colcon_core.package_identification:_identify(src/diffdrive_arduino) by extension 'ignore'
[1.346s] Level 1:colcon.colcon_core.package_identification:_identify(src/diffdrive_arduino) by extension 'ignore_ament_install'
[1.346s] Level 1:colcon.colcon_core.package_identification:_identify(src/diffdrive_arduino) by extensions ['colcon_pkg']
[1.346s] Level 1:colcon.colcon_core.package_identification:_identify(src/diffdrive_arduino) by extension 'colcon_pkg'
[1.347s] Level 1:colcon.colcon_core.package_identification:_identify(src/diffdrive_arduino) by extensions ['colcon_meta']
[1.347s] Level 1:colcon.colcon_core.package_identification:_identify(src/diffdrive_arduino) by extension 'colcon_meta'
[1.347s] Level 1:colcon.colcon_core.package_identification:_identify(src/diffdrive_arduino) by extensions ['ros']
[1.347s] Level 1:colcon.colcon_core.package_identification:_identify(src/diffdrive_arduino) by extension 'ros'
[1.351s] DEBUG:colcon.colcon_core.package_identification:Package 'src/diffdrive_arduino' with type 'ros.ament_cmake' and name 'diffdrive_arduino'
[1.352s] Level 1:colcon.colcon_core.package_identification:_identify(src/serial) by extensions ['ignore', 'ignore_ament_install']
[1.352s] Level 1:colcon.colcon_core.package_identification:_identify(src/serial) by extension 'ignore'
[1.353s] Level 1:colcon.colcon_core.package_identification:_identify(src/serial) by extension 'ignore_ament_install'
[1.353s] Level 1:colcon.colcon_core.package_identification:_identify(src/serial) by extensions ['colcon_pkg']
[1.353s] Level 1:colcon.colcon_core.package_identification:_identify(src/serial) by extension 'colcon_pkg'
[1.354s] Level 1:colcon.colcon_core.package_identification:_identify(src/serial) by extensions ['colcon_meta']
[1.354s] Level 1:colcon.colcon_core.package_identification:_identify(src/serial) by extension 'colcon_meta'
[1.354s] Level 1:colcon.colcon_core.package_identification:_identify(src/serial) by extensions ['ros']
[1.355s] Level 1:colcon.colcon_core.package_identification:_identify(src/serial) by extension 'ros'
[1.357s] DEBUG:colcon.colcon_core.package_identification:Package 'src/serial' with type 'ros.ament_cmake' and name 'serial'
[1.357s] Level 1:colcon.colcon_core.package_discovery:discover_packages(recursive) using defaults
[1.357s] Level 1:colcon.colcon_core.package_discovery:discover_packages(ignore) discover
[1.357s] Level 1:colcon.colcon_core.package_discovery:discover_packages(ignore) using defaults
[1.358s] Level 1:colcon.colcon_core.package_discovery:discover_packages(path) discover
[1.358s] Level 1:colcon.colcon_core.package_discovery:discover_packages(path) using defaults
[1.436s] Level 1:colcon.colcon_core.package_discovery:discover_packages(prefix_path) check parameters
[1.436s] Level 1:colcon.colcon_core.package_discovery:discover_packages(prefix_path) discover
[1.445s] DEBUG:colcon.colcon_installed_package_information.package_discovery:Found 3 installed packages in /home/LifeBot/robot_ws/install
[1.455s] DEBUG:colcon.colcon_installed_package_information.package_discovery:Found 313 installed packages in /opt/ros/humble
[1.498s] Level 1:colcon.colcon_core.package_discovery:discover_packages(prefix_path) using defaults
[1.679s] Level 5:colcon.colcon_core.verb:set package 'articubot_one' build argument 'cmake_args' from command line to 'None'
[1.679s] Level 5:colcon.colcon_core.verb:set package 'articubot_one' build argument 'cmake_target' from command line to 'None'
[1.679s] Level 5:colcon.colcon_core.verb:set package 'articubot_one' build argument 'cmake_target_skip_unavailable' from command line to 'False'
[1.679s] Level 5:colcon.colcon_core.verb:set package 'articubot_one' build argument 'cmake_clean_cache' from command line to 'False'
[1.680s] Level 5:colcon.colcon_core.verb:set package 'articubot_one' build argument 'cmake_clean_first' from command line to 'False'
[1.680s] Level 5:colcon.colcon_core.verb:set package 'articubot_one' build argument 'cmake_force_configure' from command line to 'False'
[1.680s] Level 5:colcon.colcon_core.verb:set package 'articubot_one' build argument 'ament_cmake_args' from command line to 'None'
[1.680s] Level 5:colcon.colcon_core.verb:set package 'articubot_one' build argument 'catkin_cmake_args' from command line to 'None'
[1.680s] Level 5:colcon.colcon_core.verb:set package 'articubot_one' build argument 'catkin_skip_building_tests' from command line to 'False'
[1.680s] DEBUG:colcon.colcon_core.verb:Building package 'articubot_one' with the following arguments: {'ament_cmake_args': None, 'build_base': '/home/LifeBot/robot_ws/build/articubot_one', 'catkin_cmake_args': None, 'catkin_skip_building_tests': False, 'cmake_args': None, 'cmake_clean_cache': False, 'cmake_clean_first': False, 'cmake_force_configure': False, 'cmake_target': None, 'cmake_target_skip_unavailable': False, 'install_base': '/home/LifeBot/robot_ws/install/articubot_one', 'merge_install': False, 'path': '/home/LifeBot/robot_ws/src/articubot_one', 'symlink_install': True, 'test_result_base': None}
[1.682s] Level 5:colcon.colcon_core.verb:set package 'serial' build argument 'cmake_args' from command line to 'None'
[1.682s] Level 5:colcon.colcon_core.verb:set package 'serial' build argument 'cmake_target' from command line to 'None'
[1.682s] Level 5:colcon.colcon_core.verb:set package 'serial' build argument 'cmake_target_skip_unavailable' from command line to 'False'
[1.682s] Level 5:colcon.colcon_core.verb:set package 'serial' build argument 'cmake_clean_cache' from command line to 'False'
[1.682s] Level 5:colcon.colcon_core.verb:set package 'serial' build argument 'cmake_clean_first' from command line to 'False'
[1.683s] Level 5:colcon.colcon_core.verb:set package 'serial' build argument 'cmake_force_configure' from command line to 'False'
[1.683s] Level 5:colcon.colcon_core.verb:set package 'serial' build argument 'ament_cmake_args' from command line to 'None'
[1.683s] Level 5:colcon.colcon_core.verb:set package 'serial' build argument 'catkin_cmake_args' from command line to 'None'
[1.683s] Level 5:colcon.colcon_core.verb:set package 'serial' build argument 'catkin_skip_building_tests' from command line to 'False'
[1.683s] DEBUG:colcon.colcon_core.verb:Building package 'serial' with the following arguments: {'ament_cmake_args': None, 'build_base': '/home/LifeBot/robot_ws/build/serial', 'catkin_cmake_args': None, 'catkin_skip_building_tests': False, 'cmake_args': None, 'cmake_clean_cache': False, 'cmake_clean_first': False, 'cmake_force_configure': False, 'cmake_target': None, 'cmake_target_skip_unavailable': False, 'install_base': '/home/LifeBot/robot_ws/install/serial', 'merge_install': False, 'path': '/home/LifeBot/robot_ws/src/serial', 'symlink_install': True, 'test_result_base': None}
[1.685s] Level 5:colcon.colcon_core.verb:set package 'diffdrive_arduino' build argument 'cmake_args' from command line to 'None'
[1.685s] Level 5:colcon.colcon_core.verb:set package 'diffdrive_arduino' build argument 'cmake_target' from command line to 'None'
[1.685s] Level 5:colcon.colcon_core.verb:set package 'diffdrive_arduino' build argument 'cmake_target_skip_unavailable' from command line to 'False'
[1.685s] Level 5:colcon.colcon_core.verb:set package 'diffdrive_arduino' build argument 'cmake_clean_cache' from command line to 'False'
[1.685s] Level 5:colcon.colcon_core.verb:set package 'diffdrive_arduino' build argument 'cmake_clean_first' from command line to 'False'
[1.685s] Level 5:colcon.colcon_core.verb:set package 'diffdrive_arduino' build argument 'cmake_force_configure' from command line to 'False'
[1.686s] Level 5:colcon.colcon_core.verb:set package 'diffdrive_arduino' build argument 'ament_cmake_args' from command line to 'None'
[1.686s] Level 5:colcon.colcon_core.verb:set package 'diffdrive_arduino' build argument 'catkin_cmake_args' from command line to 'None'
[1.686s] Level 5:colcon.colcon_core.verb:set package 'diffdrive_arduino' build argument 'catkin_skip_building_tests' from command line to 'False'
[1.686s] DEBUG:colcon.colcon_core.verb:Building package 'diffdrive_arduino' with the following arguments: {'ament_cmake_args': None, 'build_base': '/home/LifeBot/robot_ws/build/diffdrive_arduino', 'catkin_cmake_args': None, 'catkin_skip_building_tests': False, 'cmake_args': None, 'cmake_clean_cache': False, 'cmake_clean_first': False, 'cmake_force_configure': False, 'cmake_target': None, 'cmake_target_skip_unavailable': False, 'install_base': '/home/LifeBot/robot_ws/install/diffdrive_arduino', 'merge_install': False, 'path': '/home/LifeBot/robot_ws/src/diffdrive_arduino', 'symlink_install': True, 'test_result_base': None}
[1.687s] INFO:colcon.colcon_core.executor:Executing jobs using 'parallel' executor
[1.690s] DEBUG:colcon.colcon_parallel_executor.executor.parallel:run_until_complete
[1.691s] INFO:colcon.colcon_ros.task.ament_cmake.build:Building ROS package in '/home/LifeBot/robot_ws/src/serial' with build type 'ament_cmake'
[1.692s] INFO:colcon.colcon_cmake.task.cmake.build:Building CMake package in '/home/LifeBot/robot_ws/src/serial'
[1.702s] INFO:colcon.colcon_core.plugin_system:Skipping extension 'colcon_core.shell.bat': Not used on non-Windows systems
[1.702s] INFO:colcon.colcon_core.shell:Skip shell extension 'powershell' for command environment: Not usable outside of PowerShell
[1.703s] DEBUG:colcon.colcon_core.shell:Skip shell extension 'dsv' for command environment
[1.723s] INFO:colcon.colcon_ros.task.ament_cmake.build:Building ROS package in '/home/LifeBot/robot_ws/src/articubot_one' with build type 'ament_cmake'
[1.724s] INFO:colcon.colcon_cmake.task.cmake.build:Building CMake package in '/home/LifeBot/robot_ws/src/articubot_one'
[1.725s] INFO:colcon.colcon_core.shell:Skip shell extension 'powershell' for command environment: Not usable outside of PowerShell
[1.725s] DEBUG:colcon.colcon_core.shell:Skip shell extension 'dsv' for command environment
[1.769s] DEBUG:colcon.colcon_core.event_handler.log_command:Invoking command in '/home/LifeBot/robot_ws/build/serial': CMAKE_PREFIX_PATH=${CMAKE_PREFIX_PATH}:/opt/ros/humble /usr/bin/cmake --build /home/LifeBot/robot_ws/build/serial -- -j4 -l4
[1.790s] DEBUG:colcon.colcon_core.event_handler.log_command:Invoking command in '/home/LifeBot/robot_ws/build/articubot_one': CMAKE_PREFIX_PATH=${CMAKE_PREFIX_PATH}:/opt/ros/humble /usr/bin/cmake --build /home/LifeBot/robot_ws/build/articubot_one -- -j4 -l4
[1.959s] DEBUG:colcon.colcon_core.event_handler.log_command:Invoked command in '/home/LifeBot/robot_ws/build/articubot_one' returned '0': CMAKE_PREFIX_PATH=${CMAKE_PREFIX_PATH}:/opt/ros/humble /usr/bin/cmake --build /home/LifeBot/robot_ws/build/articubot_one -- -j4 -l4
[2.129s] DEBUG:colcon.colcon_core.event_handler.log_command:Invoking command in '/home/LifeBot/robot_ws/build/articubot_one': CMAKE_PREFIX_PATH=${CMAKE_PREFIX_PATH}:/opt/ros/humble /usr/bin/cmake --install /home/LifeBot/robot_ws/build/articubot_one
[2.310s] DEBUG:colcon.colcon_core.event_handler.log_command:Invoked command in '/home/LifeBot/robot_ws/build/serial' returned '0': CMAKE_PREFIX_PATH=${CMAKE_PREFIX_PATH}:/opt/ros/humble /usr/bin/cmake --build /home/LifeBot/robot_ws/build/serial -- -j4 -l4
[2.317s] Level 1:colcon.colcon_core.environment:create_environment_scripts_only(articubot_one)
[2.322s] DEBUG:colcon.colcon_core.event_handler.log_command:Invoked command in '/home/LifeBot/robot_ws/build/articubot_one' returned '0': CMAKE_PREFIX_PATH=${CMAKE_PREFIX_PATH}:/opt/ros/humble /usr/bin/cmake --install /home/LifeBot/robot_ws/build/articubot_one
[2.341s] Level 1:colcon.colcon_core.environment:checking '/home/LifeBot/robot_ws/install/articubot_one' for CMake module files
[2.345s] Level 1:colcon.colcon_core.environment:checking '/home/LifeBot/robot_ws/install/articubot_one' for CMake config files
[2.348s] Level 1:colcon.colcon_core.shell:create_environment_hook('articubot_one', 'cmake_prefix_path')
[2.350s] INFO:colcon.colcon_core.shell:Creating environment hook '/home/LifeBot/robot_ws/install/articubot_one/share/articubot_one/hook/cmake_prefix_path.ps1'
[2.353s] INFO:colcon.colcon_core.shell:Creating environment descriptor '/home/LifeBot/robot_ws/install/articubot_one/share/articubot_one/hook/cmake_prefix_path.dsv'
[2.355s] INFO:colcon.colcon_core.shell:Creating environment hook '/home/LifeBot/robot_ws/install/articubot_one/share/articubot_one/hook/cmake_prefix_path.sh'
[2.360s] Level 1:colcon.colcon_core.environment:checking '/home/LifeBot/robot_ws/install/articubot_one/bin'
[2.360s] Level 1:colcon.colcon_core.environment:checking '/home/LifeBot/robot_ws/install/articubot_one/lib/pkgconfig/articubot_one.pc'
[2.361s] Level 1:colcon.colcon_core.environment:checking '/home/LifeBot/robot_ws/install/articubot_one/lib/python3.10/site-packages'
[2.362s] Level 1:colcon.colcon_core.environment:checking '/home/LifeBot/robot_ws/install/articubot_one/bin'
[2.364s] INFO:colcon.colcon_core.shell:Creating package script '/home/LifeBot/robot_ws/install/articubot_one/share/articubot_one/package.ps1'
[2.367s] INFO:colcon.colcon_core.shell:Creating package descriptor '/home/LifeBot/robot_ws/install/articubot_one/share/articubot_one/package.dsv'
[2.370s] INFO:colcon.colcon_core.shell:Creating package script '/home/LifeBot/robot_ws/install/articubot_one/share/articubot_one/package.sh'
[2.374s] INFO:colcon.colcon_core.shell:Creating package script '/home/LifeBot/robot_ws/install/articubot_one/share/articubot_one/package.bash'
[2.378s] INFO:colcon.colcon_core.shell:Creating package script '/home/LifeBot/robot_ws/install/articubot_one/share/articubot_one/package.zsh'
[2.381s] Level 1:colcon.colcon_core.environment:create_file_with_runtime_dependencies(/home/LifeBot/robot_ws/install/articubot_one/share/colcon-core/packages/articubot_one)
[2.483s] Level 1:colcon.colcon_core.environment:create_environment_scripts_only(articubot_one)
[2.484s] Level 1:colcon.colcon_core.environment:checking '/home/LifeBot/robot_ws/install/articubot_one' for CMake module files
[2.488s] Level 1:colcon.colcon_core.environment:checking '/home/LifeBot/robot_ws/install/articubot_one' for CMake config files
[2.490s] Level 1:colcon.colcon_core.shell:create_environment_hook('articubot_one', 'cmake_prefix_path')
[2.491s] INFO:colcon.colcon_core.shell:Creating environment hook '/home/LifeBot/robot_ws/install/articubot_one/share/articubot_one/hook/cmake_prefix_path.ps1'
[2.494s] INFO:colcon.colcon_core.shell:Creating environment descriptor '/home/LifeBot/robot_ws/install/articubot_one/share/articubot_one/hook/cmake_prefix_path.dsv'
[2.497s] INFO:colcon.colcon_core.shell:Creating environment hook '/home/LifeBot/robot_ws/install/articubot_one/share/articubot_one/hook/cmake_prefix_path.sh'
[2.500s] Level 1:colcon.colcon_core.environment:checking '/home/LifeBot/robot_ws/install/articubot_one/bin'
[2.501s] Level 1:colcon.colcon_core.environment:checking '/home/LifeBot/robot_ws/install/articubot_one/lib/pkgconfig/articubot_one.pc'
[2.502s] Level 1:colcon.colcon_core.environment:checking '/home/LifeBot/robot_ws/install/articubot_one/lib/python3.10/site-packages'
[2.503s] Level 1:colcon.colcon_core.environment:checking '/home/LifeBot/robot_ws/install/articubot_one/bin'
[2.505s] INFO:colcon.colcon_core.shell:Creating package script '/home/LifeBot/robot_ws/install/articubot_one/share/articubot_one/package.ps1'
[2.507s] INFO:colcon.colcon_core.shell:Creating package descriptor '/home/LifeBot/robot_ws/install/articubot_one/share/articubot_one/package.dsv'
[2.510s] INFO:colcon.colcon_core.shell:Creating package script '/home/LifeBot/robot_ws/install/articubot_one/share/articubot_one/package.sh'
[2.512s] INFO:colcon.colcon_core.shell:Creating package script '/home/LifeBot/robot_ws/install/articubot_one/share/articubot_one/package.bash'
[2.514s] INFO:colcon.colcon_core.shell:Creating package script '/home/LifeBot/robot_ws/install/articubot_one/share/articubot_one/package.zsh'
[2.516s] Level 1:colcon.colcon_core.environment:create_file_with_runtime_dependencies(/home/LifeBot/robot_ws/install/articubot_one/share/colcon-core/packages/articubot_one)
[2.532s] DEBUG:colcon.colcon_core.event_handler.log_command:Invoking command in '/home/LifeBot/robot_ws/build/serial': CMAKE_PREFIX_PATH=${CMAKE_PREFIX_PATH}:/opt/ros/humble /usr/bin/cmake --install /home/LifeBot/robot_ws/build/serial
[2.622s] Level 1:colcon.colcon_core.environment:create_environment_scripts_only(serial)
[2.623s] Level 1:colcon.colcon_core.environment:checking '/home/LifeBot/robot_ws/install/serial' for CMake module files
[2.625s] DEBUG:colcon.colcon_core.event_handler.log_command:Invoked command in '/home/LifeBot/robot_ws/build/serial' returned '0': CMAKE_PREFIX_PATH=${CMAKE_PREFIX_PATH}:/opt/ros/humble /usr/bin/cmake --install /home/LifeBot/robot_ws/build/serial
[2.627s] Level 1:colcon.colcon_core.environment:checking '/home/LifeBot/robot_ws/install/serial' for CMake config files
[2.630s] Level 1:colcon.colcon_core.shell:create_environment_hook('serial', 'cmake_prefix_path')
[2.631s] INFO:colcon.colcon_core.shell:Creating environment hook '/home/LifeBot/robot_ws/install/serial/share/serial/hook/cmake_prefix_path.ps1'
[2.633s] INFO:colcon.colcon_core.shell:Creating environment descriptor '/home/LifeBot/robot_ws/install/serial/share/serial/hook/cmake_prefix_path.dsv'
[2.635s] INFO:colcon.colcon_core.shell:Creating environment hook '/home/LifeBot/robot_ws/install/serial/share/serial/hook/cmake_prefix_path.sh'
[2.638s] Level 1:colcon.colcon_core.environment:checking '/home/LifeBot/robot_ws/install/serial/lib'
[2.639s] Level 1:colcon.colcon_core.environment:checking '/home/LifeBot/robot_ws/install/serial/bin'
[2.639s] Level 1:colcon.colcon_core.environment:checking '/home/LifeBot/robot_ws/install/serial/lib/pkgconfig/serial.pc'
[2.640s] Level 1:colcon.colcon_core.environment:checking '/home/LifeBot/robot_ws/install/serial/lib/python3.10/site-packages'
[2.642s] Level 1:colcon.colcon_core.environment:checking '/home/LifeBot/robot_ws/install/serial/bin'
[2.643s] INFO:colcon.colcon_core.shell:Creating package script '/home/LifeBot/robot_ws/install/serial/share/serial/package.ps1'
[2.645s] INFO:colcon.colcon_core.shell:Creating package descriptor '/home/LifeBot/robot_ws/install/serial/share/serial/package.dsv'
[2.647s] INFO:colcon.colcon_core.shell:Creating package script '/home/LifeBot/robot_ws/install/serial/share/serial/package.sh'
[2.649s] INFO:colcon.colcon_core.shell:Creating package script '/home/LifeBot/robot_ws/install/serial/share/serial/package.bash'
[2.651s] INFO:colcon.colcon_core.shell:Creating package script '/home/LifeBot/robot_ws/install/serial/share/serial/package.zsh'
[2.653s] Level 1:colcon.colcon_core.environment:create_file_with_runtime_dependencies(/home/LifeBot/robot_ws/install/serial/share/colcon-core/packages/serial)
[2.857s] Level 1:colcon.colcon_core.environment:create_environment_scripts_only(serial)
[2.859s] Level 1:colcon.colcon_core.environment:checking '/home/LifeBot/robot_ws/install/serial' for CMake module files
[2.862s] Level 1:colcon.colcon_core.environment:checking '/home/LifeBot/robot_ws/install/serial' for CMake config files
[2.865s] Level 1:colcon.colcon_core.shell:create_environment_hook('serial', 'cmake_prefix_path')
[2.866s] INFO:colcon.colcon_core.shell:Creating environment hook '/home/LifeBot/robot_ws/install/serial/share/serial/hook/cmake_prefix_path.ps1'
[2.869s] INFO:colcon.colcon_core.shell:Creating environment descriptor '/home/LifeBot/robot_ws/install/serial/share/serial/hook/cmake_prefix_path.dsv'
[2.871s] INFO:colcon.colcon_core.shell:Creating environment hook '/home/LifeBot/robot_ws/install/serial/share/serial/hook/cmake_prefix_path.sh'
[2.874s] Level 1:colcon.colcon_core.environment:checking '/home/LifeBot/robot_ws/install/serial/lib'
[2.875s] Level 1:colcon.colcon_core.environment:checking '/home/LifeBot/robot_ws/install/serial/bin'
[2.876s] Level 1:colcon.colcon_core.environment:checking '/home/LifeBot/robot_ws/install/serial/lib/pkgconfig/serial.pc'
[2.877s] Level 1:colcon.colcon_core.environment:checking '/home/LifeBot/robot_ws/install/serial/lib/python3.10/site-packages'
[2.878s] Level 1:colcon.colcon_core.environment:checking '/home/LifeBot/robot_ws/install/serial/bin'
[2.880s] INFO:colcon.colcon_core.shell:Creating package script '/home/LifeBot/robot_ws/install/serial/share/serial/package.ps1'
[2.882s] INFO:colcon.colcon_core.shell:Creating package descriptor '/home/LifeBot/robot_ws/install/serial/share/serial/package.dsv'
[2.884s] INFO:colcon.colcon_core.shell:Creating package script '/home/LifeBot/robot_ws/install/serial/share/serial/package.sh'
[2.886s] INFO:colcon.colcon_core.shell:Creating package script '/home/LifeBot/robot_ws/install/serial/share/serial/package.bash'
[2.889s] INFO:colcon.colcon_core.shell:Creating package script '/home/LifeBot/robot_ws/install/serial/share/serial/package.zsh'
[2.891s] Level 1:colcon.colcon_core.environment:create_file_with_runtime_dependencies(/home/LifeBot/robot_ws/install/serial/share/colcon-core/packages/serial)
[2.892s] INFO:colcon.colcon_ros.task.ament_cmake.build:Building ROS package in '/home/LifeBot/robot_ws/src/diffdrive_arduino' with build type 'ament_cmake'
[2.893s] INFO:colcon.colcon_cmake.task.cmake.build:Building CMake package in '/home/LifeBot/robot_ws/src/diffdrive_arduino'
[2.895s] INFO:colcon.colcon_core.shell:Skip shell extension 'powershell' for command environment: Not usable outside of PowerShell
[2.895s] DEBUG:colcon.colcon_core.shell:Skip shell extension 'dsv' for command environment
[2.952s] DEBUG:colcon.colcon_core.event_handler.log_command:Invoking command in '/home/LifeBot/robot_ws/build/diffdrive_arduino': CMAKE_PREFIX_PATH=/home/LifeBot/robot_ws/install/serial:/home/LifeBot/robot_ws/install/diffdrive_arduino:/home/LifeBot/robot_ws/install/articubot_one:/opt/ros/humble /usr/bin/cmake --build /home/LifeBot/robot_ws/build/diffdrive_arduino -- -j4 -l4
[3.371s] DEBUG:colcon.colcon_core.event_handler.log_command:Invoked command in '/home/LifeBot/robot_ws/build/diffdrive_arduino' returned '0': CMAKE_PREFIX_PATH=/home/LifeBot/robot_ws/install/serial:/home/LifeBot/robot_ws/install/diffdrive_arduino:/home/LifeBot/robot_ws/install/articubot_one:/opt/ros/humble /usr/bin/cmake --build /home/LifeBot/robot_ws/build/diffdrive_arduino -- -j4 -l4
[3.548s] DEBUG:colcon.colcon_core.event_handler.log_command:Invoking command in '/home/LifeBot/robot_ws/build/diffdrive_arduino': CMAKE_PREFIX_PATH=/home/LifeBot/robot_ws/install/serial:/home/LifeBot/robot_ws/install/diffdrive_arduino:/home/LifeBot/robot_ws/install/articubot_one:/opt/ros/humble /usr/bin/cmake --install /home/LifeBot/robot_ws/build/diffdrive_arduino
[3.652s] Level 1:colcon.colcon_core.environment:create_environment_scripts_only(diffdrive_arduino)
[3.653s] Level 1:colcon.colcon_core.environment:checking '/home/LifeBot/robot_ws/install/diffdrive_arduino' for CMake module files
[3.654s] DEBUG:colcon.colcon_core.event_handler.log_command:Invoked command in '/home/LifeBot/robot_ws/build/diffdrive_arduino' returned '0': CMAKE_PREFIX_PATH=/home/LifeBot/robot_ws/install/serial:/home/LifeBot/robot_ws/install/diffdrive_arduino:/home/LifeBot/robot_ws/install/articubot_one:/opt/ros/humble /usr/bin/cmake --install /home/LifeBot/robot_ws/build/diffdrive_arduino
[3.658s] Level 1:colcon.colcon_core.environment:checking '/home/LifeBot/robot_ws/install/diffdrive_arduino' for CMake config files
[3.661s] Level 1:colcon.colcon_core.shell:create_environment_hook('diffdrive_arduino', 'cmake_prefix_path')
[3.662s] INFO:colcon.colcon_core.shell:Creating environment hook '/home/LifeBot/robot_ws/install/diffdrive_arduino/share/diffdrive_arduino/hook/cmake_prefix_path.ps1'
[3.664s] INFO:colcon.colcon_core.shell:Creating environment descriptor '/home/LifeBot/robot_ws/install/diffdrive_arduino/share/diffdrive_arduino/hook/cmake_prefix_path.dsv'
[3.666s] INFO:colcon.colcon_core.shell:Creating environment hook '/home/LifeBot/robot_ws/install/diffdrive_arduino/share/diffdrive_arduino/hook/cmake_prefix_path.sh'
[3.669s] Level 1:colcon.colcon_core.environment:checking '/home/LifeBot/robot_ws/install/diffdrive_arduino/lib'
[3.669s] Level 1:colcon.colcon_core.shell:create_environment_hook('diffdrive_arduino', 'ld_library_path_lib')
[3.670s] INFO:colcon.colcon_core.shell:Creating environment hook '/home/LifeBot/robot_ws/install/diffdrive_arduino/share/diffdrive_arduino/hook/ld_library_path_lib.ps1'
[3.672s] INFO:colcon.colcon_core.shell:Creating environment descriptor '/home/LifeBot/robot_ws/install/diffdrive_arduino/share/diffdrive_arduino/hook/ld_library_path_lib.dsv'
[3.674s] INFO:colcon.colcon_core.shell:Creating environment hook '/home/LifeBot/robot_ws/install/diffdrive_arduino/share/diffdrive_arduino/hook/ld_library_path_lib.sh'
[3.676s] Level 1:colcon.colcon_core.environment:checking '/home/LifeBot/robot_ws/install/diffdrive_arduino/bin'
[3.677s] Level 1:colcon.colcon_core.environment:checking '/home/LifeBot/robot_ws/install/diffdrive_arduino/lib/pkgconfig/diffdrive_arduino.pc'
[3.678s] Level 1:colcon.colcon_core.environment:checking '/home/LifeBot/robot_ws/install/diffdrive_arduino/lib/python3.10/site-packages'
[3.679s] Level 1:colcon.colcon_core.environment:checking '/home/LifeBot/robot_ws/install/diffdrive_arduino/bin'
[3.680s] INFO:colcon.colcon_core.shell:Creating package script '/home/LifeBot/robot_ws/install/diffdrive_arduino/share/diffdrive_arduino/package.ps1'
[3.682s] INFO:colcon.colcon_core.shell:Creating package descriptor '/home/LifeBot/robot_ws/install/diffdrive_arduino/share/diffdrive_arduino/package.dsv'
[3.685s] INFO:colcon.colcon_core.shell:Creating package script '/home/LifeBot/robot_ws/install/diffdrive_arduino/share/diffdrive_arduino/package.sh'
[3.688s] INFO:colcon.colcon_core.shell:Creating package script '/home/LifeBot/robot_ws/install/diffdrive_arduino/share/diffdrive_arduino/package.bash'
[3.690s] INFO:colcon.colcon_core.shell:Creating package script '/home/LifeBot/robot_ws/install/diffdrive_arduino/share/diffdrive_arduino/package.zsh'
[3.692s] Level 1:colcon.colcon_core.environment:create_file_with_runtime_dependencies(/home/LifeBot/robot_ws/install/diffdrive_arduino/share/colcon-core/packages/diffdrive_arduino)
[3.873s] Level 1:colcon.colcon_core.environment:create_environment_scripts_only(diffdrive_arduino)
[3.875s] Level 1:colcon.colcon_core.environment:checking '/home/LifeBot/robot_ws/install/diffdrive_arduino' for CMake module files
[3.879s] Level 1:colcon.colcon_core.environment:checking '/home/LifeBot/robot_ws/install/diffdrive_arduino' for CMake config files
[3.883s] Level 1:colcon.colcon_core.shell:create_environment_hook('diffdrive_arduino', 'cmake_prefix_path')
[3.884s] INFO:colcon.colcon_core.shell:Creating environment hook '/home/LifeBot/robot_ws/install/diffdrive_arduino/share/diffdrive_arduino/hook/cmake_prefix_path.ps1'
[3.886s] INFO:colcon.colcon_core.shell:Creating environment descriptor '/home/LifeBot/robot_ws/install/diffdrive_arduino/share/diffdrive_arduino/hook/cmake_prefix_path.dsv'
[3.889s] INFO:colcon.colcon_core.shell:Creating environment hook '/home/LifeBot/robot_ws/install/diffdrive_arduino/share/diffdrive_arduino/hook/cmake_prefix_path.sh'
[3.893s] Level 1:colcon.colcon_core.environment:checking '/home/LifeBot/robot_ws/install/diffdrive_arduino/lib'
[3.894s] Level 1:colcon.colcon_core.shell:create_environment_hook('diffdrive_arduino', 'ld_library_path_lib')
[3.895s] INFO:colcon.colcon_core.shell:Creating environment hook '/home/LifeBot/robot_ws/install/diffdrive_arduino/share/diffdrive_arduino/hook/ld_library_path_lib.ps1'
[3.898s] INFO:colcon.colcon_core.shell:Creating environment descriptor '/home/LifeBot/robot_ws/install/diffdrive_arduino/share/diffdrive_arduino/hook/ld_library_path_lib.dsv'
[3.901s] INFO:colcon.colcon_core.shell:Creating environment hook '/home/LifeBot/robot_ws/install/diffdrive_arduino/share/diffdrive_arduino/hook/ld_library_path_lib.sh'
[3.904s] Level 1:colcon.colcon_core.environment:checking '/home/LifeBot/robot_ws/install/diffdrive_arduino/bin'
[3.905s] Level 1:colcon.colcon_core.environment:checking '/home/LifeBot/robot_ws/install/diffdrive_arduino/lib/pkgconfig/diffdrive_arduino.pc'
[3.907s] Level 1:colcon.colcon_core.environment:checking '/home/LifeBot/robot_ws/install/diffdrive_arduino/lib/python3.10/site-packages'
[3.909s] Level 1:colcon.colcon_core.environment:checking '/home/LifeBot/robot_ws/install/diffdrive_arduino/bin'
[3.911s] INFO:colcon.colcon_core.shell:Creating package script '/home/LifeBot/robot_ws/install/diffdrive_arduino/share/diffdrive_arduino/package.ps1'
[3.915s] INFO:colcon.colcon_core.shell:Creating package descriptor '/home/LifeBot/robot_ws/install/diffdrive_arduino/share/diffdrive_arduino/package.dsv'
[3.918s] INFO:colcon.colcon_core.shell:Creating package script '/home/LifeBot/robot_ws/install/diffdrive_arduino/share/diffdrive_arduino/package.sh'
[3.921s] INFO:colcon.colcon_core.shell:Creating package script '/home/LifeBot/robot_ws/install/diffdrive_arduino/share/diffdrive_arduino/package.bash'
[3.924s] INFO:colcon.colcon_core.shell:Creating package script '/home/LifeBot/robot_ws/install/diffdrive_arduino/share/diffdrive_arduino/package.zsh'
[3.927s] Level 1:colcon.colcon_core.environment:create_file_with_runtime_dependencies(/home/LifeBot/robot_ws/install/diffdrive_arduino/share/colcon-core/packages/diffdrive_arduino)
[3.929s] DEBUG:colcon.colcon_parallel_executor.executor.parallel:closing loop
[3.935s] DEBUG:colcon.colcon_parallel_executor.executor.parallel:loop closed
[3.936s] DEBUG:colcon.colcon_parallel_executor.executor.parallel:run_until_complete finished with '0'
[3.936s] DEBUG:colcon.colcon_core.event_reactor:joining thread
[3.966s] INFO:colcon.colcon_core.plugin_system:Skipping extension 'colcon_notification.desktop_notification.notify_send': Could not find 'notify-send'
[3.966s] INFO:colcon.colcon_core.plugin_system:Skipping extension 'colcon_notification.desktop_notification.terminal_notifier': Not used on non-Darwin systems
[3.967s] INFO:colcon.colcon_core.plugin_system:Skipping extension 'colcon_notification.desktop_notification.win32': Not used on non-Windows systems
[3.967s] INFO:colcon.colcon_notification.desktop_notification:Sending desktop notification using 'notify2'
[3.970s] DEBUG:colcon.colcon_notification.desktop_notification.notify2:Failed to initialize notify2: org.freedesktop.DBus.Error.ServiceUnknown: The name org.freedesktop.Notifications was not provided by any .service files
[3.971s] DEBUG:colcon.colcon_core.event_reactor:joined thread
[3.972s] INFO:colcon.colcon_core.shell:Creating prefix script '/home/LifeBot/robot_ws/install/local_setup.ps1'
[3.976s] INFO:colcon.colcon_core.shell:Creating prefix util module '/home/LifeBot/robot_ws/install/_local_setup_util_ps1.py'
[3.982s] INFO:colcon.colcon_core.shell:Creating prefix chain script '/home/LifeBot/robot_ws/install/setup.ps1'
[3.988s] INFO:colcon.colcon_core.shell:Creating prefix script '/home/LifeBot/robot_ws/install/local_setup.sh'
[3.991s] INFO:colcon.colcon_core.shell:Creating prefix util module '/home/LifeBot/robot_ws/install/_local_setup_util_sh.py'
[3.995s] INFO:colcon.colcon_core.shell:Creating prefix chain script '/home/LifeBot/robot_ws/install/setup.sh'
[4.002s] INFO:colcon.colcon_core.shell:Creating prefix script '/home/LifeBot/robot_ws/install/local_setup.bash'
[4.005s] INFO:colcon.colcon_core.shell:Creating prefix chain script '/home/LifeBot/robot_ws/install/setup.bash'
[4.011s] INFO:colcon.colcon_core.shell:Creating prefix script '/home/LifeBot/robot_ws/install/local_setup.zsh'
[4.014s] INFO:colcon.colcon_core.shell:Creating prefix chain script '/home/LifeBot/robot_ws/install/setup.zsh'
