[0.091s] Invoking command in '/home/LifeBot/robot_ws/build/serial': CMAKE_PREFIX_PATH=${CMAKE_PREFIX_PATH}:/opt/ros/humble /usr/bin/cmake --build /home/LifeBot/robot_ws/build/serial -- -j4 -l4
[0.358s] [ 14%] Built target gtest_main
[0.432s] [ 42%] Built target serial
[0.453s] [ 57%] Built target gtest
[0.567s] [ 71%] Built target serial_example
[0.631s] [ 85%] Built target serial-test-timer
[0.644s] [100%] Built target serial-test
[0.722s] Invoked command in '/home/LifeBot/robot_ws/build/serial' returned '0': CMAKE_PREFIX_PATH=${CMAKE_PREFIX_PATH}:/opt/ros/humble /usr/bin/cmake --build /home/LifeBot/robot_ws/build/serial -- -j4 -l4
[1.039s] Invoking command in '/home/LifeBot/robot_ws/build/serial': CMAKE_PREFIX_PATH=${CMAKE_PREFIX_PATH}:/opt/ros/humble /usr/bin/cmake --install /home/LifeBot/robot_ws/build/serial
[1.080s] -- Install configuration: ""
[1.086s] -- Execute custom install script
[1.090s] -- Up-to-date symlink: /home/LifeBot/robot_ws/install/serial/lib/libserial.a
[1.093s] -- Up-to-date symlink: /home/LifeBot/robot_ws/install/serial/include/serial/serial.h
[1.095s] -- Up-to-date symlink: /home/LifeBot/robot_ws/install/serial/include/serial/v8stdint.h
[1.098s] -- Up-to-date symlink: /home/LifeBot/robot_ws/install/serial/share/serial/environment/library_path.sh
[1.101s] -- Up-to-date symlink: /home/LifeBot/robot_ws/install/serial/share/serial/environment/library_path.dsv
[1.104s] -- Up-to-date symlink: /home/LifeBot/robot_ws/install/serial/share/ament_index/resource_index/package_run_dependencies/serial
[1.106s] -- Up-to-date symlink: /home/LifeBot/robot_ws/install/serial/share/ament_index/resource_index/parent_prefix_path/serial
[1.109s] -- Up-to-date symlink: /home/LifeBot/robot_ws/install/serial/share/serial/environment/ament_prefix_path.sh
[1.112s] -- Up-to-date symlink: /home/LifeBot/robot_ws/install/serial/share/serial/environment/ament_prefix_path.dsv
[1.115s] -- Up-to-date symlink: /home/LifeBot/robot_ws/install/serial/share/serial/environment/path.sh
[1.118s] -- Up-to-date symlink: /home/LifeBot/robot_ws/install/serial/share/serial/environment/path.dsv
[1.121s] -- Up-to-date symlink: /home/LifeBot/robot_ws/install/serial/share/serial/local_setup.bash
[1.123s] -- Up-to-date symlink: /home/LifeBot/robot_ws/install/serial/share/serial/local_setup.sh
[1.125s] -- Up-to-date symlink: /home/LifeBot/robot_ws/install/serial/share/serial/local_setup.zsh
[1.127s] -- Up-to-date symlink: /home/LifeBot/robot_ws/install/serial/share/serial/local_setup.dsv
[1.129s] -- Symlinking: /home/LifeBot/robot_ws/install/serial/share/serial/package.dsv
[1.175s] -- Up-to-date symlink: /home/LifeBot/robot_ws/install/serial/share/ament_index/resource_index/packages/serial
[1.177s] -- Up-to-date symlink: /home/LifeBot/robot_ws/install/serial/share/serial/cmake/ament_cmake_export_include_directories-extras.cmake
[1.180s] -- Up-to-date symlink: /home/LifeBot/robot_ws/install/serial/share/serial/cmake/ament_cmake_export_libraries-extras.cmake
[1.182s] -- Up-to-date symlink: /home/LifeBot/robot_ws/install/serial/share/serial/cmake/serialConfig.cmake
[1.184s] -- Up-to-date symlink: /home/LifeBot/robot_ws/install/serial/share/serial/cmake/serialConfig-version.cmake
[1.186s] -- Up-to-date symlink: /home/LifeBot/robot_ws/install/serial/share/serial/package.xml
[1.199s] Invoked command in '/home/LifeBot/robot_ws/build/serial' returned '0': CMAKE_PREFIX_PATH=${CMAKE_PREFIX_PATH}:/opt/ros/humble /usr/bin/cmake --install /home/LifeBot/robot_ws/build/serial
