[0.085s] Invoking command in '/home/LifeBot/robot_ws/build/rplidar_ros': /usr/bin/cmake /home/LifeBot/robot_ws/src/rplidar_ros2 -DAMENT_CMAKE_SYMLINK_INSTALL=1 -DCMAKE_INSTALL_PREFIX=/home/LifeBot/robot_ws/install/rplidar_ros
[0.665s] -- The C compiler identification is GNU 11.4.0
[1.518s] -- The CXX compiler identification is GNU 11.4.0
[1.552s] -- Detecting C compiler ABI info
[2.034s] -- Detecting C compiler ABI info - done
[2.078s] -- Check for working C compiler: /usr/bin/cc - skipped
[2.082s] -- Detecting C compile features
[2.082s] -- Detecting C compile features - done
[2.093s] -- Detecting CXX compiler ABI info
[2.442s] -- Detecting CXX compiler ABI info - done
[2.474s] -- Check for working CXX compiler: /usr/bin/c++ - skipped
[2.475s] -- Detecting CXX compile features
[2.477s] -- Detecting CXX compile features - done
[2.597s] [31mCMake Error at CMakeLists.txt:27 (find_package):
[2.598s]   By not providing "Findament_cmake_auto.cmake" in CMAKE_MODULE_PATH this
[2.598s]   project has asked CMake to find a package configuration file provided by
[2.599s]   "ament_cmake_auto", but CMake did not find one.
[2.600s] 
[2.602s]   Could not find a package configuration file provided by "ament_cmake_auto"
[2.603s]   with any of the following names:
[2.606s] 
[2.608s]     ament_cmake_autoConfig.cmake
[2.609s]     ament_cmake_auto-config.cmake
[2.610s] 
[2.612s]   Add the installation prefix of "ament_cmake_auto" to CMAKE_PREFIX_PATH or
[2.625s]   set "ament_cmake_auto_DIR" to a directory containing one of the above
[2.626s]   files.  If "ament_cmake_auto" provides a separate development package or
[2.627s]   SDK, be sure it has been installed.
[2.628s] 
[2.628s] -- Configuring incomplete, errors occurred!
[2.629s] See also "/home/LifeBot/robot_ws/build/rplidar_ros/CMakeFiles/CMakeOutput.log".
[2.629s] [0m
[2.630s] Invoked command in '/home/LifeBot/robot_ws/build/rplidar_ros' returned '1': /usr/bin/cmake /home/LifeBot/robot_ws/src/rplidar_ros2 -DAMENT_CMAKE_SYMLINK_INSTALL=1 -DCMAKE_INSTALL_PREFIX=/home/LifeBot/robot_ws/install/rplidar_ros
