[0.429s] DEBUG:colcon:Command line arguments: ['/usr/bin/colcon', 'build', '--symlink-install']
[0.430s] DEBUG:colcon:Parsed command line arguments: Namespace(log_base=None, log_level=None, verb_name='build', build_base='build', install_base='install', merge_install=False, symlink_install=True, test_result_base=None, continue_on_error=False, executor='parallel', parallel_workers=4, event_handlers=None, ignore_user_meta=False, metas=['./colcon.meta'], base_paths=['.'], packages_ignore=None, packages_ignore_regex=None, paths=None, packages_up_to=None, packages_up_to_regex=None, packages_above=None, packages_above_and_dependencies=None, packages_above_depth=None, packages_select_by_dep=None, packages_skip_by_dep=None, packages_skip_up_to=None, packages_select_build_failed=False, packages_skip_build_finished=False, packages_select_test_failures=False, packages_skip_test_passed=False, packages_select=None, packages_skip=None, packages_select_regex=None, packages_skip_regex=None, packages_start=None, packages_end=None, allow_overriding=[], cmake_args=None, cmake_target=None, cmake_target_skip_unavailable=False, cmake_clean_cache=False, cmake_clean_first=False, cmake_force_configure=False, ament_cmake_args=None, catkin_cmake_args=None, catkin_skip_building_tests=False, verb_parser=<colcon_defaults.argument_parser.defaults.DefaultArgumentsDecorator object at 0xffff989b1090>, verb_extension=<colcon_core.verb.build.BuildVerb object at 0xffff989b0bb0>, main=<bound method BuildVerb.main of <colcon_core.verb.build.BuildVerb object at 0xffff989b0bb0>>)
[1.295s] Level 1:colcon.colcon_core.package_discovery:discover_packages(colcon_meta) check parameters
[1.296s] Level 1:colcon.colcon_core.package_discovery:discover_packages(recursive) check parameters
[1.296s] Level 1:colcon.colcon_core.package_discovery:discover_packages(ignore) check parameters
[1.296s] Level 1:colcon.colcon_core.package_discovery:discover_packages(path) check parameters
[1.296s] Level 1:colcon.colcon_core.package_discovery:discover_packages(colcon_meta) discover
[1.296s] Level 1:colcon.colcon_core.package_discovery:discover_packages(recursive) discover
[1.297s] INFO:colcon.colcon_core.package_discovery:Crawling recursively for packages in '/home/LifeBot/robot_ws'
[1.297s] Level 1:colcon.colcon_core.package_identification:_identify(.) by extensions ['ignore', 'ignore_ament_install']
[1.297s] Level 1:colcon.colcon_core.package_identification:_identify(.) by extension 'ignore'
[1.298s] Level 1:colcon.colcon_core.package_identification:_identify(.) by extension 'ignore_ament_install'
[1.298s] Level 1:colcon.colcon_core.package_identification:_identify(.) by extensions ['colcon_pkg']
[1.298s] Level 1:colcon.colcon_core.package_identification:_identify(.) by extension 'colcon_pkg'
[1.299s] Level 1:colcon.colcon_core.package_identification:_identify(.) by extensions ['colcon_meta']
[1.299s] Level 1:colcon.colcon_core.package_identification:_identify(.) by extension 'colcon_meta'
[1.299s] Level 1:colcon.colcon_core.package_identification:_identify(.) by extensions ['ros']
[1.299s] Level 1:colcon.colcon_core.package_identification:_identify(.) by extension 'ros'
[1.345s] Level 1:colcon.colcon_core.package_identification:_identify(.) by extensions ['cmake', 'python']
[1.345s] Level 1:colcon.colcon_core.package_identification:_identify(.) by extension 'cmake'
[1.345s] Level 1:colcon.colcon_core.package_identification:_identify(.) by extension 'python'
[1.345s] Level 1:colcon.colcon_core.package_identification:_identify(.) by extensions ['python_setup_py']
[1.346s] Level 1:colcon.colcon_core.package_identification:_identify(.) by extension 'python_setup_py'
[1.346s] Level 1:colcon.colcon_core.package_identification:_identify(build) by extensions ['ignore', 'ignore_ament_install']
[1.347s] Level 1:colcon.colcon_core.package_identification:_identify(build) by extension 'ignore'
[1.347s] Level 1:colcon.colcon_core.package_identification:_identify(build) ignored
[1.348s] Level 1:colcon.colcon_core.package_identification:_identify(install) by extensions ['ignore', 'ignore_ament_install']
[1.348s] Level 1:colcon.colcon_core.package_identification:_identify(install) by extension 'ignore'
[1.349s] Level 1:colcon.colcon_core.package_identification:_identify(install) ignored
[1.349s] Level 1:colcon.colcon_core.package_identification:_identify(log) by extensions ['ignore', 'ignore_ament_install']
[1.350s] Level 1:colcon.colcon_core.package_identification:_identify(log) by extension 'ignore'
[1.350s] Level 1:colcon.colcon_core.package_identification:_identify(log) ignored
[1.350s] Level 1:colcon.colcon_core.package_identification:_identify(src) by extensions ['ignore', 'ignore_ament_install']
[1.351s] Level 1:colcon.colcon_core.package_identification:_identify(src) by extension 'ignore'
[1.351s] Level 1:colcon.colcon_core.package_identification:_identify(src) by extension 'ignore_ament_install'
[1.351s] Level 1:colcon.colcon_core.package_identification:_identify(src) by extensions ['colcon_pkg']
[1.352s] Level 1:colcon.colcon_core.package_identification:_identify(src) by extension 'colcon_pkg'
[1.352s] Level 1:colcon.colcon_core.package_identification:_identify(src) by extensions ['colcon_meta']
[1.352s] Level 1:colcon.colcon_core.package_identification:_identify(src) by extension 'colcon_meta'
[1.352s] Level 1:colcon.colcon_core.package_identification:_identify(src) by extensions ['ros']
[1.352s] Level 1:colcon.colcon_core.package_identification:_identify(src) by extension 'ros'
[1.353s] Level 1:colcon.colcon_core.package_identification:_identify(src) by extensions ['cmake', 'python']
[1.353s] Level 1:colcon.colcon_core.package_identification:_identify(src) by extension 'cmake'
[1.353s] Level 1:colcon.colcon_core.package_identification:_identify(src) by extension 'python'
[1.353s] Level 1:colcon.colcon_core.package_identification:_identify(src) by extensions ['python_setup_py']
[1.353s] Level 1:colcon.colcon_core.package_identification:_identify(src) by extension 'python_setup_py'
[1.354s] Level 1:colcon.colcon_core.package_identification:_identify(src/articubot_one) by extensions ['ignore', 'ignore_ament_install']
[1.355s] Level 1:colcon.colcon_core.package_identification:_identify(src/articubot_one) by extension 'ignore'
[1.355s] Level 1:colcon.colcon_core.package_identification:_identify(src/articubot_one) by extension 'ignore_ament_install'
[1.355s] Level 1:colcon.colcon_core.package_identification:_identify(src/articubot_one) by extensions ['colcon_pkg']
[1.355s] Level 1:colcon.colcon_core.package_identification:_identify(src/articubot_one) by extension 'colcon_pkg'
[1.356s] Level 1:colcon.colcon_core.package_identification:_identify(src/articubot_one) by extensions ['colcon_meta']
[1.356s] Level 1:colcon.colcon_core.package_identification:_identify(src/articubot_one) by extension 'colcon_meta'
[1.356s] Level 1:colcon.colcon_core.package_identification:_identify(src/articubot_one) by extensions ['ros']
[1.356s] Level 1:colcon.colcon_core.package_identification:_identify(src/articubot_one) by extension 'ros'
[1.365s] DEBUG:colcon.colcon_core.package_identification:Package 'src/articubot_one' with type 'ros.ament_cmake' and name 'articubot_one'
[1.365s] Level 1:colcon.colcon_core.package_identification:_identify(src/diffdrive_arduino) by extensions ['ignore', 'ignore_ament_install']
[1.366s] Level 1:colcon.colcon_core.package_identification:_identify(src/diffdrive_arduino) by extension 'ignore'
[1.366s] Level 1:colcon.colcon_core.package_identification:_identify(src/diffdrive_arduino) by extension 'ignore_ament_install'
[1.367s] Level 1:colcon.colcon_core.package_identification:_identify(src/diffdrive_arduino) by extensions ['colcon_pkg']
[1.367s] Level 1:colcon.colcon_core.package_identification:_identify(src/diffdrive_arduino) by extension 'colcon_pkg'
[1.367s] Level 1:colcon.colcon_core.package_identification:_identify(src/diffdrive_arduino) by extensions ['colcon_meta']
[1.367s] Level 1:colcon.colcon_core.package_identification:_identify(src/diffdrive_arduino) by extension 'colcon_meta'
[1.368s] Level 1:colcon.colcon_core.package_identification:_identify(src/diffdrive_arduino) by extensions ['ros']
[1.368s] Level 1:colcon.colcon_core.package_identification:_identify(src/diffdrive_arduino) by extension 'ros'
[1.372s] DEBUG:colcon.colcon_core.package_identification:Package 'src/diffdrive_arduino' with type 'ros.ament_cmake' and name 'diffdrive_arduino'
[1.373s] Level 1:colcon.colcon_core.package_identification:_identify(src/serial) by extensions ['ignore', 'ignore_ament_install']
[1.373s] Level 1:colcon.colcon_core.package_identification:_identify(src/serial) by extension 'ignore'
[1.374s] Level 1:colcon.colcon_core.package_identification:_identify(src/serial) by extension 'ignore_ament_install'
[1.374s] Level 1:colcon.colcon_core.package_identification:_identify(src/serial) by extensions ['colcon_pkg']
[1.375s] Level 1:colcon.colcon_core.package_identification:_identify(src/serial) by extension 'colcon_pkg'
[1.375s] Level 1:colcon.colcon_core.package_identification:_identify(src/serial) by extensions ['colcon_meta']
[1.375s] Level 1:colcon.colcon_core.package_identification:_identify(src/serial) by extension 'colcon_meta'
[1.375s] Level 1:colcon.colcon_core.package_identification:_identify(src/serial) by extensions ['ros']
[1.375s] Level 1:colcon.colcon_core.package_identification:_identify(src/serial) by extension 'ros'
[1.378s] DEBUG:colcon.colcon_core.package_identification:Package 'src/serial' with type 'ros.ament_cmake' and name 'serial'
[1.378s] Level 1:colcon.colcon_core.package_discovery:discover_packages(recursive) using defaults
[1.378s] Level 1:colcon.colcon_core.package_discovery:discover_packages(ignore) discover
[1.378s] Level 1:colcon.colcon_core.package_discovery:discover_packages(ignore) using defaults
[1.379s] Level 1:colcon.colcon_core.package_discovery:discover_packages(path) discover
[1.379s] Level 1:colcon.colcon_core.package_discovery:discover_packages(path) using defaults
[1.458s] Level 1:colcon.colcon_core.package_discovery:discover_packages(prefix_path) check parameters
[1.458s] Level 1:colcon.colcon_core.package_discovery:discover_packages(prefix_path) discover
[1.467s] DEBUG:colcon.colcon_installed_package_information.package_discovery:Found 3 installed packages in /home/LifeBot/robot_ws/install
[1.477s] DEBUG:colcon.colcon_installed_package_information.package_discovery:Found 313 installed packages in /opt/ros/humble
[1.520s] Level 1:colcon.colcon_core.package_discovery:discover_packages(prefix_path) using defaults
[1.698s] Level 5:colcon.colcon_core.verb:set package 'articubot_one' build argument 'cmake_args' from command line to 'None'
[1.698s] Level 5:colcon.colcon_core.verb:set package 'articubot_one' build argument 'cmake_target' from command line to 'None'
[1.698s] Level 5:colcon.colcon_core.verb:set package 'articubot_one' build argument 'cmake_target_skip_unavailable' from command line to 'False'
[1.699s] Level 5:colcon.colcon_core.verb:set package 'articubot_one' build argument 'cmake_clean_cache' from command line to 'False'
[1.699s] Level 5:colcon.colcon_core.verb:set package 'articubot_one' build argument 'cmake_clean_first' from command line to 'False'
[1.699s] Level 5:colcon.colcon_core.verb:set package 'articubot_one' build argument 'cmake_force_configure' from command line to 'False'
[1.699s] Level 5:colcon.colcon_core.verb:set package 'articubot_one' build argument 'ament_cmake_args' from command line to 'None'
[1.699s] Level 5:colcon.colcon_core.verb:set package 'articubot_one' build argument 'catkin_cmake_args' from command line to 'None'
[1.699s] Level 5:colcon.colcon_core.verb:set package 'articubot_one' build argument 'catkin_skip_building_tests' from command line to 'False'
[1.699s] DEBUG:colcon.colcon_core.verb:Building package 'articubot_one' with the following arguments: {'ament_cmake_args': None, 'build_base': '/home/LifeBot/robot_ws/build/articubot_one', 'catkin_cmake_args': None, 'catkin_skip_building_tests': False, 'cmake_args': None, 'cmake_clean_cache': False, 'cmake_clean_first': False, 'cmake_force_configure': False, 'cmake_target': None, 'cmake_target_skip_unavailable': False, 'install_base': '/home/LifeBot/robot_ws/install/articubot_one', 'merge_install': False, 'path': '/home/LifeBot/robot_ws/src/articubot_one', 'symlink_install': True, 'test_result_base': None}
[1.701s] Level 5:colcon.colcon_core.verb:set package 'diffdrive_arduino' build argument 'cmake_args' from command line to 'None'
[1.701s] Level 5:colcon.colcon_core.verb:set package 'diffdrive_arduino' build argument 'cmake_target' from command line to 'None'
[1.701s] Level 5:colcon.colcon_core.verb:set package 'diffdrive_arduino' build argument 'cmake_target_skip_unavailable' from command line to 'False'
[1.701s] Level 5:colcon.colcon_core.verb:set package 'diffdrive_arduino' build argument 'cmake_clean_cache' from command line to 'False'
[1.702s] Level 5:colcon.colcon_core.verb:set package 'diffdrive_arduino' build argument 'cmake_clean_first' from command line to 'False'
[1.702s] Level 5:colcon.colcon_core.verb:set package 'diffdrive_arduino' build argument 'cmake_force_configure' from command line to 'False'
[1.702s] Level 5:colcon.colcon_core.verb:set package 'diffdrive_arduino' build argument 'ament_cmake_args' from command line to 'None'
[1.702s] Level 5:colcon.colcon_core.verb:set package 'diffdrive_arduino' build argument 'catkin_cmake_args' from command line to 'None'
[1.702s] Level 5:colcon.colcon_core.verb:set package 'diffdrive_arduino' build argument 'catkin_skip_building_tests' from command line to 'False'
[1.702s] DEBUG:colcon.colcon_core.verb:Building package 'diffdrive_arduino' with the following arguments: {'ament_cmake_args': None, 'build_base': '/home/LifeBot/robot_ws/build/diffdrive_arduino', 'catkin_cmake_args': None, 'catkin_skip_building_tests': False, 'cmake_args': None, 'cmake_clean_cache': False, 'cmake_clean_first': False, 'cmake_force_configure': False, 'cmake_target': None, 'cmake_target_skip_unavailable': False, 'install_base': '/home/LifeBot/robot_ws/install/diffdrive_arduino', 'merge_install': False, 'path': '/home/LifeBot/robot_ws/src/diffdrive_arduino', 'symlink_install': True, 'test_result_base': None}
[1.704s] Level 5:colcon.colcon_core.verb:set package 'serial' build argument 'cmake_args' from command line to 'None'
[1.704s] Level 5:colcon.colcon_core.verb:set package 'serial' build argument 'cmake_target' from command line to 'None'
[1.704s] Level 5:colcon.colcon_core.verb:set package 'serial' build argument 'cmake_target_skip_unavailable' from command line to 'False'
[1.704s] Level 5:colcon.colcon_core.verb:set package 'serial' build argument 'cmake_clean_cache' from command line to 'False'
[1.704s] Level 5:colcon.colcon_core.verb:set package 'serial' build argument 'cmake_clean_first' from command line to 'False'
[1.705s] Level 5:colcon.colcon_core.verb:set package 'serial' build argument 'cmake_force_configure' from command line to 'False'
[1.705s] Level 5:colcon.colcon_core.verb:set package 'serial' build argument 'ament_cmake_args' from command line to 'None'
[1.705s] Level 5:colcon.colcon_core.verb:set package 'serial' build argument 'catkin_cmake_args' from command line to 'None'
[1.705s] Level 5:colcon.colcon_core.verb:set package 'serial' build argument 'catkin_skip_building_tests' from command line to 'False'
[1.705s] DEBUG:colcon.colcon_core.verb:Building package 'serial' with the following arguments: {'ament_cmake_args': None, 'build_base': '/home/LifeBot/robot_ws/build/serial', 'catkin_cmake_args': None, 'catkin_skip_building_tests': False, 'cmake_args': None, 'cmake_clean_cache': False, 'cmake_clean_first': False, 'cmake_force_configure': False, 'cmake_target': None, 'cmake_target_skip_unavailable': False, 'install_base': '/home/LifeBot/robot_ws/install/serial', 'merge_install': False, 'path': '/home/LifeBot/robot_ws/src/serial', 'symlink_install': True, 'test_result_base': None}
[1.706s] INFO:colcon.colcon_core.executor:Executing jobs using 'parallel' executor
[1.709s] DEBUG:colcon.colcon_parallel_executor.executor.parallel:run_until_complete
[1.710s] INFO:colcon.colcon_ros.task.ament_cmake.build:Building ROS package in '/home/LifeBot/robot_ws/src/articubot_one' with build type 'ament_cmake'
[1.712s] INFO:colcon.colcon_cmake.task.cmake.build:Building CMake package in '/home/LifeBot/robot_ws/src/articubot_one'
[1.721s] INFO:colcon.colcon_core.plugin_system:Skipping extension 'colcon_core.shell.bat': Not used on non-Windows systems
[1.721s] INFO:colcon.colcon_core.shell:Skip shell extension 'powershell' for command environment: Not usable outside of PowerShell
[1.722s] DEBUG:colcon.colcon_core.shell:Skip shell extension 'dsv' for command environment
[1.741s] INFO:colcon.colcon_ros.task.ament_cmake.build:Building ROS package in '/home/LifeBot/robot_ws/src/diffdrive_arduino' with build type 'ament_cmake'
[1.743s] INFO:colcon.colcon_cmake.task.cmake.build:Building CMake package in '/home/LifeBot/robot_ws/src/diffdrive_arduino'
[1.744s] INFO:colcon.colcon_core.shell:Skip shell extension 'powershell' for command environment: Not usable outside of PowerShell
[1.744s] DEBUG:colcon.colcon_core.shell:Skip shell extension 'dsv' for command environment
[1.765s] INFO:colcon.colcon_ros.task.ament_cmake.build:Building ROS package in '/home/LifeBot/robot_ws/src/serial' with build type 'ament_cmake'
[1.766s] INFO:colcon.colcon_cmake.task.cmake.build:Building CMake package in '/home/LifeBot/robot_ws/src/serial'
[1.767s] INFO:colcon.colcon_core.shell:Skip shell extension 'powershell' for command environment: Not usable outside of PowerShell
[1.767s] DEBUG:colcon.colcon_core.shell:Skip shell extension 'dsv' for command environment
[1.805s] DEBUG:colcon.colcon_core.event_handler.log_command:Invoking command in '/home/LifeBot/robot_ws/build/articubot_one': CMAKE_PREFIX_PATH=${CMAKE_PREFIX_PATH}:/opt/ros/humble /usr/bin/cmake --build /home/LifeBot/robot_ws/build/articubot_one -- -j4 -l4
[1.835s] DEBUG:colcon.colcon_core.event_handler.log_command:Invoking command in '/home/LifeBot/robot_ws/build/diffdrive_arduino': CMAKE_PREFIX_PATH=${CMAKE_PREFIX_PATH}:/opt/ros/humble /usr/bin/cmake --build /home/LifeBot/robot_ws/build/diffdrive_arduino -- -j4 -l4
[1.865s] DEBUG:colcon.colcon_core.event_handler.log_command:Invoking command in '/home/LifeBot/robot_ws/build/serial': CMAKE_PREFIX_PATH=${CMAKE_PREFIX_PATH}:/opt/ros/humble /usr/bin/cmake --build /home/LifeBot/robot_ws/build/serial -- -j4 -l4
[3.518s] DEBUG:colcon.colcon_core.event_handler.log_command:Invoked command in '/home/LifeBot/robot_ws/build/articubot_one' returned '0': CMAKE_PREFIX_PATH=${CMAKE_PREFIX_PATH}:/opt/ros/humble /usr/bin/cmake --build /home/LifeBot/robot_ws/build/articubot_one -- -j4 -l4
[3.993s] DEBUG:colcon.colcon_core.event_handler.log_command:Invoking command in '/home/LifeBot/robot_ws/build/articubot_one': CMAKE_PREFIX_PATH=${CMAKE_PREFIX_PATH}:/opt/ros/humble /usr/bin/cmake --install /home/LifeBot/robot_ws/build/articubot_one
[4.454s] Level 1:colcon.colcon_core.environment:create_environment_scripts_only(articubot_one)
[4.460s] DEBUG:colcon.colcon_core.event_handler.log_command:Invoked command in '/home/LifeBot/robot_ws/build/articubot_one' returned '0': CMAKE_PREFIX_PATH=${CMAKE_PREFIX_PATH}:/opt/ros/humble /usr/bin/cmake --install /home/LifeBot/robot_ws/build/articubot_one
[4.499s] Level 1:colcon.colcon_core.environment:checking '/home/LifeBot/robot_ws/install/articubot_one' for CMake module files
[4.505s] Level 1:colcon.colcon_core.environment:checking '/home/LifeBot/robot_ws/install/articubot_one' for CMake config files
[4.510s] Level 1:colcon.colcon_core.shell:create_environment_hook('articubot_one', 'cmake_prefix_path')
[4.516s] INFO:colcon.colcon_core.shell:Creating environment hook '/home/LifeBot/robot_ws/install/articubot_one/share/articubot_one/hook/cmake_prefix_path.ps1'
[4.540s] INFO:colcon.colcon_core.shell:Creating environment descriptor '/home/LifeBot/robot_ws/install/articubot_one/share/articubot_one/hook/cmake_prefix_path.dsv'
[4.548s] INFO:colcon.colcon_core.shell:Creating environment hook '/home/LifeBot/robot_ws/install/articubot_one/share/articubot_one/hook/cmake_prefix_path.sh'
[4.559s] Level 1:colcon.colcon_core.environment:checking '/home/LifeBot/robot_ws/install/articubot_one/bin'
[4.561s] Level 1:colcon.colcon_core.environment:checking '/home/LifeBot/robot_ws/install/articubot_one/lib/pkgconfig/articubot_one.pc'
[4.564s] Level 1:colcon.colcon_core.environment:checking '/home/LifeBot/robot_ws/install/articubot_one/lib/python3.10/site-packages'
[4.567s] Level 1:colcon.colcon_core.environment:checking '/home/LifeBot/robot_ws/install/articubot_one/bin'
[4.571s] INFO:colcon.colcon_core.shell:Creating package script '/home/LifeBot/robot_ws/install/articubot_one/share/articubot_one/package.ps1'
[4.580s] INFO:colcon.colcon_core.shell:Creating package descriptor '/home/LifeBot/robot_ws/install/articubot_one/share/articubot_one/package.dsv'
[4.589s] INFO:colcon.colcon_core.shell:Creating package script '/home/LifeBot/robot_ws/install/articubot_one/share/articubot_one/package.sh'
[4.599s] INFO:colcon.colcon_core.shell:Creating package script '/home/LifeBot/robot_ws/install/articubot_one/share/articubot_one/package.bash'
[4.608s] INFO:colcon.colcon_core.shell:Creating package script '/home/LifeBot/robot_ws/install/articubot_one/share/articubot_one/package.zsh'
[4.618s] Level 1:colcon.colcon_core.environment:create_file_with_runtime_dependencies(/home/LifeBot/robot_ws/install/articubot_one/share/colcon-core/packages/articubot_one)
[4.797s] Level 1:colcon.colcon_core.environment:create_environment_scripts_only(articubot_one)
[4.800s] Level 1:colcon.colcon_core.environment:checking '/home/LifeBot/robot_ws/install/articubot_one' for CMake module files
[4.805s] Level 1:colcon.colcon_core.environment:checking '/home/LifeBot/robot_ws/install/articubot_one' for CMake config files
[4.823s] Level 1:colcon.colcon_core.shell:create_environment_hook('articubot_one', 'cmake_prefix_path')
[4.826s] INFO:colcon.colcon_core.shell:Creating environment hook '/home/LifeBot/robot_ws/install/articubot_one/share/articubot_one/hook/cmake_prefix_path.ps1'
[4.833s] INFO:colcon.colcon_core.shell:Creating environment descriptor '/home/LifeBot/robot_ws/install/articubot_one/share/articubot_one/hook/cmake_prefix_path.dsv'
[4.845s] INFO:colcon.colcon_core.shell:Creating environment hook '/home/LifeBot/robot_ws/install/articubot_one/share/articubot_one/hook/cmake_prefix_path.sh'
[4.857s] Level 1:colcon.colcon_core.environment:checking '/home/LifeBot/robot_ws/install/articubot_one/bin'
[4.858s] Level 1:colcon.colcon_core.environment:checking '/home/LifeBot/robot_ws/install/articubot_one/lib/pkgconfig/articubot_one.pc'
[4.861s] Level 1:colcon.colcon_core.environment:checking '/home/LifeBot/robot_ws/install/articubot_one/lib/python3.10/site-packages'
[4.877s] Level 1:colcon.colcon_core.environment:checking '/home/LifeBot/robot_ws/install/articubot_one/bin'
[4.888s] INFO:colcon.colcon_core.shell:Creating package script '/home/LifeBot/robot_ws/install/articubot_one/share/articubot_one/package.ps1'
[4.906s] INFO:colcon.colcon_core.shell:Creating package descriptor '/home/LifeBot/robot_ws/install/articubot_one/share/articubot_one/package.dsv'
[4.922s] INFO:colcon.colcon_core.shell:Creating package script '/home/LifeBot/robot_ws/install/articubot_one/share/articubot_one/package.sh'
[4.926s] INFO:colcon.colcon_core.shell:Creating package script '/home/LifeBot/robot_ws/install/articubot_one/share/articubot_one/package.bash'
[4.929s] INFO:colcon.colcon_core.shell:Creating package script '/home/LifeBot/robot_ws/install/articubot_one/share/articubot_one/package.zsh'
[4.932s] Level 1:colcon.colcon_core.environment:create_file_with_runtime_dependencies(/home/LifeBot/robot_ws/install/articubot_one/share/colcon-core/packages/articubot_one)
[17.751s] DEBUG:colcon.colcon_core.event_handler.log_command:Invoked command in '/home/LifeBot/robot_ws/build/serial' returned '0': CMAKE_PREFIX_PATH=${CMAKE_PREFIX_PATH}:/opt/ros/humble /usr/bin/cmake --build /home/LifeBot/robot_ws/build/serial -- -j4 -l4
[17.948s] DEBUG:colcon.colcon_core.event_handler.log_command:Invoking command in '/home/LifeBot/robot_ws/build/serial': CMAKE_PREFIX_PATH=${CMAKE_PREFIX_PATH}:/opt/ros/humble /usr/bin/cmake --install /home/LifeBot/robot_ws/build/serial
[18.061s] Level 1:colcon.colcon_core.environment:create_environment_scripts_only(serial)
[18.063s] Level 1:colcon.colcon_core.environment:checking '/home/LifeBot/robot_ws/install/serial' for CMake module files
[18.066s] DEBUG:colcon.colcon_core.event_handler.log_command:Invoked command in '/home/LifeBot/robot_ws/build/serial' returned '0': CMAKE_PREFIX_PATH=${CMAKE_PREFIX_PATH}:/opt/ros/humble /usr/bin/cmake --install /home/LifeBot/robot_ws/build/serial
[18.068s] Level 1:colcon.colcon_core.environment:checking '/home/LifeBot/robot_ws/install/serial' for CMake config files
[18.072s] Level 1:colcon.colcon_core.shell:create_environment_hook('serial', 'cmake_prefix_path')
[18.073s] INFO:colcon.colcon_core.shell:Creating environment hook '/home/LifeBot/robot_ws/install/serial/share/serial/hook/cmake_prefix_path.ps1'
[18.076s] INFO:colcon.colcon_core.shell:Creating environment descriptor '/home/LifeBot/robot_ws/install/serial/share/serial/hook/cmake_prefix_path.dsv'
[18.079s] INFO:colcon.colcon_core.shell:Creating environment hook '/home/LifeBot/robot_ws/install/serial/share/serial/hook/cmake_prefix_path.sh'
[18.082s] Level 1:colcon.colcon_core.environment:checking '/home/LifeBot/robot_ws/install/serial/lib'
[18.083s] Level 1:colcon.colcon_core.environment:checking '/home/LifeBot/robot_ws/install/serial/bin'
[18.084s] Level 1:colcon.colcon_core.environment:checking '/home/LifeBot/robot_ws/install/serial/lib/pkgconfig/serial.pc'
[18.085s] Level 1:colcon.colcon_core.environment:checking '/home/LifeBot/robot_ws/install/serial/lib/python3.10/site-packages'
[18.087s] Level 1:colcon.colcon_core.environment:checking '/home/LifeBot/robot_ws/install/serial/bin'
[18.088s] INFO:colcon.colcon_core.shell:Creating package script '/home/LifeBot/robot_ws/install/serial/share/serial/package.ps1'
[18.091s] INFO:colcon.colcon_core.shell:Creating package descriptor '/home/LifeBot/robot_ws/install/serial/share/serial/package.dsv'
[18.095s] INFO:colcon.colcon_core.shell:Creating package script '/home/LifeBot/robot_ws/install/serial/share/serial/package.sh'
[18.098s] INFO:colcon.colcon_core.shell:Creating package script '/home/LifeBot/robot_ws/install/serial/share/serial/package.bash'
[18.101s] INFO:colcon.colcon_core.shell:Creating package script '/home/LifeBot/robot_ws/install/serial/share/serial/package.zsh'
[18.103s] Level 1:colcon.colcon_core.environment:create_file_with_runtime_dependencies(/home/LifeBot/robot_ws/install/serial/share/colcon-core/packages/serial)
[18.295s] Level 1:colcon.colcon_core.environment:create_environment_scripts_only(serial)
[18.297s] Level 1:colcon.colcon_core.environment:checking '/home/LifeBot/robot_ws/install/serial' for CMake module files
[18.301s] Level 1:colcon.colcon_core.environment:checking '/home/LifeBot/robot_ws/install/serial' for CMake config files
[18.305s] Level 1:colcon.colcon_core.shell:create_environment_hook('serial', 'cmake_prefix_path')
[18.307s] INFO:colcon.colcon_core.shell:Creating environment hook '/home/LifeBot/robot_ws/install/serial/share/serial/hook/cmake_prefix_path.ps1'
[18.310s] INFO:colcon.colcon_core.shell:Creating environment descriptor '/home/LifeBot/robot_ws/install/serial/share/serial/hook/cmake_prefix_path.dsv'
[18.313s] INFO:colcon.colcon_core.shell:Creating environment hook '/home/LifeBot/robot_ws/install/serial/share/serial/hook/cmake_prefix_path.sh'
[18.317s] Level 1:colcon.colcon_core.environment:checking '/home/LifeBot/robot_ws/install/serial/lib'
[18.318s] Level 1:colcon.colcon_core.environment:checking '/home/LifeBot/robot_ws/install/serial/bin'
[18.319s] Level 1:colcon.colcon_core.environment:checking '/home/LifeBot/robot_ws/install/serial/lib/pkgconfig/serial.pc'
[18.320s] Level 1:colcon.colcon_core.environment:checking '/home/LifeBot/robot_ws/install/serial/lib/python3.10/site-packages'
[18.322s] Level 1:colcon.colcon_core.environment:checking '/home/LifeBot/robot_ws/install/serial/bin'
[18.324s] INFO:colcon.colcon_core.shell:Creating package script '/home/LifeBot/robot_ws/install/serial/share/serial/package.ps1'
[18.327s] INFO:colcon.colcon_core.shell:Creating package descriptor '/home/LifeBot/robot_ws/install/serial/share/serial/package.dsv'
[18.330s] INFO:colcon.colcon_core.shell:Creating package script '/home/LifeBot/robot_ws/install/serial/share/serial/package.sh'
[18.333s] INFO:colcon.colcon_core.shell:Creating package script '/home/LifeBot/robot_ws/install/serial/share/serial/package.bash'
[18.336s] INFO:colcon.colcon_core.shell:Creating package script '/home/LifeBot/robot_ws/install/serial/share/serial/package.zsh'
[18.339s] Level 1:colcon.colcon_core.environment:create_file_with_runtime_dependencies(/home/LifeBot/robot_ws/install/serial/share/colcon-core/packages/serial)
[28.870s] DEBUG:colcon.colcon_core.event_handler.log_command:Invoked command in '/home/LifeBot/robot_ws/build/diffdrive_arduino' returned '0': CMAKE_PREFIX_PATH=${CMAKE_PREFIX_PATH}:/opt/ros/humble /usr/bin/cmake --build /home/LifeBot/robot_ws/build/diffdrive_arduino -- -j4 -l4
[29.012s] DEBUG:colcon.colcon_core.event_handler.log_command:Invoking command in '/home/LifeBot/robot_ws/build/diffdrive_arduino': CMAKE_PREFIX_PATH=${CMAKE_PREFIX_PATH}:/opt/ros/humble /usr/bin/cmake --install /home/LifeBot/robot_ws/build/diffdrive_arduino
[29.606s] Level 1:colcon.colcon_core.environment:create_environment_scripts_only(diffdrive_arduino)
[29.607s] DEBUG:colcon.colcon_core.event_handler.log_command:Invoked command in '/home/LifeBot/robot_ws/build/diffdrive_arduino' returned '0': CMAKE_PREFIX_PATH=${CMAKE_PREFIX_PATH}:/opt/ros/humble /usr/bin/cmake --install /home/LifeBot/robot_ws/build/diffdrive_arduino
[29.608s] Level 1:colcon.colcon_core.environment:checking '/home/LifeBot/robot_ws/install/diffdrive_arduino' for CMake module files
[29.612s] Level 1:colcon.colcon_core.environment:checking '/home/LifeBot/robot_ws/install/diffdrive_arduino' for CMake config files
[29.616s] Level 1:colcon.colcon_core.shell:create_environment_hook('diffdrive_arduino', 'cmake_prefix_path')
[29.617s] INFO:colcon.colcon_core.shell:Creating environment hook '/home/LifeBot/robot_ws/install/diffdrive_arduino/share/diffdrive_arduino/hook/cmake_prefix_path.ps1'
[29.619s] INFO:colcon.colcon_core.shell:Creating environment descriptor '/home/LifeBot/robot_ws/install/diffdrive_arduino/share/diffdrive_arduino/hook/cmake_prefix_path.dsv'
[29.621s] INFO:colcon.colcon_core.shell:Creating environment hook '/home/LifeBot/robot_ws/install/diffdrive_arduino/share/diffdrive_arduino/hook/cmake_prefix_path.sh'
[29.624s] Level 1:colcon.colcon_core.environment:checking '/home/LifeBot/robot_ws/install/diffdrive_arduino/lib'
[29.624s] Level 1:colcon.colcon_core.shell:create_environment_hook('diffdrive_arduino', 'ld_library_path_lib')
[29.625s] INFO:colcon.colcon_core.shell:Creating environment hook '/home/LifeBot/robot_ws/install/diffdrive_arduino/share/diffdrive_arduino/hook/ld_library_path_lib.ps1'
[29.628s] INFO:colcon.colcon_core.shell:Creating environment descriptor '/home/LifeBot/robot_ws/install/diffdrive_arduino/share/diffdrive_arduino/hook/ld_library_path_lib.dsv'
[29.629s] INFO:colcon.colcon_core.shell:Creating environment hook '/home/LifeBot/robot_ws/install/diffdrive_arduino/share/diffdrive_arduino/hook/ld_library_path_lib.sh'
[29.631s] Level 1:colcon.colcon_core.environment:checking '/home/LifeBot/robot_ws/install/diffdrive_arduino/bin'
[29.632s] Level 1:colcon.colcon_core.environment:checking '/home/LifeBot/robot_ws/install/diffdrive_arduino/lib/pkgconfig/diffdrive_arduino.pc'
[29.633s] Level 1:colcon.colcon_core.environment:checking '/home/LifeBot/robot_ws/install/diffdrive_arduino/lib/python3.10/site-packages'
[29.634s] Level 1:colcon.colcon_core.environment:checking '/home/LifeBot/robot_ws/install/diffdrive_arduino/bin'
[29.635s] INFO:colcon.colcon_core.shell:Creating package script '/home/LifeBot/robot_ws/install/diffdrive_arduino/share/diffdrive_arduino/package.ps1'
[29.638s] INFO:colcon.colcon_core.shell:Creating package descriptor '/home/LifeBot/robot_ws/install/diffdrive_arduino/share/diffdrive_arduino/package.dsv'
[29.640s] INFO:colcon.colcon_core.shell:Creating package script '/home/LifeBot/robot_ws/install/diffdrive_arduino/share/diffdrive_arduino/package.sh'
[29.642s] INFO:colcon.colcon_core.shell:Creating package script '/home/LifeBot/robot_ws/install/diffdrive_arduino/share/diffdrive_arduino/package.bash'
[29.644s] INFO:colcon.colcon_core.shell:Creating package script '/home/LifeBot/robot_ws/install/diffdrive_arduino/share/diffdrive_arduino/package.zsh'
[29.646s] Level 1:colcon.colcon_core.environment:create_file_with_runtime_dependencies(/home/LifeBot/robot_ws/install/diffdrive_arduino/share/colcon-core/packages/diffdrive_arduino)
[29.782s] Level 1:colcon.colcon_core.environment:create_environment_scripts_only(diffdrive_arduino)
[29.783s] Level 1:colcon.colcon_core.environment:checking '/home/LifeBot/robot_ws/install/diffdrive_arduino' for CMake module files
[29.788s] Level 1:colcon.colcon_core.environment:checking '/home/LifeBot/robot_ws/install/diffdrive_arduino' for CMake config files
[29.793s] Level 1:colcon.colcon_core.shell:create_environment_hook('diffdrive_arduino', 'cmake_prefix_path')
[29.797s] INFO:colcon.colcon_core.shell:Creating environment hook '/home/LifeBot/robot_ws/install/diffdrive_arduino/share/diffdrive_arduino/hook/cmake_prefix_path.ps1'
[29.801s] INFO:colcon.colcon_core.shell:Creating environment descriptor '/home/LifeBot/robot_ws/install/diffdrive_arduino/share/diffdrive_arduino/hook/cmake_prefix_path.dsv'
[29.803s] INFO:colcon.colcon_core.shell:Creating environment hook '/home/LifeBot/robot_ws/install/diffdrive_arduino/share/diffdrive_arduino/hook/cmake_prefix_path.sh'
[29.807s] Level 1:colcon.colcon_core.environment:checking '/home/LifeBot/robot_ws/install/diffdrive_arduino/lib'
[29.807s] Level 1:colcon.colcon_core.shell:create_environment_hook('diffdrive_arduino', 'ld_library_path_lib')
[29.809s] INFO:colcon.colcon_core.shell:Creating environment hook '/home/LifeBot/robot_ws/install/diffdrive_arduino/share/diffdrive_arduino/hook/ld_library_path_lib.ps1'
[29.811s] INFO:colcon.colcon_core.shell:Creating environment descriptor '/home/LifeBot/robot_ws/install/diffdrive_arduino/share/diffdrive_arduino/hook/ld_library_path_lib.dsv'
[29.813s] INFO:colcon.colcon_core.shell:Creating environment hook '/home/LifeBot/robot_ws/install/diffdrive_arduino/share/diffdrive_arduino/hook/ld_library_path_lib.sh'
[29.816s] Level 1:colcon.colcon_core.environment:checking '/home/LifeBot/robot_ws/install/diffdrive_arduino/bin'
[29.816s] Level 1:colcon.colcon_core.environment:checking '/home/LifeBot/robot_ws/install/diffdrive_arduino/lib/pkgconfig/diffdrive_arduino.pc'
[29.817s] Level 1:colcon.colcon_core.environment:checking '/home/LifeBot/robot_ws/install/diffdrive_arduino/lib/python3.10/site-packages'
[29.819s] Level 1:colcon.colcon_core.environment:checking '/home/LifeBot/robot_ws/install/diffdrive_arduino/bin'
[29.821s] INFO:colcon.colcon_core.shell:Creating package script '/home/LifeBot/robot_ws/install/diffdrive_arduino/share/diffdrive_arduino/package.ps1'
[29.824s] INFO:colcon.colcon_core.shell:Creating package descriptor '/home/LifeBot/robot_ws/install/diffdrive_arduino/share/diffdrive_arduino/package.dsv'
[29.827s] INFO:colcon.colcon_core.shell:Creating package script '/home/LifeBot/robot_ws/install/diffdrive_arduino/share/diffdrive_arduino/package.sh'
[29.830s] INFO:colcon.colcon_core.shell:Creating package script '/home/LifeBot/robot_ws/install/diffdrive_arduino/share/diffdrive_arduino/package.bash'
[29.832s] INFO:colcon.colcon_core.shell:Creating package script '/home/LifeBot/robot_ws/install/diffdrive_arduino/share/diffdrive_arduino/package.zsh'
[29.834s] Level 1:colcon.colcon_core.environment:create_file_with_runtime_dependencies(/home/LifeBot/robot_ws/install/diffdrive_arduino/share/colcon-core/packages/diffdrive_arduino)
[29.836s] DEBUG:colcon.colcon_parallel_executor.executor.parallel:closing loop
[29.837s] DEBUG:colcon.colcon_parallel_executor.executor.parallel:loop closed
[29.838s] DEBUG:colcon.colcon_parallel_executor.executor.parallel:run_until_complete finished with '0'
[29.838s] DEBUG:colcon.colcon_core.event_reactor:joining thread
[29.861s] INFO:colcon.colcon_core.plugin_system:Skipping extension 'colcon_notification.desktop_notification.notify_send': Could not find 'notify-send'
[29.861s] INFO:colcon.colcon_core.plugin_system:Skipping extension 'colcon_notification.desktop_notification.terminal_notifier': Not used on non-Darwin systems
[29.862s] INFO:colcon.colcon_core.plugin_system:Skipping extension 'colcon_notification.desktop_notification.win32': Not used on non-Windows systems
[29.862s] INFO:colcon.colcon_notification.desktop_notification:Sending desktop notification using 'notify2'
[29.868s] DEBUG:colcon.colcon_notification.desktop_notification.notify2:Failed to initialize notify2: org.freedesktop.DBus.Error.ServiceUnknown: The name org.freedesktop.Notifications was not provided by any .service files
[29.869s] DEBUG:colcon.colcon_core.event_reactor:joined thread
[29.870s] INFO:colcon.colcon_core.shell:Creating prefix script '/home/LifeBot/robot_ws/install/local_setup.ps1'
[29.875s] INFO:colcon.colcon_core.shell:Creating prefix util module '/home/LifeBot/robot_ws/install/_local_setup_util_ps1.py'
[29.881s] INFO:colcon.colcon_core.shell:Creating prefix chain script '/home/LifeBot/robot_ws/install/setup.ps1'
[29.887s] INFO:colcon.colcon_core.shell:Creating prefix script '/home/LifeBot/robot_ws/install/local_setup.sh'
[29.889s] INFO:colcon.colcon_core.shell:Creating prefix util module '/home/LifeBot/robot_ws/install/_local_setup_util_sh.py'
[29.892s] INFO:colcon.colcon_core.shell:Creating prefix chain script '/home/LifeBot/robot_ws/install/setup.sh'
[29.897s] INFO:colcon.colcon_core.shell:Creating prefix script '/home/LifeBot/robot_ws/install/local_setup.bash'
[29.899s] INFO:colcon.colcon_core.shell:Creating prefix chain script '/home/LifeBot/robot_ws/install/setup.bash'
[29.904s] INFO:colcon.colcon_core.shell:Creating prefix script '/home/LifeBot/robot_ws/install/local_setup.zsh'
[29.907s] INFO:colcon.colcon_core.shell:Creating prefix chain script '/home/LifeBot/robot_ws/install/setup.zsh'
