[0.000000] (-) TimerEvent: {}
[0.001861] (articubot_one) JobQueued: {'identifier': 'articubot_one', 'dependencies': OrderedDict()}
[0.002510] (diffdrive_arduino) JobQueued: {'identifier': 'diffdrive_arduino', 'dependencies': OrderedDict()}
[0.003181] (rplidar_ros) JobQueued: {'identifier': 'rplidar_ros', 'dependencies': OrderedDict()}
[0.003358] (serial) JobQueued: {'identifier': 'serial', 'dependencies': OrderedDict()}
[0.003619] (articubot_one) JobStarted: {'identifier': 'articubot_one'}
[0.032040] (diffdrive_arduino) JobStarted: {'identifier': 'diffdrive_arduino'}
[0.054902] (rplidar_ros) JobStarted: {'identifier': 'rplidar_ros'}
[0.077190] (serial) JobStarted: {'identifier': 'serial'}
[0.099151] (-) TimerEvent: {}
[0.107580] (articubot_one) JobProgress: {'identifier': 'articubot_one', 'progress': 'cmake'}
[0.111337] (articubot_one) JobProgress: {'identifier': 'articubot_one', 'progress': 'build'}
[0.113874] (articubot_one) Command: {'cmd': ['/usr/bin/cmake', '--build', '/home/LifeBot/robot_ws/build/articubot_one', '--', '-j4', '-l4'], 'cwd': '/home/LifeBot/robot_ws/build/articubot_one', 'env': OrderedDict([('USER', 'LifeBot'), ('SSH_CLIENT', '192.168.2.151 57552 22'), ('XDG_SESSION_TYPE', 'tty'), ('GIT_ASKPASS', '/home/LifeBot/.vscode-server/cli/servers/Stable-863d2581ecda6849923a2118d93a088b0745d9d6/server/extensions/git/dist/askpass.sh'), ('SHLVL', '2'), ('LD_LIBRARY_PATH', '/home/LifeBot/install/diffdrive_arduino/lib:/home/LifeBot/install/serial/lib:/opt/ros/humble/opt/rviz_ogre_vendor/lib:/opt/ros/humble/lib/aarch64-linux-gnu:/opt/ros/humble/lib'), ('BROWSER', '/home/LifeBot/.vscode-server/cli/servers/Stable-863d2581ecda6849923a2118d93a088b0745d9d6/server/bin/helpers/browser.sh'), ('MOTD_SHOWN', 'pam'), ('HOME', '/home/LifeBot'), ('OLDPWD', '/home/LifeBot'), ('TERM_PROGRAM_VERSION', '1.87.2'), ('VSCODE_IPC_HOOK_CLI', '/run/user/1000/vscode-ipc-872476e9-e929-4f79-a1f6-6d8578bbc8ae.sock'), ('ROS_PYTHON_VERSION', '3'), ('VSCODE_GIT_ASKPASS_MAIN', '/home/LifeBot/.vscode-server/cli/servers/Stable-863d2581ecda6849923a2118d93a088b0745d9d6/server/extensions/git/dist/askpass-main.js'), ('VSCODE_GIT_ASKPASS_NODE', '/home/LifeBot/.vscode-server/cli/servers/Stable-863d2581ecda6849923a2118d93a088b0745d9d6/server/node'), ('SSL_CERT_FILE', '/usr/lib/ssl/certs/ca-certificates.crt'), ('DBUS_SESSION_BUS_ADDRESS', 'unix:path=/run/user/1000/bus'), ('COLORTERM', 'truecolor'), ('COLCON_PREFIX_PATH', '/home/LifeBot/install'), ('ROS_DISTRO', 'humble'), ('LOGNAME', 'LifeBot'), ('_', '/usr/bin/colcon'), ('ROS_VERSION', '2'), ('XDG_SESSION_CLASS', 'user'), ('TERM', 'xterm-256color'), ('XDG_SESSION_ID', '1'), ('ROS_LOCALHOST_ONLY', '0'), ('PATH', '/opt/ros/humble/bin:/home/LifeBot/.vscode-server/cli/servers/Stable-863d2581ecda6849923a2118d93a088b0745d9d6/server/bin/remote-cli:/usr/local/sbin:/usr/local/bin:/usr/sbin:/usr/bin:/sbin:/bin:/usr/games:/usr/local/games:/snap/bin'), ('XDG_RUNTIME_DIR', '/run/user/1000'), ('SSL_CERT_DIR', '/usr/lib/ssl/certs'), ('LANG', 'en_US.UTF-8'), ('VSCODE_GIT_IPC_HANDLE', '/run/user/1000/vscode-git-b011f66fd2.sock'), ('TERM_PROGRAM', 'vscode'), ('AMENT_PREFIX_PATH', '/home/LifeBot/install/serial:/opt/ros/humble'), ('SHELL', '/bin/bash'), ('VSCODE_GIT_ASKPASS_EXTRA_ARGS', ''), ('PWD', '/home/LifeBot/robot_ws/build/articubot_one'), ('LC_ALL', 'en_US.UTF-8'), ('SSH_CONNECTION', '192.168.2.151 57552 192.168.2.154 22'), ('XDG_DATA_DIRS', '/usr/local/share:/usr/share:/var/lib/snapd/desktop'), ('PYTHONPATH', '/opt/ros/humble/lib/python3.10/site-packages:/opt/ros/humble/local/lib/python3.10/dist-packages'), ('COLCON', '1'), ('CMAKE_PREFIX_PATH', '/home/LifeBot/install/diffdrive_arduino:/home/LifeBot/install/serial:/home/LifeBot/install/articubot_one:/opt/ros/humble')]), 'shell': False}
[0.132003] (diffdrive_arduino) JobProgress: {'identifier': 'diffdrive_arduino', 'progress': 'cmake'}
[0.135809] (diffdrive_arduino) JobProgress: {'identifier': 'diffdrive_arduino', 'progress': 'build'}
[0.137346] (diffdrive_arduino) Command: {'cmd': ['/usr/bin/cmake', '--build', '/home/LifeBot/robot_ws/build/diffdrive_arduino', '--', '-j4', '-l4'], 'cwd': '/home/LifeBot/robot_ws/build/diffdrive_arduino', 'env': OrderedDict([('USER', 'LifeBot'), ('SSH_CLIENT', '192.168.2.151 57552 22'), ('XDG_SESSION_TYPE', 'tty'), ('GIT_ASKPASS', '/home/LifeBot/.vscode-server/cli/servers/Stable-863d2581ecda6849923a2118d93a088b0745d9d6/server/extensions/git/dist/askpass.sh'), ('SHLVL', '2'), ('LD_LIBRARY_PATH', '/home/LifeBot/install/diffdrive_arduino/lib:/home/LifeBot/install/serial/lib:/opt/ros/humble/opt/rviz_ogre_vendor/lib:/opt/ros/humble/lib/aarch64-linux-gnu:/opt/ros/humble/lib'), ('BROWSER', '/home/LifeBot/.vscode-server/cli/servers/Stable-863d2581ecda6849923a2118d93a088b0745d9d6/server/bin/helpers/browser.sh'), ('MOTD_SHOWN', 'pam'), ('HOME', '/home/LifeBot'), ('OLDPWD', '/home/LifeBot'), ('TERM_PROGRAM_VERSION', '1.87.2'), ('VSCODE_IPC_HOOK_CLI', '/run/user/1000/vscode-ipc-872476e9-e929-4f79-a1f6-6d8578bbc8ae.sock'), ('ROS_PYTHON_VERSION', '3'), ('VSCODE_GIT_ASKPASS_MAIN', '/home/LifeBot/.vscode-server/cli/servers/Stable-863d2581ecda6849923a2118d93a088b0745d9d6/server/extensions/git/dist/askpass-main.js'), ('VSCODE_GIT_ASKPASS_NODE', '/home/LifeBot/.vscode-server/cli/servers/Stable-863d2581ecda6849923a2118d93a088b0745d9d6/server/node'), ('SSL_CERT_FILE', '/usr/lib/ssl/certs/ca-certificates.crt'), ('DBUS_SESSION_BUS_ADDRESS', 'unix:path=/run/user/1000/bus'), ('COLORTERM', 'truecolor'), ('COLCON_PREFIX_PATH', '/home/LifeBot/install'), ('ROS_DISTRO', 'humble'), ('LOGNAME', 'LifeBot'), ('_', '/usr/bin/colcon'), ('ROS_VERSION', '2'), ('XDG_SESSION_CLASS', 'user'), ('TERM', 'xterm-256color'), ('XDG_SESSION_ID', '1'), ('ROS_LOCALHOST_ONLY', '0'), ('PATH', '/opt/ros/humble/bin:/home/LifeBot/.vscode-server/cli/servers/Stable-863d2581ecda6849923a2118d93a088b0745d9d6/server/bin/remote-cli:/usr/local/sbin:/usr/local/bin:/usr/sbin:/usr/bin:/sbin:/bin:/usr/games:/usr/local/games:/snap/bin'), ('XDG_RUNTIME_DIR', '/run/user/1000'), ('SSL_CERT_DIR', '/usr/lib/ssl/certs'), ('LANG', 'en_US.UTF-8'), ('VSCODE_GIT_IPC_HANDLE', '/run/user/1000/vscode-git-b011f66fd2.sock'), ('TERM_PROGRAM', 'vscode'), ('AMENT_PREFIX_PATH', '/home/LifeBot/install/serial:/opt/ros/humble'), ('SHELL', '/bin/bash'), ('VSCODE_GIT_ASKPASS_EXTRA_ARGS', ''), ('PWD', '/home/LifeBot/robot_ws/build/diffdrive_arduino'), ('LC_ALL', 'en_US.UTF-8'), ('SSH_CONNECTION', '192.168.2.151 57552 192.168.2.154 22'), ('XDG_DATA_DIRS', '/usr/local/share:/usr/share:/var/lib/snapd/desktop'), ('PYTHONPATH', '/opt/ros/humble/lib/python3.10/site-packages:/opt/ros/humble/local/lib/python3.10/dist-packages'), ('COLCON', '1'), ('CMAKE_PREFIX_PATH', '/home/LifeBot/install/diffdrive_arduino:/home/LifeBot/install/serial:/home/LifeBot/install/articubot_one:/opt/ros/humble')]), 'shell': False}
[0.157622] (rplidar_ros) JobProgress: {'identifier': 'rplidar_ros', 'progress': 'cmake'}
[0.162390] (rplidar_ros) JobProgress: {'identifier': 'rplidar_ros', 'progress': 'build'}
[0.164530] (rplidar_ros) Command: {'cmd': ['/usr/bin/cmake', '--build', '/home/LifeBot/robot_ws/build/rplidar_ros', '--', '-j4', '-l4'], 'cwd': '/home/LifeBot/robot_ws/build/rplidar_ros', 'env': OrderedDict([('USER', 'LifeBot'), ('SSH_CLIENT', '192.168.2.151 57552 22'), ('XDG_SESSION_TYPE', 'tty'), ('GIT_ASKPASS', '/home/LifeBot/.vscode-server/cli/servers/Stable-863d2581ecda6849923a2118d93a088b0745d9d6/server/extensions/git/dist/askpass.sh'), ('SHLVL', '2'), ('LD_LIBRARY_PATH', '/home/LifeBot/install/diffdrive_arduino/lib:/home/LifeBot/install/serial/lib:/opt/ros/humble/opt/rviz_ogre_vendor/lib:/opt/ros/humble/lib/aarch64-linux-gnu:/opt/ros/humble/lib'), ('BROWSER', '/home/LifeBot/.vscode-server/cli/servers/Stable-863d2581ecda6849923a2118d93a088b0745d9d6/server/bin/helpers/browser.sh'), ('MOTD_SHOWN', 'pam'), ('HOME', '/home/LifeBot'), ('OLDPWD', '/home/LifeBot'), ('TERM_PROGRAM_VERSION', '1.87.2'), ('VSCODE_IPC_HOOK_CLI', '/run/user/1000/vscode-ipc-872476e9-e929-4f79-a1f6-6d8578bbc8ae.sock'), ('ROS_PYTHON_VERSION', '3'), ('VSCODE_GIT_ASKPASS_MAIN', '/home/LifeBot/.vscode-server/cli/servers/Stable-863d2581ecda6849923a2118d93a088b0745d9d6/server/extensions/git/dist/askpass-main.js'), ('VSCODE_GIT_ASKPASS_NODE', '/home/LifeBot/.vscode-server/cli/servers/Stable-863d2581ecda6849923a2118d93a088b0745d9d6/server/node'), ('SSL_CERT_FILE', '/usr/lib/ssl/certs/ca-certificates.crt'), ('DBUS_SESSION_BUS_ADDRESS', 'unix:path=/run/user/1000/bus'), ('COLORTERM', 'truecolor'), ('COLCON_PREFIX_PATH', '/home/LifeBot/install'), ('ROS_DISTRO', 'humble'), ('LOGNAME', 'LifeBot'), ('_', '/usr/bin/colcon'), ('ROS_VERSION', '2'), ('XDG_SESSION_CLASS', 'user'), ('TERM', 'xterm-256color'), ('XDG_SESSION_ID', '1'), ('ROS_LOCALHOST_ONLY', '0'), ('PATH', '/opt/ros/humble/bin:/home/LifeBot/.vscode-server/cli/servers/Stable-863d2581ecda6849923a2118d93a088b0745d9d6/server/bin/remote-cli:/usr/local/sbin:/usr/local/bin:/usr/sbin:/usr/bin:/sbin:/bin:/usr/games:/usr/local/games:/snap/bin'), ('XDG_RUNTIME_DIR', '/run/user/1000'), ('SSL_CERT_DIR', '/usr/lib/ssl/certs'), ('LANG', 'en_US.UTF-8'), ('VSCODE_GIT_IPC_HANDLE', '/run/user/1000/vscode-git-b011f66fd2.sock'), ('TERM_PROGRAM', 'vscode'), ('AMENT_PREFIX_PATH', '/home/LifeBot/install/serial:/opt/ros/humble'), ('SHELL', '/bin/bash'), ('VSCODE_GIT_ASKPASS_EXTRA_ARGS', ''), ('PWD', '/home/LifeBot/robot_ws/build/rplidar_ros'), ('LC_ALL', 'en_US.UTF-8'), ('SSH_CONNECTION', '192.168.2.151 57552 192.168.2.154 22'), ('XDG_DATA_DIRS', '/usr/local/share:/usr/share:/var/lib/snapd/desktop'), ('PYTHONPATH', '/opt/ros/humble/lib/python3.10/site-packages:/opt/ros/humble/local/lib/python3.10/dist-packages'), ('COLCON', '1'), ('CMAKE_PREFIX_PATH', '/home/LifeBot/install/diffdrive_arduino:/home/LifeBot/install/serial:/home/LifeBot/install/articubot_one:/opt/ros/humble')]), 'shell': False}
[0.200161] (-) TimerEvent: {}
[0.215355] (serial) JobProgress: {'identifier': 'serial', 'progress': 'cmake'}
[0.219215] (serial) JobProgress: {'identifier': 'serial', 'progress': 'build'}
[0.220811] (serial) Command: {'cmd': ['/usr/bin/cmake', '--build', '/home/LifeBot/robot_ws/build/serial', '--', '-j4', '-l4'], 'cwd': '/home/LifeBot/robot_ws/build/serial', 'env': OrderedDict([('USER', 'LifeBot'), ('SSH_CLIENT', '192.168.2.151 57552 22'), ('XDG_SESSION_TYPE', 'tty'), ('GIT_ASKPASS', '/home/LifeBot/.vscode-server/cli/servers/Stable-863d2581ecda6849923a2118d93a088b0745d9d6/server/extensions/git/dist/askpass.sh'), ('SHLVL', '2'), ('LD_LIBRARY_PATH', '/home/LifeBot/install/diffdrive_arduino/lib:/home/LifeBot/install/serial/lib:/opt/ros/humble/opt/rviz_ogre_vendor/lib:/opt/ros/humble/lib/aarch64-linux-gnu:/opt/ros/humble/lib'), ('BROWSER', '/home/LifeBot/.vscode-server/cli/servers/Stable-863d2581ecda6849923a2118d93a088b0745d9d6/server/bin/helpers/browser.sh'), ('MOTD_SHOWN', 'pam'), ('HOME', '/home/LifeBot'), ('OLDPWD', '/home/LifeBot'), ('TERM_PROGRAM_VERSION', '1.87.2'), ('VSCODE_IPC_HOOK_CLI', '/run/user/1000/vscode-ipc-872476e9-e929-4f79-a1f6-6d8578bbc8ae.sock'), ('ROS_PYTHON_VERSION', '3'), ('VSCODE_GIT_ASKPASS_MAIN', '/home/LifeBot/.vscode-server/cli/servers/Stable-863d2581ecda6849923a2118d93a088b0745d9d6/server/extensions/git/dist/askpass-main.js'), ('VSCODE_GIT_ASKPASS_NODE', '/home/LifeBot/.vscode-server/cli/servers/Stable-863d2581ecda6849923a2118d93a088b0745d9d6/server/node'), ('SSL_CERT_FILE', '/usr/lib/ssl/certs/ca-certificates.crt'), ('DBUS_SESSION_BUS_ADDRESS', 'unix:path=/run/user/1000/bus'), ('COLORTERM', 'truecolor'), ('COLCON_PREFIX_PATH', '/home/LifeBot/install'), ('ROS_DISTRO', 'humble'), ('LOGNAME', 'LifeBot'), ('_', '/usr/bin/colcon'), ('ROS_VERSION', '2'), ('XDG_SESSION_CLASS', 'user'), ('TERM', 'xterm-256color'), ('XDG_SESSION_ID', '1'), ('ROS_LOCALHOST_ONLY', '0'), ('PATH', '/opt/ros/humble/bin:/home/LifeBot/.vscode-server/cli/servers/Stable-863d2581ecda6849923a2118d93a088b0745d9d6/server/bin/remote-cli:/usr/local/sbin:/usr/local/bin:/usr/sbin:/usr/bin:/sbin:/bin:/usr/games:/usr/local/games:/snap/bin'), ('XDG_RUNTIME_DIR', '/run/user/1000'), ('SSL_CERT_DIR', '/usr/lib/ssl/certs'), ('LANG', 'en_US.UTF-8'), ('VSCODE_GIT_IPC_HANDLE', '/run/user/1000/vscode-git-b011f66fd2.sock'), ('TERM_PROGRAM', 'vscode'), ('AMENT_PREFIX_PATH', '/home/LifeBot/install/serial:/opt/ros/humble'), ('SHELL', '/bin/bash'), ('VSCODE_GIT_ASKPASS_EXTRA_ARGS', ''), ('PWD', '/home/LifeBot/robot_ws/build/serial'), ('LC_ALL', 'en_US.UTF-8'), ('SSH_CONNECTION', '192.168.2.151 57552 192.168.2.154 22'), ('XDG_DATA_DIRS', '/usr/local/share:/usr/share:/var/lib/snapd/desktop'), ('PYTHONPATH', '/opt/ros/humble/lib/python3.10/site-packages:/opt/ros/humble/local/lib/python3.10/dist-packages'), ('COLCON', '1'), ('CMAKE_PREFIX_PATH', '/home/LifeBot/install/diffdrive_arduino:/home/LifeBot/install/serial:/home/LifeBot/install/articubot_one:/opt/ros/humble')]), 'shell': False}
[0.304483] (articubot_one) CommandEnded: {'returncode': 0}
[0.306022] (-) TimerEvent: {}
[0.411970] (-) TimerEvent: {}
[0.435640] (diffdrive_arduino) StdoutLine: {'line': b'[100%] Built target diffdrive_arduino\n'}
[0.512167] (-) TimerEvent: {}
[0.521127] (articubot_one) JobProgress: {'identifier': 'articubot_one', 'progress': 'install'}
[0.555124] (serial) StdoutLine: {'line': b'[ 14%] Built target gtest_main\n'}
[0.570177] (articubot_one) Command: {'cmd': ['/usr/bin/cmake', '--install', '/home/LifeBot/robot_ws/build/articubot_one'], 'cwd': '/home/LifeBot/robot_ws/build/articubot_one', 'env': OrderedDict([('USER', 'LifeBot'), ('SSH_CLIENT', '192.168.2.151 57552 22'), ('XDG_SESSION_TYPE', 'tty'), ('GIT_ASKPASS', '/home/LifeBot/.vscode-server/cli/servers/Stable-863d2581ecda6849923a2118d93a088b0745d9d6/server/extensions/git/dist/askpass.sh'), ('SHLVL', '2'), ('LD_LIBRARY_PATH', '/home/LifeBot/install/diffdrive_arduino/lib:/home/LifeBot/install/serial/lib:/opt/ros/humble/opt/rviz_ogre_vendor/lib:/opt/ros/humble/lib/aarch64-linux-gnu:/opt/ros/humble/lib'), ('BROWSER', '/home/LifeBot/.vscode-server/cli/servers/Stable-863d2581ecda6849923a2118d93a088b0745d9d6/server/bin/helpers/browser.sh'), ('MOTD_SHOWN', 'pam'), ('HOME', '/home/LifeBot'), ('OLDPWD', '/home/LifeBot'), ('TERM_PROGRAM_VERSION', '1.87.2'), ('VSCODE_IPC_HOOK_CLI', '/run/user/1000/vscode-ipc-872476e9-e929-4f79-a1f6-6d8578bbc8ae.sock'), ('ROS_PYTHON_VERSION', '3'), ('VSCODE_GIT_ASKPASS_MAIN', '/home/LifeBot/.vscode-server/cli/servers/Stable-863d2581ecda6849923a2118d93a088b0745d9d6/server/extensions/git/dist/askpass-main.js'), ('VSCODE_GIT_ASKPASS_NODE', '/home/LifeBot/.vscode-server/cli/servers/Stable-863d2581ecda6849923a2118d93a088b0745d9d6/server/node'), ('SSL_CERT_FILE', '/usr/lib/ssl/certs/ca-certificates.crt'), ('DBUS_SESSION_BUS_ADDRESS', 'unix:path=/run/user/1000/bus'), ('COLORTERM', 'truecolor'), ('COLCON_PREFIX_PATH', '/home/LifeBot/install'), ('ROS_DISTRO', 'humble'), ('LOGNAME', 'LifeBot'), ('_', '/usr/bin/colcon'), ('ROS_VERSION', '2'), ('XDG_SESSION_CLASS', 'user'), ('TERM', 'xterm-256color'), ('XDG_SESSION_ID', '1'), ('ROS_LOCALHOST_ONLY', '0'), ('PATH', '/opt/ros/humble/bin:/home/LifeBot/.vscode-server/cli/servers/Stable-863d2581ecda6849923a2118d93a088b0745d9d6/server/bin/remote-cli:/usr/local/sbin:/usr/local/bin:/usr/sbin:/usr/bin:/sbin:/bin:/usr/games:/usr/local/games:/snap/bin'), ('XDG_RUNTIME_DIR', '/run/user/1000'), ('SSL_CERT_DIR', '/usr/lib/ssl/certs'), ('LANG', 'en_US.UTF-8'), ('VSCODE_GIT_IPC_HANDLE', '/run/user/1000/vscode-git-b011f66fd2.sock'), ('TERM_PROGRAM', 'vscode'), ('AMENT_PREFIX_PATH', '/home/LifeBot/install/serial:/opt/ros/humble'), ('SHELL', '/bin/bash'), ('VSCODE_GIT_ASKPASS_EXTRA_ARGS', ''), ('PWD', '/home/LifeBot/robot_ws/build/articubot_one'), ('LC_ALL', 'en_US.UTF-8'), ('SSH_CONNECTION', '192.168.2.151 57552 192.168.2.154 22'), ('XDG_DATA_DIRS', '/usr/local/share:/usr/share:/var/lib/snapd/desktop'), ('PYTHONPATH', '/opt/ros/humble/lib/python3.10/site-packages:/opt/ros/humble/local/lib/python3.10/dist-packages'), ('COLCON', '1'), ('CMAKE_PREFIX_PATH', '/home/LifeBot/install/diffdrive_arduino:/home/LifeBot/install/serial:/home/LifeBot/install/articubot_one:/opt/ros/humble')]), 'shell': False}
[0.575213] (serial) StdoutLine: {'line': b'[ 42%] Built target serial\n'}
[0.577637] (rplidar_ros) StdoutLine: {'line': b'[ 77%] Built target rplidar_composition_node\n'}
[0.584045] (diffdrive_arduino) CommandEnded: {'returncode': 0}
[0.612295] (articubot_one) StdoutLine: {'line': b'-- Install configuration: ""\n'}
[0.613131] (-) TimerEvent: {}
[0.617436] (serial) StdoutLine: {'line': b'[ 57%] Built target gtest\n'}
[0.620350] (articubot_one) StdoutLine: {'line': b'-- Execute custom install script\n'}
[0.625804] (articubot_one) StdoutLine: {'line': b'-- Up-to-date symlink: /home/LifeBot/robot_ws/install/articubot_one/share/articubot_one/config/ball_tracker_params_robot.yaml\n'}
[0.626694] (articubot_one) StdoutLine: {'line': b'-- Up-to-date symlink: /home/LifeBot/robot_ws/install/articubot_one/share/articubot_one/config/ball_tracker_params_sim.yaml\n'}
[0.630173] (articubot_one) StdoutLine: {'line': b'-- Up-to-date symlink: /home/LifeBot/robot_ws/install/articubot_one/share/articubot_one/config/drive_bot.rviz\n'}
[0.636153] (articubot_one) StdoutLine: {'line': b'-- Up-to-date symlink: /home/LifeBot/robot_ws/install/articubot_one/share/articubot_one/config/empty.yaml\n'}
[0.642437] (articubot_one) StdoutLine: {'line': b'-- Up-to-date symlink: /home/LifeBot/robot_ws/install/articubot_one/share/articubot_one/config/gaz_ros2_ctl_use_sim.yaml\n'}
[0.643223] (articubot_one) StdoutLine: {'line': b'-- Up-to-date symlink: /home/LifeBot/robot_ws/install/articubot_one/share/articubot_one/config/gazebo_params.yaml\n'}
[0.643885] (articubot_one) StdoutLine: {'line': b'-- Up-to-date symlink: /home/LifeBot/robot_ws/install/articubot_one/share/articubot_one/config/joystick.yaml\n'}
[0.647138] (articubot_one) StdoutLine: {'line': b'-- Up-to-date symlink: /home/LifeBot/robot_ws/install/articubot_one/share/articubot_one/config/main.rviz\n'}
[0.647642] (articubot_one) StdoutLine: {'line': b'-- Up-to-date symlink: /home/LifeBot/robot_ws/install/articubot_one/share/articubot_one/config/map.rviz\n'}
[0.648432] (articubot_one) StdoutLine: {'line': b'-- Up-to-date symlink: /home/LifeBot/robot_ws/install/articubot_one/share/articubot_one/config/mapper_params_online_async.yaml\n'}
[0.649172] (articubot_one) StdoutLine: {'line': b'-- Up-to-date symlink: /home/LifeBot/robot_ws/install/articubot_one/share/articubot_one/config/my_controllers.yaml\n'}
[0.649925] (articubot_one) StdoutLine: {'line': b'-- Up-to-date symlink: /home/LifeBot/robot_ws/install/articubot_one/share/articubot_one/config/nav2_params.yaml\n'}
[0.656525] (articubot_one) StdoutLine: {'line': b'-- Up-to-date symlink: /home/LifeBot/robot_ws/install/articubot_one/share/articubot_one/config/twist_mux.yaml\n'}
[0.657605] (articubot_one) StdoutLine: {'line': b'-- Up-to-date symlink: /home/LifeBot/robot_ws/install/articubot_one/share/articubot_one/config/view_bot.rviz\n'}
[0.658953] (articubot_one) StdoutLine: {'line': b'-- Up-to-date symlink: /home/LifeBot/robot_ws/install/articubot_one/share/articubot_one/description/camera.xacro\n'}
[0.677933] (articubot_one) StdoutLine: {'line': b'-- Up-to-date symlink: /home/LifeBot/robot_ws/install/articubot_one/share/articubot_one/description/depth_camera.xacro\n'}
[0.679196] (articubot_one) StdoutLine: {'line': b'-- Up-to-date symlink: /home/LifeBot/robot_ws/install/articubot_one/share/articubot_one/description/face.xacro\n'}
[0.680526] (articubot_one) StdoutLine: {'line': b'-- Up-to-date symlink: /home/LifeBot/robot_ws/install/articubot_one/share/articubot_one/description/gazebo_control.xacro\n'}
[0.681567] (articubot_one) StdoutLine: {'line': b'-- Up-to-date symlink: /home/LifeBot/robot_ws/install/articubot_one/share/articubot_one/description/inertial_macros.xacro\n'}
[0.684499] (articubot_one) StdoutLine: {'line': b'-- Up-to-date symlink: /home/LifeBot/robot_ws/install/articubot_one/share/articubot_one/description/lidar.xacro\n'}
[0.686522] (articubot_one) StdoutLine: {'line': b'-- Up-to-date symlink: /home/LifeBot/robot_ws/install/articubot_one/share/articubot_one/description/robot.urdf.xacro\n'}
[0.687125] (articubot_one) StdoutLine: {'line': b'-- Up-to-date symlink: /home/LifeBot/robot_ws/install/articubot_one/share/articubot_one/description/robot_core.xacro\n'}
[0.687728] (articubot_one) StdoutLine: {'line': b'-- Up-to-date symlink: /home/LifeBot/robot_ws/install/articubot_one/share/articubot_one/description/ros2_control.xacro\n'}
[0.688399] (articubot_one) StdoutLine: {'line': b'-- Up-to-date symlink: /home/LifeBot/robot_ws/install/articubot_one/share/articubot_one/launch/ball_tracker.launch.py\n'}
[0.700032] (articubot_one) StdoutLine: {'line': b'-- Up-to-date symlink: /home/LifeBot/robot_ws/install/articubot_one/share/articubot_one/launch/camera.launch.py\n'}
[0.700714] (articubot_one) StdoutLine: {'line': b'-- Up-to-date symlink: /home/LifeBot/robot_ws/install/articubot_one/share/articubot_one/launch/joystick.launch.py\n'}
[0.701453] (articubot_one) StdoutLine: {'line': b'-- Up-to-date symlink: /home/LifeBot/robot_ws/install/articubot_one/share/articubot_one/launch/launch_robot.launch.py\n'}
[0.702087] (articubot_one) StdoutLine: {'line': b'-- Up-to-date symlink: /home/LifeBot/robot_ws/install/articubot_one/share/articubot_one/launch/launch_sim.launch.py\n'}
[0.704772] (articubot_one) StdoutLine: {'line': b'-- Up-to-date symlink: /home/LifeBot/robot_ws/install/articubot_one/share/articubot_one/launch/localization_launch.py\n'}
[0.712655] (articubot_one) StdoutLine: {'line': b'-- Up-to-date symlink: /home/LifeBot/robot_ws/install/articubot_one/share/articubot_one/launch/navigation_launch.py\n'}
[0.713308] (-) TimerEvent: {}
[0.713902] (articubot_one) StdoutLine: {'line': b'-- Up-to-date symlink: /home/LifeBot/robot_ws/install/articubot_one/share/articubot_one/launch/online_async_launch.py\n'}
[0.717956] (articubot_one) StdoutLine: {'line': b'-- Up-to-date symlink: /home/LifeBot/robot_ws/install/articubot_one/share/articubot_one/launch/rplidar.launch.py\n'}
[0.718787] (articubot_one) StdoutLine: {'line': b'-- Up-to-date symlink: /home/LifeBot/robot_ws/install/articubot_one/share/articubot_one/launch/rsp.launch.py\n'}
[0.719352] (articubot_one) StdoutLine: {'line': b'-- Up-to-date symlink: /home/LifeBot/robot_ws/install/articubot_one/share/articubot_one/worlds/empty.world\n'}
[0.719992] (articubot_one) StdoutLine: {'line': b'-- Up-to-date symlink: /home/LifeBot/robot_ws/install/articubot_one/share/articubot_one/worlds/obstacles.world\n'}
[0.720470] (articubot_one) StdoutLine: {'line': b'-- Up-to-date symlink: /home/LifeBot/robot_ws/install/articubot_one/share/ament_index/resource_index/package_run_dependencies/articubot_one\n'}
[0.720925] (articubot_one) StdoutLine: {'line': b'-- Up-to-date symlink: /home/LifeBot/robot_ws/install/articubot_one/share/ament_index/resource_index/parent_prefix_path/articubot_one\n'}
[0.727660] (articubot_one) StdoutLine: {'line': b'-- Up-to-date symlink: /home/LifeBot/robot_ws/install/articubot_one/share/articubot_one/environment/ament_prefix_path.sh\n'}
[0.728588] (articubot_one) StdoutLine: {'line': b'-- Up-to-date symlink: /home/LifeBot/robot_ws/install/articubot_one/share/articubot_one/environment/ament_prefix_path.dsv\n'}
[0.729544] (articubot_one) StdoutLine: {'line': b'-- Up-to-date symlink: /home/LifeBot/robot_ws/install/articubot_one/share/articubot_one/environment/path.sh\n'}
[0.730180] (articubot_one) StdoutLine: {'line': b'-- Up-to-date symlink: /home/LifeBot/robot_ws/install/articubot_one/share/articubot_one/environment/path.dsv\n'}
[0.736011] (articubot_one) StdoutLine: {'line': b'-- Up-to-date symlink: /home/LifeBot/robot_ws/install/articubot_one/share/articubot_one/local_setup.bash\n'}
[0.736685] (articubot_one) StdoutLine: {'line': b'-- Up-to-date symlink: /home/LifeBot/robot_ws/install/articubot_one/share/articubot_one/local_setup.sh\n'}
[0.737191] (articubot_one) StdoutLine: {'line': b'-- Up-to-date symlink: /home/LifeBot/robot_ws/install/articubot_one/share/articubot_one/local_setup.zsh\n'}
[0.737669] (articubot_one) StdoutLine: {'line': b'-- Up-to-date symlink: /home/LifeBot/robot_ws/install/articubot_one/share/articubot_one/local_setup.dsv\n'}
[0.739716] (articubot_one) StdoutLine: {'line': b'-- Symlinking: /home/LifeBot/robot_ws/install/articubot_one/share/articubot_one/package.dsv\n'}
[0.742573] (rplidar_ros) StdoutLine: {'line': b'[100%] Built target rplidar_composition\n'}
[0.756380] (articubot_one) StdoutLine: {'line': b'-- Up-to-date symlink: /home/LifeBot/robot_ws/install/articubot_one/share/ament_index/resource_index/packages/articubot_one\n'}
[0.757398] (articubot_one) StdoutLine: {'line': b'-- Up-to-date symlink: /home/LifeBot/robot_ws/install/articubot_one/share/articubot_one/cmake/articubot_oneConfig.cmake\n'}
[0.758391] (articubot_one) StdoutLine: {'line': b'-- Up-to-date symlink: /home/LifeBot/robot_ws/install/articubot_one/share/articubot_one/cmake/articubot_oneConfig-version.cmake\n'}
[0.760004] (articubot_one) StdoutLine: {'line': b'-- Up-to-date symlink: /home/LifeBot/robot_ws/install/articubot_one/share/articubot_one/package.xml\n'}
[0.767933] (articubot_one) CommandEnded: {'returncode': 0}
[0.811605] (serial) StdoutLine: {'line': b'[ 71%] Built target serial-test\n'}
[0.814025] (-) TimerEvent: {}
[0.818676] (serial) StdoutLine: {'line': b'[ 85%] Built target serial_example\n'}
[0.856722] (serial) StdoutLine: {'line': b'[100%] Built target serial-test-timer\n'}
[0.886317] (rplidar_ros) CommandEnded: {'returncode': 0}
[0.914506] (-) TimerEvent: {}
[0.931781] (serial) CommandEnded: {'returncode': 0}
[0.959204] (diffdrive_arduino) JobProgress: {'identifier': 'diffdrive_arduino', 'progress': 'install'}
[0.959509] (diffdrive_arduino) Command: {'cmd': ['/usr/bin/cmake', '--install', '/home/LifeBot/robot_ws/build/diffdrive_arduino'], 'cwd': '/home/LifeBot/robot_ws/build/diffdrive_arduino', 'env': OrderedDict([('USER', 'LifeBot'), ('SSH_CLIENT', '192.168.2.151 57552 22'), ('XDG_SESSION_TYPE', 'tty'), ('GIT_ASKPASS', '/home/LifeBot/.vscode-server/cli/servers/Stable-863d2581ecda6849923a2118d93a088b0745d9d6/server/extensions/git/dist/askpass.sh'), ('SHLVL', '2'), ('LD_LIBRARY_PATH', '/home/LifeBot/install/diffdrive_arduino/lib:/home/LifeBot/install/serial/lib:/opt/ros/humble/opt/rviz_ogre_vendor/lib:/opt/ros/humble/lib/aarch64-linux-gnu:/opt/ros/humble/lib'), ('BROWSER', '/home/LifeBot/.vscode-server/cli/servers/Stable-863d2581ecda6849923a2118d93a088b0745d9d6/server/bin/helpers/browser.sh'), ('MOTD_SHOWN', 'pam'), ('HOME', '/home/LifeBot'), ('OLDPWD', '/home/LifeBot'), ('TERM_PROGRAM_VERSION', '1.87.2'), ('VSCODE_IPC_HOOK_CLI', '/run/user/1000/vscode-ipc-872476e9-e929-4f79-a1f6-6d8578bbc8ae.sock'), ('ROS_PYTHON_VERSION', '3'), ('VSCODE_GIT_ASKPASS_MAIN', '/home/LifeBot/.vscode-server/cli/servers/Stable-863d2581ecda6849923a2118d93a088b0745d9d6/server/extensions/git/dist/askpass-main.js'), ('VSCODE_GIT_ASKPASS_NODE', '/home/LifeBot/.vscode-server/cli/servers/Stable-863d2581ecda6849923a2118d93a088b0745d9d6/server/node'), ('SSL_CERT_FILE', '/usr/lib/ssl/certs/ca-certificates.crt'), ('DBUS_SESSION_BUS_ADDRESS', 'unix:path=/run/user/1000/bus'), ('COLORTERM', 'truecolor'), ('COLCON_PREFIX_PATH', '/home/LifeBot/install'), ('ROS_DISTRO', 'humble'), ('LOGNAME', 'LifeBot'), ('_', '/usr/bin/colcon'), ('ROS_VERSION', '2'), ('XDG_SESSION_CLASS', 'user'), ('TERM', 'xterm-256color'), ('XDG_SESSION_ID', '1'), ('ROS_LOCALHOST_ONLY', '0'), ('PATH', '/opt/ros/humble/bin:/home/LifeBot/.vscode-server/cli/servers/Stable-863d2581ecda6849923a2118d93a088b0745d9d6/server/bin/remote-cli:/usr/local/sbin:/usr/local/bin:/usr/sbin:/usr/bin:/sbin:/bin:/usr/games:/usr/local/games:/snap/bin'), ('XDG_RUNTIME_DIR', '/run/user/1000'), ('SSL_CERT_DIR', '/usr/lib/ssl/certs'), ('LANG', 'en_US.UTF-8'), ('VSCODE_GIT_IPC_HANDLE', '/run/user/1000/vscode-git-b011f66fd2.sock'), ('TERM_PROGRAM', 'vscode'), ('AMENT_PREFIX_PATH', '/home/LifeBot/install/serial:/opt/ros/humble'), ('SHELL', '/bin/bash'), ('VSCODE_GIT_ASKPASS_EXTRA_ARGS', ''), ('PWD', '/home/LifeBot/robot_ws/build/diffdrive_arduino'), ('LC_ALL', 'en_US.UTF-8'), ('SSH_CONNECTION', '192.168.2.151 57552 192.168.2.154 22'), ('XDG_DATA_DIRS', '/usr/local/share:/usr/share:/var/lib/snapd/desktop'), ('PYTHONPATH', '/opt/ros/humble/lib/python3.10/site-packages:/opt/ros/humble/local/lib/python3.10/dist-packages'), ('COLCON', '1'), ('CMAKE_PREFIX_PATH', '/home/LifeBot/install/diffdrive_arduino:/home/LifeBot/install/serial:/home/LifeBot/install/articubot_one:/opt/ros/humble')]), 'shell': False}
[1.003228] (diffdrive_arduino) StdoutLine: {'line': b'-- Install configuration: ""\n'}
[1.007514] (diffdrive_arduino) StdoutLine: {'line': b'-- Execute custom install script\n'}
[1.008462] (diffdrive_arduino) StdoutLine: {'line': b'-- Up-to-date symlink: /home/LifeBot/robot_ws/install/diffdrive_arduino/share/diffdrive_arduino//diffdrive_arduino.xml\n'}
[1.009993] (diffdrive_arduino) StdoutLine: {'line': b'-- Up-to-date symlink: /home/LifeBot/robot_ws/install/diffdrive_arduino/include/diffdrive_arduino/diffdrive_arduino/arduino_comms.hpp\n'}
[1.011175] (diffdrive_arduino) StdoutLine: {'line': b'-- Up-to-date symlink: /home/LifeBot/robot_ws/install/diffdrive_arduino/include/diffdrive_arduino/diffdrive_arduino/diffbot_system.hpp\n'}
[1.012665] (diffdrive_arduino) StdoutLine: {'line': b'-- Up-to-date symlink: /home/LifeBot/robot_ws/install/diffdrive_arduino/include/diffdrive_arduino/diffdrive_arduino/visibility_control.h\n'}
[1.013375] (diffdrive_arduino) StdoutLine: {'line': b'-- Up-to-date symlink: /home/LifeBot/robot_ws/install/diffdrive_arduino/include/diffdrive_arduino/diffdrive_arduino/wheel.hpp\n'}
[1.014419] (diffdrive_arduino) StdoutLine: {'line': b'-- Up-to-date symlink: /home/LifeBot/robot_ws/install/diffdrive_arduino/share/diffdrive_arduino/launch/view_robot.launch.py\n'}
[1.015126] (-) TimerEvent: {}
[1.016550] (diffdrive_arduino) StdoutLine: {'line': b'-- Up-to-date symlink: /home/LifeBot/robot_ws/install/diffdrive_arduino/share/diffdrive_arduino/ros2_control/diffbot.ros2_control.xacro\n'}
[1.018196] (diffdrive_arduino) StdoutLine: {'line': b'-- Up-to-date symlink: /home/LifeBot/robot_ws/install/diffdrive_arduino/share/diffdrive_arduino/urdf/diffbot.materials.xacro\n'}
[1.019269] (diffdrive_arduino) StdoutLine: {'line': b'-- Up-to-date symlink: /home/LifeBot/robot_ws/install/diffdrive_arduino/share/diffdrive_arduino/urdf/diffbot.urdf.xacro\n'}
[1.020158] (diffdrive_arduino) StdoutLine: {'line': b'-- Up-to-date symlink: /home/LifeBot/robot_ws/install/diffdrive_arduino/share/diffdrive_arduino/urdf/diffbot_description.urdf.xacro\n'}
[1.021996] (diffdrive_arduino) StdoutLine: {'line': b'-- Up-to-date symlink: /home/LifeBot/robot_ws/install/diffdrive_arduino/share/diffdrive_arduino/rviz/diffbot.rviz\n'}
[1.023033] (diffdrive_arduino) StdoutLine: {'line': b'-- Up-to-date symlink: /home/LifeBot/robot_ws/install/diffdrive_arduino/share/diffdrive_arduino/rviz/diffbot_view.rviz\n'}
[1.025070] (diffdrive_arduino) StdoutLine: {'line': b'-- Up-to-date symlink: /home/LifeBot/robot_ws/install/diffdrive_arduino/share/diffdrive_arduino/launch/diffbot.launch.py\n'}
[1.026865] (diffdrive_arduino) StdoutLine: {'line': b'-- Up-to-date symlink: /home/LifeBot/robot_ws/install/diffdrive_arduino/share/diffdrive_arduino/config/diffbot_controllers.yaml\n'}
[1.028769] (diffdrive_arduino) StdoutLine: {'line': b'-- Up-to-date symlink: /home/LifeBot/robot_ws/install/diffdrive_arduino/share/diffdrive_arduino/environment/library_path.sh\n'}
[1.029714] (diffdrive_arduino) StdoutLine: {'line': b'-- Up-to-date symlink: /home/LifeBot/robot_ws/install/diffdrive_arduino/share/diffdrive_arduino/environment/library_path.dsv\n'}
[1.031057] (diffdrive_arduino) StdoutLine: {'line': b'-- Up-to-date symlink: /home/LifeBot/robot_ws/install/diffdrive_arduino/share/ament_index/resource_index/package_run_dependencies/diffdrive_arduino\n'}
[1.032403] (diffdrive_arduino) StdoutLine: {'line': b'-- Up-to-date symlink: /home/LifeBot/robot_ws/install/diffdrive_arduino/share/ament_index/resource_index/parent_prefix_path/diffdrive_arduino\n'}
[1.033497] (diffdrive_arduino) StdoutLine: {'line': b'-- Up-to-date symlink: /home/LifeBot/robot_ws/install/diffdrive_arduino/share/diffdrive_arduino/environment/ament_prefix_path.sh\n'}
[1.034770] (diffdrive_arduino) StdoutLine: {'line': b'-- Up-to-date symlink: /home/LifeBot/robot_ws/install/diffdrive_arduino/share/diffdrive_arduino/environment/ament_prefix_path.dsv\n'}
[1.035854] (diffdrive_arduino) StdoutLine: {'line': b'-- Up-to-date symlink: /home/LifeBot/robot_ws/install/diffdrive_arduino/share/diffdrive_arduino/environment/path.sh\n'}
[1.037001] (diffdrive_arduino) StdoutLine: {'line': b'-- Up-to-date symlink: /home/LifeBot/robot_ws/install/diffdrive_arduino/share/diffdrive_arduino/environment/path.dsv\n'}
[1.038064] (diffdrive_arduino) StdoutLine: {'line': b'-- Up-to-date symlink: /home/LifeBot/robot_ws/install/diffdrive_arduino/share/diffdrive_arduino/local_setup.bash\n'}
[1.039291] (diffdrive_arduino) StdoutLine: {'line': b'-- Up-to-date symlink: /home/LifeBot/robot_ws/install/diffdrive_arduino/share/diffdrive_arduino/local_setup.sh\n'}
[1.040417] (diffdrive_arduino) StdoutLine: {'line': b'-- Up-to-date symlink: /home/LifeBot/robot_ws/install/diffdrive_arduino/share/diffdrive_arduino/local_setup.zsh\n'}
[1.042003] (diffdrive_arduino) StdoutLine: {'line': b'-- Up-to-date symlink: /home/LifeBot/robot_ws/install/diffdrive_arduino/share/diffdrive_arduino/local_setup.dsv\n'}
[1.043085] (diffdrive_arduino) StdoutLine: {'line': b'-- Symlinking: /home/LifeBot/robot_ws/install/diffdrive_arduino/share/diffdrive_arduino/package.dsv\n'}
[1.089220] (diffdrive_arduino) StdoutLine: {'line': b'-- Up-to-date symlink: /home/LifeBot/robot_ws/install/diffdrive_arduino/share/ament_index/resource_index/packages/diffdrive_arduino\n'}
[1.090993] (diffdrive_arduino) StdoutLine: {'line': b'-- Up-to-date symlink: /home/LifeBot/robot_ws/install/diffdrive_arduino/share/ament_index/resource_index/hardware_interface__pluginlib__plugin/diffdrive_arduino\n'}
[1.092013] (diffdrive_arduino) StdoutLine: {'line': b'-- Up-to-date symlink: /home/LifeBot/robot_ws/install/diffdrive_arduino/share/diffdrive_arduino/cmake/ament_cmake_export_targets-extras.cmake\n'}
[1.093179] (diffdrive_arduino) StdoutLine: {'line': b'-- Up-to-date symlink: /home/LifeBot/robot_ws/install/diffdrive_arduino/share/diffdrive_arduino/cmake/ament_cmake_export_dependencies-extras.cmake\n'}
[1.094357] (diffdrive_arduino) StdoutLine: {'line': b'-- Up-to-date symlink: /home/LifeBot/robot_ws/install/diffdrive_arduino/share/diffdrive_arduino/cmake/diffdrive_arduinoConfig.cmake\n'}
[1.095290] (diffdrive_arduino) StdoutLine: {'line': b'-- Up-to-date symlink: /home/LifeBot/robot_ws/install/diffdrive_arduino/share/diffdrive_arduino/cmake/diffdrive_arduinoConfig-version.cmake\n'}
[1.096445] (diffdrive_arduino) StdoutLine: {'line': b'-- Up-to-date symlink: /home/LifeBot/robot_ws/install/diffdrive_arduino/share/diffdrive_arduino/package.xml\n'}
[1.097918] (diffdrive_arduino) StdoutLine: {'line': b'-- Up-to-date: /home/LifeBot/robot_ws/install/diffdrive_arduino/share/diffdrive_arduino/cmake/export_diffdrive_arduinoExport.cmake\n'}
[1.099768] (diffdrive_arduino) StdoutLine: {'line': b'-- Up-to-date: /home/LifeBot/robot_ws/install/diffdrive_arduino/share/diffdrive_arduino/cmake/export_diffdrive_arduinoExport-noconfig.cmake\n'}
[1.124110] (-) TimerEvent: {}
[1.127035] (articubot_one) JobEnded: {'identifier': 'articubot_one', 'rc': 0}
[1.134889] (diffdrive_arduino) CommandEnded: {'returncode': 0}
[1.224304] (-) TimerEvent: {}
[1.238176] (serial) JobProgress: {'identifier': 'serial', 'progress': 'install'}
[1.245746] (serial) Command: {'cmd': ['/usr/bin/cmake', '--install', '/home/LifeBot/robot_ws/build/serial'], 'cwd': '/home/LifeBot/robot_ws/build/serial', 'env': OrderedDict([('USER', 'LifeBot'), ('SSH_CLIENT', '192.168.2.151 57552 22'), ('XDG_SESSION_TYPE', 'tty'), ('GIT_ASKPASS', '/home/LifeBot/.vscode-server/cli/servers/Stable-863d2581ecda6849923a2118d93a088b0745d9d6/server/extensions/git/dist/askpass.sh'), ('SHLVL', '2'), ('LD_LIBRARY_PATH', '/home/LifeBot/install/diffdrive_arduino/lib:/home/LifeBot/install/serial/lib:/opt/ros/humble/opt/rviz_ogre_vendor/lib:/opt/ros/humble/lib/aarch64-linux-gnu:/opt/ros/humble/lib'), ('BROWSER', '/home/LifeBot/.vscode-server/cli/servers/Stable-863d2581ecda6849923a2118d93a088b0745d9d6/server/bin/helpers/browser.sh'), ('MOTD_SHOWN', 'pam'), ('HOME', '/home/LifeBot'), ('OLDPWD', '/home/LifeBot'), ('TERM_PROGRAM_VERSION', '1.87.2'), ('VSCODE_IPC_HOOK_CLI', '/run/user/1000/vscode-ipc-872476e9-e929-4f79-a1f6-6d8578bbc8ae.sock'), ('ROS_PYTHON_VERSION', '3'), ('VSCODE_GIT_ASKPASS_MAIN', '/home/LifeBot/.vscode-server/cli/servers/Stable-863d2581ecda6849923a2118d93a088b0745d9d6/server/extensions/git/dist/askpass-main.js'), ('VSCODE_GIT_ASKPASS_NODE', '/home/LifeBot/.vscode-server/cli/servers/Stable-863d2581ecda6849923a2118d93a088b0745d9d6/server/node'), ('SSL_CERT_FILE', '/usr/lib/ssl/certs/ca-certificates.crt'), ('DBUS_SESSION_BUS_ADDRESS', 'unix:path=/run/user/1000/bus'), ('COLORTERM', 'truecolor'), ('COLCON_PREFIX_PATH', '/home/LifeBot/install'), ('ROS_DISTRO', 'humble'), ('LOGNAME', 'LifeBot'), ('_', '/usr/bin/colcon'), ('ROS_VERSION', '2'), ('XDG_SESSION_CLASS', 'user'), ('TERM', 'xterm-256color'), ('XDG_SESSION_ID', '1'), ('ROS_LOCALHOST_ONLY', '0'), ('PATH', '/opt/ros/humble/bin:/home/LifeBot/.vscode-server/cli/servers/Stable-863d2581ecda6849923a2118d93a088b0745d9d6/server/bin/remote-cli:/usr/local/sbin:/usr/local/bin:/usr/sbin:/usr/bin:/sbin:/bin:/usr/games:/usr/local/games:/snap/bin'), ('XDG_RUNTIME_DIR', '/run/user/1000'), ('SSL_CERT_DIR', '/usr/lib/ssl/certs'), ('LANG', 'en_US.UTF-8'), ('VSCODE_GIT_IPC_HANDLE', '/run/user/1000/vscode-git-b011f66fd2.sock'), ('TERM_PROGRAM', 'vscode'), ('AMENT_PREFIX_PATH', '/home/LifeBot/install/serial:/opt/ros/humble'), ('SHELL', '/bin/bash'), ('VSCODE_GIT_ASKPASS_EXTRA_ARGS', ''), ('PWD', '/home/LifeBot/robot_ws/build/serial'), ('LC_ALL', 'en_US.UTF-8'), ('SSH_CONNECTION', '192.168.2.151 57552 192.168.2.154 22'), ('XDG_DATA_DIRS', '/usr/local/share:/usr/share:/var/lib/snapd/desktop'), ('PYTHONPATH', '/opt/ros/humble/lib/python3.10/site-packages:/opt/ros/humble/local/lib/python3.10/dist-packages'), ('COLCON', '1'), ('CMAKE_PREFIX_PATH', '/home/LifeBot/install/diffdrive_arduino:/home/LifeBot/install/serial:/home/LifeBot/install/articubot_one:/opt/ros/humble')]), 'shell': False}
[1.253168] (rplidar_ros) JobProgress: {'identifier': 'rplidar_ros', 'progress': 'install'}
[1.261455] (rplidar_ros) Command: {'cmd': ['/usr/bin/cmake', '--install', '/home/LifeBot/robot_ws/build/rplidar_ros'], 'cwd': '/home/LifeBot/robot_ws/build/rplidar_ros', 'env': OrderedDict([('USER', 'LifeBot'), ('SSH_CLIENT', '192.168.2.151 57552 22'), ('XDG_SESSION_TYPE', 'tty'), ('GIT_ASKPASS', '/home/LifeBot/.vscode-server/cli/servers/Stable-863d2581ecda6849923a2118d93a088b0745d9d6/server/extensions/git/dist/askpass.sh'), ('SHLVL', '2'), ('LD_LIBRARY_PATH', '/home/LifeBot/install/diffdrive_arduino/lib:/home/LifeBot/install/serial/lib:/opt/ros/humble/opt/rviz_ogre_vendor/lib:/opt/ros/humble/lib/aarch64-linux-gnu:/opt/ros/humble/lib'), ('BROWSER', '/home/LifeBot/.vscode-server/cli/servers/Stable-863d2581ecda6849923a2118d93a088b0745d9d6/server/bin/helpers/browser.sh'), ('MOTD_SHOWN', 'pam'), ('HOME', '/home/LifeBot'), ('OLDPWD', '/home/LifeBot'), ('TERM_PROGRAM_VERSION', '1.87.2'), ('VSCODE_IPC_HOOK_CLI', '/run/user/1000/vscode-ipc-872476e9-e929-4f79-a1f6-6d8578bbc8ae.sock'), ('ROS_PYTHON_VERSION', '3'), ('VSCODE_GIT_ASKPASS_MAIN', '/home/LifeBot/.vscode-server/cli/servers/Stable-863d2581ecda6849923a2118d93a088b0745d9d6/server/extensions/git/dist/askpass-main.js'), ('VSCODE_GIT_ASKPASS_NODE', '/home/LifeBot/.vscode-server/cli/servers/Stable-863d2581ecda6849923a2118d93a088b0745d9d6/server/node'), ('SSL_CERT_FILE', '/usr/lib/ssl/certs/ca-certificates.crt'), ('DBUS_SESSION_BUS_ADDRESS', 'unix:path=/run/user/1000/bus'), ('COLORTERM', 'truecolor'), ('COLCON_PREFIX_PATH', '/home/LifeBot/install'), ('ROS_DISTRO', 'humble'), ('LOGNAME', 'LifeBot'), ('_', '/usr/bin/colcon'), ('ROS_VERSION', '2'), ('XDG_SESSION_CLASS', 'user'), ('TERM', 'xterm-256color'), ('XDG_SESSION_ID', '1'), ('ROS_LOCALHOST_ONLY', '0'), ('PATH', '/opt/ros/humble/bin:/home/LifeBot/.vscode-server/cli/servers/Stable-863d2581ecda6849923a2118d93a088b0745d9d6/server/bin/remote-cli:/usr/local/sbin:/usr/local/bin:/usr/sbin:/usr/bin:/sbin:/bin:/usr/games:/usr/local/games:/snap/bin'), ('XDG_RUNTIME_DIR', '/run/user/1000'), ('SSL_CERT_DIR', '/usr/lib/ssl/certs'), ('LANG', 'en_US.UTF-8'), ('VSCODE_GIT_IPC_HANDLE', '/run/user/1000/vscode-git-b011f66fd2.sock'), ('TERM_PROGRAM', 'vscode'), ('AMENT_PREFIX_PATH', '/home/LifeBot/install/serial:/opt/ros/humble'), ('SHELL', '/bin/bash'), ('VSCODE_GIT_ASKPASS_EXTRA_ARGS', ''), ('PWD', '/home/LifeBot/robot_ws/build/rplidar_ros'), ('LC_ALL', 'en_US.UTF-8'), ('SSH_CONNECTION', '192.168.2.151 57552 192.168.2.154 22'), ('XDG_DATA_DIRS', '/usr/local/share:/usr/share:/var/lib/snapd/desktop'), ('PYTHONPATH', '/opt/ros/humble/lib/python3.10/site-packages:/opt/ros/humble/local/lib/python3.10/dist-packages'), ('COLCON', '1'), ('CMAKE_PREFIX_PATH', '/home/LifeBot/install/diffdrive_arduino:/home/LifeBot/install/serial:/home/LifeBot/install/articubot_one:/opt/ros/humble')]), 'shell': False}
[1.274894] (serial) StdoutLine: {'line': b'-- Install configuration: ""\n'}
[1.278052] (serial) StdoutLine: {'line': b'-- Execute custom install script\n'}
[1.279110] (serial) StdoutLine: {'line': b'-- Up-to-date symlink: /home/LifeBot/robot_ws/install/serial/lib/libserial.a\n'}
[1.281249] (serial) StdoutLine: {'line': b'-- Up-to-date symlink: /home/LifeBot/robot_ws/install/serial/include/serial/serial.h\n'}
[1.282208] (serial) StdoutLine: {'line': b'-- Up-to-date symlink: /home/LifeBot/robot_ws/install/serial/include/serial/v8stdint.h\n'}
[1.287382] (serial) StdoutLine: {'line': b'-- Up-to-date symlink: /home/LifeBot/robot_ws/install/serial/share/serial/environment/library_path.sh\n'}
[1.288263] (serial) StdoutLine: {'line': b'-- Up-to-date symlink: /home/LifeBot/robot_ws/install/serial/share/serial/environment/library_path.dsv\n'}
[1.289108] (serial) StdoutLine: {'line': b'-- Up-to-date symlink: /home/LifeBot/robot_ws/install/serial/share/ament_index/resource_index/package_run_dependencies/serial\n'}
[1.289992] (serial) StdoutLine: {'line': b'-- Up-to-date symlink: /home/LifeBot/robot_ws/install/serial/share/ament_index/resource_index/parent_prefix_path/serial\n'}
[1.290998] (serial) StdoutLine: {'line': b'-- Up-to-date symlink: /home/LifeBot/robot_ws/install/serial/share/serial/environment/ament_prefix_path.sh\n'}
[1.291593] (serial) StdoutLine: {'line': b'-- Up-to-date symlink: /home/LifeBot/robot_ws/install/serial/share/serial/environment/ament_prefix_path.dsv\n'}
[1.292330] (serial) StdoutLine: {'line': b'-- Up-to-date symlink: /home/LifeBot/robot_ws/install/serial/share/serial/environment/path.sh\n'}
[1.293187] (serial) StdoutLine: {'line': b'-- Up-to-date symlink: /home/LifeBot/robot_ws/install/serial/share/serial/environment/path.dsv\n'}
[1.294501] (serial) StdoutLine: {'line': b'-- Up-to-date symlink: /home/LifeBot/robot_ws/install/serial/share/serial/local_setup.bash\n'}
[1.295592] (serial) StdoutLine: {'line': b'-- Up-to-date symlink: /home/LifeBot/robot_ws/install/serial/share/serial/local_setup.sh\n'}
[1.296097] (rplidar_ros) StdoutLine: {'line': b'-- Install configuration: ""\n'}
[1.296835] (serial) StdoutLine: {'line': b'-- Up-to-date symlink: /home/LifeBot/robot_ws/install/serial/share/serial/local_setup.zsh\n'}
[1.297234] (serial) StdoutLine: {'line': b'-- Up-to-date symlink: /home/LifeBot/robot_ws/install/serial/share/serial/local_setup.dsv\n'}
[1.297562] (serial) StdoutLine: {'line': b'-- Symlinking: /home/LifeBot/robot_ws/install/serial/share/serial/package.dsv\n'}
[1.298777] (rplidar_ros) StdoutLine: {'line': b'-- Execute custom install script\n'}
[1.302747] (rplidar_ros) StdoutLine: {'line': b'-- Up-to-date symlink: /home/LifeBot/robot_ws/install/rplidar_ros/lib/rplidar_ros/rplidar_composition\n'}
[1.306061] (rplidar_ros) StdoutLine: {'line': b'-- Up-to-date symlink: /home/LifeBot/robot_ws/install/rplidar_ros/share/rplidar_ros/launch/rplidar.launch.py\n'}
[1.307019] (rplidar_ros) StdoutLine: {'line': b'-- Up-to-date symlink: /home/LifeBot/robot_ws/install/rplidar_ros/share/rplidar_ros/launch/rplidar_a3.launch.py\n'}
[1.307829] (rplidar_ros) StdoutLine: {'line': b'-- Up-to-date symlink: /home/LifeBot/robot_ws/install/rplidar_ros/share/rplidar_ros/launch/rplidar_s1.launch.py\n'}
[1.308606] (rplidar_ros) StdoutLine: {'line': b'-- Up-to-date symlink: /home/LifeBot/robot_ws/install/rplidar_ros/share/rplidar_ros/launch/rplidar_s1_tcp.launch.py\n'}
[1.309358] (rplidar_ros) StdoutLine: {'line': b'-- Up-to-date symlink: /home/LifeBot/robot_ws/install/rplidar_ros/share/rplidar_ros/launch/test_rplidar_a3.launch.py\n'}
[1.310074] (rplidar_ros) StdoutLine: {'line': b'-- Up-to-date symlink: /home/LifeBot/robot_ws/install/rplidar_ros/share/rplidar_ros/launch/view_rplidar.launch.py\n'}
[1.311026] (rplidar_ros) StdoutLine: {'line': b'-- Up-to-date symlink: /home/LifeBot/robot_ws/install/rplidar_ros/share/rplidar_ros/launch/view_rplidar_a3.launch.py\n'}
[1.312016] (rplidar_ros) StdoutLine: {'line': b'-- Up-to-date symlink: /home/LifeBot/robot_ws/install/rplidar_ros/share/rplidar_ros/launch/view_rplidar_s1.launch.py\n'}
[1.312970] (rplidar_ros) StdoutLine: {'line': b'-- Up-to-date symlink: /home/LifeBot/robot_ws/install/rplidar_ros/share/rplidar_ros/launch/view_rplidar_s1_tcp.launch.py\n'}
[1.314472] (rplidar_ros) StdoutLine: {'line': b'-- Up-to-date symlink: /home/LifeBot/robot_ws/install/rplidar_ros/share/rplidar_ros/rviz/rplidar.rviz\n'}
[1.316095] (rplidar_ros) StdoutLine: {'line': b'-- Up-to-date symlink: /home/LifeBot/robot_ws/install/rplidar_ros/lib/librplidar_composition_node.so\n'}
[1.318226] (rplidar_ros) StdoutLine: {'line': b'-- Up-to-date symlink: /home/LifeBot/robot_ws/install/rplidar_ros/include/rplidar_node.hpp\n'}
[1.320697] (rplidar_ros) StdoutLine: {'line': b'-- Up-to-date symlink: /home/LifeBot/robot_ws/install/rplidar_ros/include/visibility.h\n'}
[1.322458] (rplidar_ros) StdoutLine: {'line': b'-- Up-to-date symlink: /home/LifeBot/robot_ws/install/rplidar_ros/lib/rplidar_ros/rplidar_composition\n'}
[1.323977] (rplidar_ros) StdoutLine: {'line': b'-- Up-to-date symlink: /home/LifeBot/robot_ws/install/rplidar_ros/share/ament_index/resource_index/package_run_dependencies/rplidar_ros\n'}
[1.324879] (-) TimerEvent: {}
[1.326034] (rplidar_ros) StdoutLine: {'line': b'-- Up-to-date symlink: /home/LifeBot/robot_ws/install/rplidar_ros/share/ament_index/resource_index/parent_prefix_path/rplidar_ros\n'}
[1.327159] (rplidar_ros) StdoutLine: {'line': b'-- Up-to-date symlink: /home/LifeBot/robot_ws/install/rplidar_ros/share/rplidar_ros/environment/ament_prefix_path.sh\n'}
[1.327633] (rplidar_ros) StdoutLine: {'line': b'-- Up-to-date symlink: /home/LifeBot/robot_ws/install/rplidar_ros/share/rplidar_ros/environment/ament_prefix_path.dsv\n'}
[1.330016] (rplidar_ros) StdoutLine: {'line': b'-- Up-to-date symlink: /home/LifeBot/robot_ws/install/rplidar_ros/share/rplidar_ros/environment/path.sh\n'}
[1.333008] (serial) StdoutLine: {'line': b'-- Up-to-date symlink: /home/LifeBot/robot_ws/install/serial/share/ament_index/resource_index/packages/serial\n'}
[1.333794] (rplidar_ros) StdoutLine: {'line': b'-- Up-to-date symlink: /home/LifeBot/robot_ws/install/rplidar_ros/share/rplidar_ros/environment/path.dsv\n'}
[1.335109] (serial) StdoutLine: {'line': b'-- Up-to-date symlink: /home/LifeBot/robot_ws/install/serial/share/serial/cmake/ament_cmake_export_include_directories-extras.cmake\n'}
[1.335879] (rplidar_ros) StdoutLine: {'line': b'-- Up-to-date symlink: /home/LifeBot/robot_ws/install/rplidar_ros/share/rplidar_ros/local_setup.bash\n'}
[1.337820] (rplidar_ros) StdoutLine: {'line': b'-- Up-to-date symlink: /home/LifeBot/robot_ws/install/rplidar_ros/share/rplidar_ros/local_setup.sh\n'}
[1.338837] (serial) StdoutLine: {'line': b'-- Up-to-date symlink: /home/LifeBot/robot_ws/install/serial/share/serial/cmake/ament_cmake_export_libraries-extras.cmake\n'}
[1.339444] (serial) StdoutLine: {'line': b'-- Up-to-date symlink: /home/LifeBot/robot_ws/install/serial/share/serial/cmake/serialConfig.cmake\n'}
[1.339885] (rplidar_ros) StdoutLine: {'line': b'-- Up-to-date symlink: /home/LifeBot/robot_ws/install/rplidar_ros/share/rplidar_ros/local_setup.zsh\n'}
[1.340470] (rplidar_ros) StdoutLine: {'line': b'-- Up-to-date symlink: /home/LifeBot/robot_ws/install/rplidar_ros/share/rplidar_ros/local_setup.dsv\n'}
[1.340961] (serial) StdoutLine: {'line': b'-- Up-to-date symlink: /home/LifeBot/robot_ws/install/serial/share/serial/cmake/serialConfig-version.cmake\n'}
[1.341513] (rplidar_ros) StdoutLine: {'line': b'-- Symlinking: /home/LifeBot/robot_ws/install/rplidar_ros/share/rplidar_ros/package.dsv\n'}
[1.342085] (serial) StdoutLine: {'line': b'-- Up-to-date symlink: /home/LifeBot/robot_ws/install/serial/share/serial/package.xml\n'}
[1.357389] (serial) CommandEnded: {'returncode': 0}
[1.383844] (rplidar_ros) StdoutLine: {'line': b'-- Up-to-date symlink: /home/LifeBot/robot_ws/install/rplidar_ros/share/ament_index/resource_index/packages/rplidar_ros\n'}
[1.385289] (rplidar_ros) StdoutLine: {'line': b'-- Up-to-date symlink: /home/LifeBot/robot_ws/install/rplidar_ros/share/ament_index/resource_index/rclcpp_components/rplidar_ros\n'}
[1.386669] (rplidar_ros) StdoutLine: {'line': b'-- Up-to-date symlink: /home/LifeBot/robot_ws/install/rplidar_ros/share/rplidar_ros/cmake/ament_cmake_export_dependencies-extras.cmake\n'}
[1.388207] (rplidar_ros) StdoutLine: {'line': b'-- Up-to-date symlink: /home/LifeBot/robot_ws/install/rplidar_ros/share/rplidar_ros/cmake/ament_cmake_export_include_directories-extras.cmake\n'}
[1.392167] (rplidar_ros) StdoutLine: {'line': b'-- Up-to-date symlink: /home/LifeBot/robot_ws/install/rplidar_ros/share/rplidar_ros/cmake/rplidar_rosConfig.cmake\n'}
[1.393246] (rplidar_ros) StdoutLine: {'line': b'-- Up-to-date symlink: /home/LifeBot/robot_ws/install/rplidar_ros/share/rplidar_ros/cmake/rplidar_rosConfig-version.cmake\n'}
[1.393794] (rplidar_ros) StdoutLine: {'line': b'-- Up-to-date symlink: /home/LifeBot/robot_ws/install/rplidar_ros/share/rplidar_ros/package.xml\n'}
[1.398802] (rplidar_ros) CommandEnded: {'returncode': 0}
[1.425520] (-) TimerEvent: {}
[1.520034] (diffdrive_arduino) JobEnded: {'identifier': 'diffdrive_arduino', 'rc': 0}
[1.525710] (-) TimerEvent: {}
[1.626666] (-) TimerEvent: {}
[1.641995] (serial) JobEnded: {'identifier': 'serial', 'rc': 0}
[1.712150] (rplidar_ros) JobEnded: {'identifier': 'rplidar_ros', 'rc': 0}
[1.715287] (-) EventReactorShutdown: {}
