[0.138s] Invoking command in '/home/LifeBot/robot_ws/build/serial': CMAKE_PREFIX_PATH=${CMAKE_PREFIX_PATH}:/opt/ros/humble /usr/bin/cmake --build /home/LifeBot/robot_ws/build/serial -- -j4 -l4
[0.607s] [ 28%] Built target serial
[0.652s] [ 42%] Built target gtest_main
[0.660s] [ 57%] Built target gtest
[0.770s] [ 71%] Built target serial_example
[0.909s] [ 85%] Built target serial-test
[1.036s] [100%] Built target serial-test-timer
[1.129s] Invoked command in '/home/LifeBot/robot_ws/build/serial' returned '0': CMAKE_PREFIX_PATH=${CMAKE_PREFIX_PATH}:/opt/ros/humble /usr/bin/cmake --build /home/LifeBot/robot_ws/build/serial -- -j4 -l4
[1.687s] Invoking command in '/home/LifeBot/robot_ws/build/serial': CMAKE_PREFIX_PATH=${CMAKE_PREFIX_PATH}:/opt/ros/humble /usr/bin/cmake --install /home/LifeBot/robot_ws/build/serial
[1.731s] -- Install configuration: ""
[1.735s] -- Execute custom install script
[1.739s] -- Up-to-date symlink: /home/LifeBot/robot_ws/install/serial/lib/libserial.a
[1.742s] -- Up-to-date symlink: /home/LifeBot/robot_ws/install/serial/include/serial/serial.h
[1.744s] -- Up-to-date symlink: /home/LifeBot/robot_ws/install/serial/include/serial/v8stdint.h
[1.747s] -- Up-to-date symlink: /home/LifeBot/robot_ws/install/serial/share/serial/environment/library_path.sh
[1.750s] -- Up-to-date symlink: /home/LifeBot/robot_ws/install/serial/share/serial/environment/library_path.dsv
[1.755s] -- Up-to-date symlink: /home/LifeBot/robot_ws/install/serial/share/ament_index/resource_index/package_run_dependencies/serial
[1.777s] -- Up-to-date symlink: /home/LifeBot/robot_ws/install/serial/share/ament_index/resource_index/parent_prefix_path/serial
[1.781s] -- Up-to-date symlink: /home/LifeBot/robot_ws/install/serial/share/serial/environment/ament_prefix_path.sh
[1.788s] -- Up-to-date symlink: /home/LifeBot/robot_ws/install/serial/share/serial/environment/ament_prefix_path.dsv
[1.790s] -- Up-to-date symlink: /home/LifeBot/robot_ws/install/serial/share/serial/environment/path.sh
[1.800s] -- Up-to-date symlink: /home/LifeBot/robot_ws/install/serial/share/serial/environment/path.dsv
[1.801s] -- Up-to-date symlink: /home/LifeBot/robot_ws/install/serial/share/serial/local_setup.bash
[1.801s] -- Up-to-date symlink: /home/LifeBot/robot_ws/install/serial/share/serial/local_setup.sh
[1.802s] -- Up-to-date symlink: /home/LifeBot/robot_ws/install/serial/share/serial/local_setup.zsh
[1.802s] -- Up-to-date symlink: /home/LifeBot/robot_ws/install/serial/share/serial/local_setup.dsv
[1.802s] -- Symlinking: /home/LifeBot/robot_ws/install/serial/share/serial/package.dsv
[1.860s] -- Up-to-date symlink: /home/LifeBot/robot_ws/install/serial/share/ament_index/resource_index/packages/serial
[1.866s] -- Up-to-date symlink: /home/LifeBot/robot_ws/install/serial/share/serial/cmake/ament_cmake_export_include_directories-extras.cmake
[1.868s] -- Up-to-date symlink: /home/LifeBot/robot_ws/install/serial/share/serial/cmake/ament_cmake_export_libraries-extras.cmake
[1.870s] -- Up-to-date symlink: /home/LifeBot/robot_ws/install/serial/share/serial/cmake/serialConfig.cmake
[1.880s] -- Up-to-date symlink: /home/LifeBot/robot_ws/install/serial/share/serial/cmake/serialConfig-version.cmake
[1.881s] -- Up-to-date symlink: /home/LifeBot/robot_ws/install/serial/share/serial/package.xml
[2.012s] Invoked command in '/home/LifeBot/robot_ws/build/serial' returned '0': CMAKE_PREFIX_PATH=${CMAKE_PREFIX_PATH}:/opt/ros/humble /usr/bin/cmake --install /home/LifeBot/robot_ws/build/serial
