[0.044s] Invoking command in '/home/LifeBot/robot_ws/build/serial': /usr/bin/cmake /home/LifeBot/robot_ws/src/serial -DAMENT_CMAKE_SYMLINK_INSTALL=1 -DCMAKE_INSTALL_PREFIX=/home/LifeBot/robot_ws/install/serial
[0.389s] -- The C compiler identification is GNU 11.4.0
[0.741s] -- The CXX compiler identification is GNU 11.4.0
[0.787s] -- Detecting C compiler ABI info
[1.237s] -- Detecting C compiler ABI info - done
[1.289s] -- Check for working C compiler: /usr/bin/cc - skipped
[1.292s] -- Detecting C compile features
[1.295s] -- Detecting C compile features - done
[1.312s] -- Detecting CXX compiler ABI info
[1.761s] -- Detecting CXX compiler ABI info - done
[1.800s] -- Check for working CXX compiler: /usr/bin/c++ - skipped
[1.801s] -- Detecting CXX compile features
[1.803s] -- Detecting CXX compile features - done
[1.939s] [31mCMake Error at CMakeLists.txt:5 (find_package):
[1.940s]   By not providing "Findament_cmake.cmake" in CMAKE_MODULE_PATH this project
[1.946s]   has asked CMake to find a package configuration file provided by
[1.947s]   "ament_cmake", but CMake did not find one.
[1.947s] 
[1.948s]   Could not find a package configuration file provided by "ament_cmake" with
[1.948s]   any of the following names:
[1.949s] 
[1.950s]     ament_cmakeConfig.cmake
[1.951s]     ament_cmake-config.cmake
[1.953s] 
[1.954s]   Add the installation prefix of "ament_cmake" to CMAKE_PREFIX_PATH or set
[1.956s]   "ament_cmake_DIR" to a directory containing one of the above files.  If
[1.965s]   "ament_cmake" provides a separate development package or SDK, be sure it
[1.968s]   has been installed.
[1.969s] 
[1.971s] [0m
[1.973s] -- Configuring incomplete, errors occurred!
[1.973s] See also "/home/LifeBot/robot_ws/build/serial/CMakeFiles/CMakeOutput.log".
[1.974s] Invoked command in '/home/LifeBot/robot_ws/build/serial' returned '1': /usr/bin/cmake /home/LifeBot/robot_ws/src/serial -DAMENT_CMAKE_SYMLINK_INSTALL=1 -DCMAKE_INSTALL_PREFIX=/home/LifeBot/robot_ws/install/serial
