[0.157s] Invoking command in '/home/LifeBot/robot_ws/build/articubot_one': CMAKE_PREFIX_PATH=${CMAKE_PREFIX_PATH}:/opt/ros/humble /usr/bin/cmake --build /home/LifeBot/robot_ws/build/articubot_one -- -j4 -l4
[0.544s] Invoked command in '/home/LifeBot/robot_ws/build/articubot_one' returned '0': CMAKE_PREFIX_PATH=${CMAKE_PREFIX_PATH}:/opt/ros/humble /usr/bin/cmake --build /home/LifeBot/robot_ws/build/articubot_one -- -j4 -l4
[1.002s] Invoking command in '/home/LifeBot/robot_ws/build/articubot_one': CMAKE_PREFIX_PATH=${CMAKE_PREFIX_PATH}:/opt/ros/humble /usr/bin/cmake --install /home/LifeBot/robot_ws/build/articubot_one
[1.065s] -- Install configuration: ""
[1.070s] -- Execute custom install script
[1.078s] -- Up-to-date symlink: /home/LifeBot/robot_ws/install/articubot_one/share/articubot_one/config/ball_tracker_params_robot.yaml
[1.081s] -- Up-to-date symlink: /home/LifeBot/robot_ws/install/articubot_one/share/articubot_one/config/ball_tracker_params_sim.yaml
[1.084s] -- Up-to-date symlink: /home/LifeBot/robot_ws/install/articubot_one/share/articubot_one/config/drive_bot.rviz
[1.086s] -- Up-to-date symlink: /home/LifeBot/robot_ws/install/articubot_one/share/articubot_one/config/empty.yaml
[1.089s] -- Up-to-date symlink: /home/LifeBot/robot_ws/install/articubot_one/share/articubot_one/config/gaz_ros2_ctl_use_sim.yaml
[1.104s] -- Up-to-date symlink: /home/LifeBot/robot_ws/install/articubot_one/share/articubot_one/config/gazebo_params.yaml
[1.108s] -- Up-to-date symlink: /home/LifeBot/robot_ws/install/articubot_one/share/articubot_one/config/joystick.yaml
[1.108s] -- Up-to-date symlink: /home/LifeBot/robot_ws/install/articubot_one/share/articubot_one/config/main.rviz
[1.109s] -- Up-to-date symlink: /home/LifeBot/robot_ws/install/articubot_one/share/articubot_one/config/map.rviz
[1.110s] -- Up-to-date symlink: /home/LifeBot/robot_ws/install/articubot_one/share/articubot_one/config/mapper_params_online_async.yaml
[1.111s] -- Up-to-date symlink: /home/LifeBot/robot_ws/install/articubot_one/share/articubot_one/config/my_controllers.yaml
[1.111s] -- Up-to-date symlink: /home/LifeBot/robot_ws/install/articubot_one/share/articubot_one/config/nav2_params.yaml
[1.112s] -- Up-to-date symlink: /home/LifeBot/robot_ws/install/articubot_one/share/articubot_one/config/twist_mux.yaml
[1.113s] -- Up-to-date symlink: /home/LifeBot/robot_ws/install/articubot_one/share/articubot_one/config/view_bot.rviz
[1.114s] -- Up-to-date symlink: /home/LifeBot/robot_ws/install/articubot_one/share/articubot_one/description/camera.xacro
[1.117s] -- Up-to-date symlink: /home/LifeBot/robot_ws/install/articubot_one/share/articubot_one/description/depth_camera.xacro
[1.118s] -- Up-to-date symlink: /home/LifeBot/robot_ws/install/articubot_one/share/articubot_one/description/face.xacro
[1.118s] -- Up-to-date symlink: /home/LifeBot/robot_ws/install/articubot_one/share/articubot_one/description/gazebo_control.xacro
[1.127s] -- Up-to-date symlink: /home/LifeBot/robot_ws/install/articubot_one/share/articubot_one/description/inertial_macros.xacro
[1.129s] -- Up-to-date symlink: /home/LifeBot/robot_ws/install/articubot_one/share/articubot_one/description/lidar.xacro
[1.130s] -- Up-to-date symlink: /home/LifeBot/robot_ws/install/articubot_one/share/articubot_one/description/robot.urdf.xacro
[1.130s] -- Up-to-date symlink: /home/LifeBot/robot_ws/install/articubot_one/share/articubot_one/description/robot_core.xacro
[1.132s] -- Up-to-date symlink: /home/LifeBot/robot_ws/install/articubot_one/share/articubot_one/description/ros2_control.xacro
[1.138s] -- Up-to-date symlink: /home/LifeBot/robot_ws/install/articubot_one/share/articubot_one/launch/ball_tracker.launch.py
[1.139s] -- Up-to-date symlink: /home/LifeBot/robot_ws/install/articubot_one/share/articubot_one/launch/camera.launch.py
[1.148s] -- Up-to-date symlink: /home/LifeBot/robot_ws/install/articubot_one/share/articubot_one/launch/joystick.launch.py
[1.149s] -- Up-to-date symlink: /home/LifeBot/robot_ws/install/articubot_one/share/articubot_one/launch/launch_robot.launch.py
[1.153s] -- Up-to-date symlink: /home/LifeBot/robot_ws/install/articubot_one/share/articubot_one/launch/launch_sim.launch.py
[1.154s] -- Up-to-date symlink: /home/LifeBot/robot_ws/install/articubot_one/share/articubot_one/launch/localization_launch.py
[1.161s] -- Up-to-date symlink: /home/LifeBot/robot_ws/install/articubot_one/share/articubot_one/launch/navigation_launch.py
[1.163s] -- Up-to-date symlink: /home/LifeBot/robot_ws/install/articubot_one/share/articubot_one/launch/online_async_launch.py
[1.164s] -- Up-to-date symlink: /home/LifeBot/robot_ws/install/articubot_one/share/articubot_one/launch/rplidar.launch.py
[1.165s] -- Up-to-date symlink: /home/LifeBot/robot_ws/install/articubot_one/share/articubot_one/launch/rsp.launch.py
[1.167s] -- Up-to-date symlink: /home/LifeBot/robot_ws/install/articubot_one/share/articubot_one/worlds/empty.world
[1.177s] -- Up-to-date symlink: /home/LifeBot/robot_ws/install/articubot_one/share/articubot_one/worlds/obstacles.world
[1.180s] -- Up-to-date symlink: /home/LifeBot/robot_ws/install/articubot_one/share/ament_index/resource_index/package_run_dependencies/articubot_one
[1.181s] -- Up-to-date symlink: /home/LifeBot/robot_ws/install/articubot_one/share/ament_index/resource_index/parent_prefix_path/articubot_one
[1.184s] -- Up-to-date symlink: /home/LifeBot/robot_ws/install/articubot_one/share/articubot_one/environment/ament_prefix_path.sh
[1.185s] -- Up-to-date symlink: /home/LifeBot/robot_ws/install/articubot_one/share/articubot_one/environment/ament_prefix_path.dsv
[1.189s] -- Up-to-date symlink: /home/LifeBot/robot_ws/install/articubot_one/share/articubot_one/environment/path.sh
[1.192s] -- Up-to-date symlink: /home/LifeBot/robot_ws/install/articubot_one/share/articubot_one/environment/path.dsv
[1.193s] -- Up-to-date symlink: /home/LifeBot/robot_ws/install/articubot_one/share/articubot_one/local_setup.bash
[1.196s] -- Up-to-date symlink: /home/LifeBot/robot_ws/install/articubot_one/share/articubot_one/local_setup.sh
[1.198s] -- Up-to-date symlink: /home/LifeBot/robot_ws/install/articubot_one/share/articubot_one/local_setup.zsh
[1.201s] -- Up-to-date symlink: /home/LifeBot/robot_ws/install/articubot_one/share/articubot_one/local_setup.dsv
[1.217s] -- Symlinking: /home/LifeBot/robot_ws/install/articubot_one/share/articubot_one/package.dsv
[1.272s] -- Up-to-date symlink: /home/LifeBot/robot_ws/install/articubot_one/share/ament_index/resource_index/packages/articubot_one
[1.274s] -- Up-to-date symlink: /home/LifeBot/robot_ws/install/articubot_one/share/articubot_one/cmake/articubot_oneConfig.cmake
[1.275s] -- Up-to-date symlink: /home/LifeBot/robot_ws/install/articubot_one/share/articubot_one/cmake/articubot_oneConfig-version.cmake
[1.277s] -- Up-to-date symlink: /home/LifeBot/robot_ws/install/articubot_one/share/articubot_one/package.xml
[1.286s] Invoked command in '/home/LifeBot/robot_ws/build/articubot_one' returned '0': CMAKE_PREFIX_PATH=${CMAKE_PREFIX_PATH}:/opt/ros/humble /usr/bin/cmake --install /home/LifeBot/robot_ws/build/articubot_one
