[0.082s] Invoking command in '/home/LifeBot/robot_ws/build/diffdrive_arduino': CMAKE_PREFIX_PATH=${CMAKE_PREFIX_PATH}:/opt/ros/humble /usr/bin/cmake /home/LifeBot/robot_ws/src/diffdrive_arduino -DAMENT_CMAKE_SYMLINK_INSTALL=1 -DCMAKE_INSTALL_PREFIX=/home/LifeBot/robot_ws/install/diffdrive_arduino
[0.155s] -- Found ament_cmake: 1.3.8 (/opt/ros/humble/share/ament_cmake/cmake)
[1.264s] -- Found Python3: /usr/bin/python3 (found version "3.10.12") found components: Interpreter 
[1.642s] -- Override CMake install command with custom implementation using symlinks instead of copying resources
[1.986s] -- Found hardware_interface: 2.40.0 (/opt/ros/humble/share/hardware_interface/cmake)
[2.381s] -- Found rosidl_generator_c: 3.1.5 (/opt/ros/humble/share/rosidl_generator_c/cmake)
[2.433s] -- Found rosidl_adapter: 3.1.5 (/opt/ros/humble/share/rosidl_adapter/cmake)
[2.500s] -- Found rosidl_generator_cpp: 3.1.5 (/opt/ros/humble/share/rosidl_generator_cpp/cmake)
[2.591s] -- Using all available rosidl_typesupport_c: rosidl_typesupport_fastrtps_c;rosidl_typesupport_introspection_c
[2.719s] -- Using all available rosidl_typesupport_cpp: rosidl_typesupport_fastrtps_cpp;rosidl_typesupport_introspection_cpp
[5.791s] -- Found rmw_implementation_cmake: 6.1.1 (/opt/ros/humble/share/rmw_implementation_cmake/cmake)
[5.817s] -- Found rmw_fastrtps_cpp: 6.2.6 (/opt/ros/humble/share/rmw_fastrtps_cpp/cmake)
[6.036s] -- Found TinyXML2 via Config file: TinyXML2_DIR-NOTFOUND
[6.276s] -- Found OpenSSL: /usr/lib/aarch64-linux-gnu/libcrypto.so (found version "3.0.2")  
[6.286s] -- Found TinyXML2 via Config file: TinyXML2_DIR-NOTFOUND
[6.355s] -- Found FastRTPS: /opt/ros/humble/include  
[6.390s] -- Found TinyXML2 via Config file: TinyXML2_DIR-NOTFOUND
[6.421s] -- Found TinyXML2 via Config file: TinyXML2_DIR-NOTFOUND
[6.456s] -- Using RMW implementation 'rmw_fastrtps_cpp' as default
[6.552s] -- Looking for C++ include pthread.h
[7.035s] -- Looking for C++ include pthread.h - found
[7.040s] -- Performing Test CMAKE_HAVE_LIBC_PTHREAD
[7.452s] -- Performing Test CMAKE_HAVE_LIBC_PTHREAD - Success
[7.459s] -- Found Threads: TRUE  
[8.442s] -- Found ament_cmake_gtest: 1.3.8 (/opt/ros/humble/share/ament_cmake_gtest/cmake)
[8.835s] -- Configuring done
[9.019s] -- Generating done
[9.030s] -- Build files have been written to: /home/LifeBot/robot_ws/build/diffdrive_arduino
[9.080s] Invoked command in '/home/LifeBot/robot_ws/build/diffdrive_arduino' returned '0': CMAKE_PREFIX_PATH=${CMAKE_PREFIX_PATH}:/opt/ros/humble /usr/bin/cmake /home/LifeBot/robot_ws/src/diffdrive_arduino -DAMENT_CMAKE_SYMLINK_INSTALL=1 -DCMAKE_INSTALL_PREFIX=/home/LifeBot/robot_ws/install/diffdrive_arduino
[9.083s] Invoking command in '/home/LifeBot/robot_ws/build/diffdrive_arduino': CMAKE_PREFIX_PATH=${CMAKE_PREFIX_PATH}:/opt/ros/humble /usr/bin/cmake --build /home/LifeBot/robot_ws/build/diffdrive_arduino -- -j4 -l4
[9.320s] [ 50%] [32mBuilding CXX object CMakeFiles/diffdrive_arduino.dir/hardware/diffbot_system.cpp.o[0m
[10.450s] In file included from [01m[K/home/LifeBot/robot_ws/src/diffdrive_arduino/hardware/include/diffdrive_arduino/diffbot_system.hpp:34[m[K,
[10.450s]                  from [01m[K/home/LifeBot/robot_ws/src/diffdrive_arduino/hardware/diffbot_system.cpp:15[m[K:
[10.451s] [01m[K/home/LifeBot/robot_ws/src/diffdrive_arduino/hardware/include/diffdrive_arduino/arduino_comms.hpp:7:10:[m[K [01;31m[Kfatal error: [m[Klibserial/SerialPort.h: No such file or directory
[10.451s]     7 | #include [01;31m[K<libserial/SerialPort.h>[m[K
[10.451s]       |          [01;31m[K^~~~~~~~~~~~~~~~~~~~~~~~[m[K
[10.452s] compilation terminated.
[10.461s] gmake[2]: *** [CMakeFiles/diffdrive_arduino.dir/build.make:76: CMakeFiles/diffdrive_arduino.dir/hardware/diffbot_system.cpp.o] Error 1
[10.462s] gmake[1]: *** [CMakeFiles/Makefile2:137: CMakeFiles/diffdrive_arduino.dir/all] Error 2
[10.464s] gmake: *** [Makefile:146: all] Error 2
[10.471s] Invoked command in '/home/LifeBot/robot_ws/build/diffdrive_arduino' returned '2': CMAKE_PREFIX_PATH=${CMAKE_PREFIX_PATH}:/opt/ros/humble /usr/bin/cmake --build /home/LifeBot/robot_ws/build/diffdrive_arduino -- -j4 -l4
