[0.100s] Invoking command in '/home/LifeBot/robot_ws/build/serial': CMAKE_PREFIX_PATH=${CMAKE_PREFIX_PATH}:/opt/ros/humble /usr/bin/cmake --build /home/LifeBot/robot_ws/build/serial -- -j4 -l4
[0.203s] -- Found ament_cmake: 1.3.8 (/opt/ros/humble/share/ament_cmake/cmake)
[1.002s] -- Override CMake install command with custom implementation using symlinks instead of copying resources
[1.045s] -- Found ament_cmake_gtest: 1.3.8 (/opt/ros/humble/share/ament_cmake_gtest/cmake)
[1.063s] -- Found gtest sources under '/opt/ros/humble/src/gtest_vendor': C++ tests using 'Google Test' will be built
[1.476s] -- Configuring done
[1.579s] -- Generating done
[1.604s] -- Build files have been written to: /home/LifeBot/robot_ws/build/serial
[1.767s] [35m[1mConsolidate compiler generated dependencies of target gtest_main[0m
[1.783s] [35m[1mConsolidate compiler generated dependencies of target gtest[0m
[1.875s] [35m[1mConsolidate compiler generated dependencies of target serial[0m
[1.957s] [ 14%] Built target gtest
[1.982s] [ 28%] Built target gtest_main
[2.025s] [ 35%] [32mBuilding CXX object CMakeFiles/serial.dir/src/impl/unix.cc.o[0m
[2.076s] [ 42%] [32mBuilding CXX object CMakeFiles/serial.dir/src/impl/list_ports/list_ports_linux.cc.o[0m
[2.081s] [ 50%] [32mBuilding CXX object CMakeFiles/serial.dir/src/serial.cc.o[0m
[5.682s] [ 57%] [32m[1mLinking CXX static library libserial.a[0m
[5.832s] [ 57%] Built target serial
[5.879s] [35m[1mConsolidate compiler generated dependencies of target serial_example[0m
[5.882s] [35m[1mConsolidate compiler generated dependencies of target serial-test-timer[0m
[5.888s] [35m[1mConsolidate compiler generated dependencies of target serial-test[0m
[5.965s] [ 64%] [32mBuilding CXX object tests/CMakeFiles/serial-test-timer.dir/unit/unix_timer_tests.cc.o[0m
[5.980s] [ 71%] [32mBuilding CXX object CMakeFiles/serial_example.dir/examples/serial_example.cc.o[0m
[6.001s] [ 78%] [32mBuilding CXX object tests/CMakeFiles/serial-test.dir/unix_serial_tests.cc.o[0m
[8.470s] [ 85%] [32m[1mLinking CXX executable serial_example[0m
[9.073s] [ 85%] Built target serial_example
[13.978s] [ 92%] [32m[1mLinking CXX executable serial-test-timer[0m
[14.125s] In file included from [01m[K/usr/include/boost/bind.hpp:30[m[K,
[14.126s]                  from [01m[K/home/LifeBot/robot_ws/src/serial/tests/unix_serial_tests.cc:23[m[K:
[14.127s] [01m[K/usr/include/boost/bind.hpp:36:1:[m[K [01;36m[Knote: [m[K‘[01m[K#pragma message: The practice of declaring the Bind placeholders (_1, _2, ...) in the global namespace is deprecated. Please use <boost/bind/bind.hpp> + using namespace boost::placeholders, or define BOOST_BIND_GLOBAL_PLACEHOLDERS to retain the current behavior.[m[K’
[14.127s]    36 | [01;36m[KBOOST_PRAGMA_MESSAGE[m[K(
[14.128s]       | [01;36m[K^~~~~~~~~~~~~~~~~~~~[m[K
[14.723s] [ 92%] Built target serial-test-timer
[15.324s] [100%] [32m[1mLinking CXX executable serial-test[0m
[15.933s] [100%] Built target serial-test
[15.986s] Invoked command in '/home/LifeBot/robot_ws/build/serial' returned '0': CMAKE_PREFIX_PATH=${CMAKE_PREFIX_PATH}:/opt/ros/humble /usr/bin/cmake --build /home/LifeBot/robot_ws/build/serial -- -j4 -l4
[16.182s] Invoking command in '/home/LifeBot/robot_ws/build/serial': CMAKE_PREFIX_PATH=${CMAKE_PREFIX_PATH}:/opt/ros/humble /usr/bin/cmake --install /home/LifeBot/robot_ws/build/serial
[16.217s] -- Install configuration: ""
[16.221s] -- Execute custom install script
[16.226s] -- Up-to-date symlink: /home/LifeBot/robot_ws/install/serial/lib/libserial.a
[16.232s] -- Up-to-date symlink: /home/LifeBot/robot_ws/install/serial/include/serial/serial.h
[16.236s] -- Up-to-date symlink: /home/LifeBot/robot_ws/install/serial/include/serial/v8stdint.h
[16.238s] -- Up-to-date symlink: /home/LifeBot/robot_ws/install/serial/share/serial/environment/library_path.sh
[16.242s] -- Up-to-date symlink: /home/LifeBot/robot_ws/install/serial/share/serial/environment/library_path.dsv
[16.243s] -- Up-to-date symlink: /home/LifeBot/robot_ws/install/serial/share/ament_index/resource_index/package_run_dependencies/serial
[16.244s] -- Up-to-date symlink: /home/LifeBot/robot_ws/install/serial/share/ament_index/resource_index/parent_prefix_path/serial
[16.245s] -- Up-to-date symlink: /home/LifeBot/robot_ws/install/serial/share/serial/environment/ament_prefix_path.sh
[16.249s] -- Up-to-date symlink: /home/LifeBot/robot_ws/install/serial/share/serial/environment/ament_prefix_path.dsv
[16.250s] -- Up-to-date symlink: /home/LifeBot/robot_ws/install/serial/share/serial/environment/path.sh
[16.251s] -- Up-to-date symlink: /home/LifeBot/robot_ws/install/serial/share/serial/environment/path.dsv
[16.251s] -- Up-to-date symlink: /home/LifeBot/robot_ws/install/serial/share/serial/local_setup.bash
[16.252s] -- Up-to-date symlink: /home/LifeBot/robot_ws/install/serial/share/serial/local_setup.sh
[16.253s] -- Up-to-date symlink: /home/LifeBot/robot_ws/install/serial/share/serial/local_setup.zsh
[16.254s] -- Up-to-date symlink: /home/LifeBot/robot_ws/install/serial/share/serial/local_setup.dsv
[16.254s] -- Symlinking: /home/LifeBot/robot_ws/install/serial/share/serial/package.dsv
[16.283s] -- Up-to-date symlink: /home/LifeBot/robot_ws/install/serial/share/ament_index/resource_index/packages/serial
[16.284s] -- Up-to-date symlink: /home/LifeBot/robot_ws/install/serial/share/serial/cmake/ament_cmake_export_include_directories-extras.cmake
[16.285s] -- Up-to-date symlink: /home/LifeBot/robot_ws/install/serial/share/serial/cmake/ament_cmake_export_libraries-extras.cmake
[16.290s] -- Up-to-date symlink: /home/LifeBot/robot_ws/install/serial/share/serial/cmake/serialConfig.cmake
[16.291s] -- Up-to-date symlink: /home/LifeBot/robot_ws/install/serial/share/serial/cmake/serialConfig-version.cmake
[16.292s] -- Up-to-date symlink: /home/LifeBot/robot_ws/install/serial/share/serial/package.xml
[16.300s] Invoked command in '/home/LifeBot/robot_ws/build/serial' returned '0': CMAKE_PREFIX_PATH=${CMAKE_PREFIX_PATH}:/opt/ros/humble /usr/bin/cmake --install /home/LifeBot/robot_ws/build/serial
