[0.118s] Invoking command in '/home/LifeBot/robot_ws/build/rplidar_ros': CMAKE_PREFIX_PATH=${CMAKE_PREFIX_PATH}:/opt/ros/humble /usr/bin/cmake --build /home/LifeBot/robot_ws/build/rplidar_ros -- -j4 -l4
[0.523s] [ 77%] Built target rplidar_composition_node
[0.688s] [100%] Built target rplidar_composition
[0.832s] Invoked command in '/home/LifeBot/robot_ws/build/rplidar_ros' returned '0': CMAKE_PREFIX_PATH=${CMAKE_PREFIX_PATH}:/opt/ros/humble /usr/bin/cmake --build /home/LifeBot/robot_ws/build/rplidar_ros -- -j4 -l4
[1.209s] Invoking command in '/home/LifeBot/robot_ws/build/rplidar_ros': CMAKE_PREFIX_PATH=${CMAKE_PREFIX_PATH}:/opt/ros/humble /usr/bin/cmake --install /home/LifeBot/robot_ws/build/rplidar_ros
[1.241s] -- Install configuration: ""
[1.246s] -- Execute custom install script
[1.249s] -- Up-to-date symlink: /home/LifeBot/robot_ws/install/rplidar_ros/lib/rplidar_ros/rplidar_composition
[1.251s] -- Up-to-date symlink: /home/LifeBot/robot_ws/install/rplidar_ros/share/rplidar_ros/launch/rplidar.launch.py
[1.252s] -- Up-to-date symlink: /home/LifeBot/robot_ws/install/rplidar_ros/share/rplidar_ros/launch/rplidar_a3.launch.py
[1.253s] -- Up-to-date symlink: /home/LifeBot/robot_ws/install/rplidar_ros/share/rplidar_ros/launch/rplidar_s1.launch.py
[1.254s] -- Up-to-date symlink: /home/LifeBot/robot_ws/install/rplidar_ros/share/rplidar_ros/launch/rplidar_s1_tcp.launch.py
[1.254s] -- Up-to-date symlink: /home/LifeBot/robot_ws/install/rplidar_ros/share/rplidar_ros/launch/test_rplidar_a3.launch.py
[1.255s] -- Up-to-date symlink: /home/LifeBot/robot_ws/install/rplidar_ros/share/rplidar_ros/launch/view_rplidar.launch.py
[1.256s] -- Up-to-date symlink: /home/LifeBot/robot_ws/install/rplidar_ros/share/rplidar_ros/launch/view_rplidar_a3.launch.py
[1.257s] -- Up-to-date symlink: /home/LifeBot/robot_ws/install/rplidar_ros/share/rplidar_ros/launch/view_rplidar_s1.launch.py
[1.258s] -- Up-to-date symlink: /home/LifeBot/robot_ws/install/rplidar_ros/share/rplidar_ros/launch/view_rplidar_s1_tcp.launch.py
[1.260s] -- Up-to-date symlink: /home/LifeBot/robot_ws/install/rplidar_ros/share/rplidar_ros/rviz/rplidar.rviz
[1.261s] -- Up-to-date symlink: /home/LifeBot/robot_ws/install/rplidar_ros/lib/librplidar_composition_node.so
[1.263s] -- Up-to-date symlink: /home/LifeBot/robot_ws/install/rplidar_ros/include/rplidar_node.hpp
[1.266s] -- Up-to-date symlink: /home/LifeBot/robot_ws/install/rplidar_ros/include/visibility.h
[1.268s] -- Up-to-date symlink: /home/LifeBot/robot_ws/install/rplidar_ros/lib/rplidar_ros/rplidar_composition
[1.269s] -- Up-to-date symlink: /home/LifeBot/robot_ws/install/rplidar_ros/share/ament_index/resource_index/package_run_dependencies/rplidar_ros
[1.272s] -- Up-to-date symlink: /home/LifeBot/robot_ws/install/rplidar_ros/share/ament_index/resource_index/parent_prefix_path/rplidar_ros
[1.272s] -- Up-to-date symlink: /home/LifeBot/robot_ws/install/rplidar_ros/share/rplidar_ros/environment/ament_prefix_path.sh
[1.274s] -- Up-to-date symlink: /home/LifeBot/robot_ws/install/rplidar_ros/share/rplidar_ros/environment/ament_prefix_path.dsv
[1.275s] -- Up-to-date symlink: /home/LifeBot/robot_ws/install/rplidar_ros/share/rplidar_ros/environment/path.sh
[1.279s] -- Up-to-date symlink: /home/LifeBot/robot_ws/install/rplidar_ros/share/rplidar_ros/environment/path.dsv
[1.282s] -- Up-to-date symlink: /home/LifeBot/robot_ws/install/rplidar_ros/share/rplidar_ros/local_setup.bash
[1.283s] -- Up-to-date symlink: /home/LifeBot/robot_ws/install/rplidar_ros/share/rplidar_ros/local_setup.sh
[1.285s] -- Up-to-date symlink: /home/LifeBot/robot_ws/install/rplidar_ros/share/rplidar_ros/local_setup.zsh
[1.285s] -- Up-to-date symlink: /home/LifeBot/robot_ws/install/rplidar_ros/share/rplidar_ros/local_setup.dsv
[1.286s] -- Symlinking: /home/LifeBot/robot_ws/install/rplidar_ros/share/rplidar_ros/package.dsv
[1.330s] -- Up-to-date symlink: /home/LifeBot/robot_ws/install/rplidar_ros/share/ament_index/resource_index/packages/rplidar_ros
[1.331s] -- Up-to-date symlink: /home/LifeBot/robot_ws/install/rplidar_ros/share/ament_index/resource_index/rclcpp_components/rplidar_ros
[1.332s] -- Up-to-date symlink: /home/LifeBot/robot_ws/install/rplidar_ros/share/rplidar_ros/cmake/ament_cmake_export_dependencies-extras.cmake
[1.336s] -- Up-to-date symlink: /home/LifeBot/robot_ws/install/rplidar_ros/share/rplidar_ros/cmake/ament_cmake_export_include_directories-extras.cmake
[1.338s] -- Up-to-date symlink: /home/LifeBot/robot_ws/install/rplidar_ros/share/rplidar_ros/cmake/rplidar_rosConfig.cmake
[1.338s] -- Up-to-date symlink: /home/LifeBot/robot_ws/install/rplidar_ros/share/rplidar_ros/cmake/rplidar_rosConfig-version.cmake
[1.339s] -- Up-to-date symlink: /home/LifeBot/robot_ws/install/rplidar_ros/share/rplidar_ros/package.xml
[1.346s] Invoked command in '/home/LifeBot/robot_ws/build/rplidar_ros' returned '0': CMAKE_PREFIX_PATH=${CMAKE_PREFIX_PATH}:/opt/ros/humble /usr/bin/cmake --install /home/LifeBot/robot_ws/build/rplidar_ros
