[0.132s] Invoking command in '/home/LifeBot/robot_ws/build/diffdrive_arduino': CMAKE_PREFIX_PATH=${CMAKE_PREFIX_PATH}:/opt/ros/humble /usr/bin/cmake --build /home/LifeBot/robot_ws/build/diffdrive_arduino -- -j4 -l4
[0.961s] [100%] Built target diffdrive_arduino
[1.063s] Invoked command in '/home/LifeBot/robot_ws/build/diffdrive_arduino' returned '0': CMAKE_PREFIX_PATH=${CMAKE_PREFIX_PATH}:/opt/ros/humble /usr/bin/cmake --build /home/LifeBot/robot_ws/build/diffdrive_arduino -- -j4 -l4
[1.394s] Invoking command in '/home/LifeBot/robot_ws/build/diffdrive_arduino': CMAKE_PREFIX_PATH=${CMAKE_PREFIX_PATH}:/opt/ros/humble /usr/bin/cmake --install /home/LifeBot/robot_ws/build/diffdrive_arduino
[1.451s] -- Install configuration: ""
[1.456s] -- Execute custom install script
[1.460s] -- Up-to-date symlink: /home/LifeBot/robot_ws/install/diffdrive_arduino/share/diffdrive_arduino//diffdrive_arduino.xml
[1.464s] -- Up-to-date symlink: /home/LifeBot/robot_ws/install/diffdrive_arduino/include/diffdrive_arduino/diffdrive_arduino/arduino_comms.hpp
[1.465s] -- Up-to-date symlink: /home/LifeBot/robot_ws/install/diffdrive_arduino/include/diffdrive_arduino/diffdrive_arduino/diffbot_system.hpp
[1.467s] -- Up-to-date symlink: /home/LifeBot/robot_ws/install/diffdrive_arduino/include/diffdrive_arduino/diffdrive_arduino/visibility_control.h
[1.468s] -- Up-to-date symlink: /home/LifeBot/robot_ws/install/diffdrive_arduino/include/diffdrive_arduino/diffdrive_arduino/wheel.hpp
[1.471s] -- Up-to-date symlink: /home/LifeBot/robot_ws/install/diffdrive_arduino/share/diffdrive_arduino/launch/view_robot.launch.py
[1.474s] -- Up-to-date symlink: /home/LifeBot/robot_ws/install/diffdrive_arduino/share/diffdrive_arduino/ros2_control/diffbot.ros2_control.xacro
[1.477s] -- Up-to-date symlink: /home/LifeBot/robot_ws/install/diffdrive_arduino/share/diffdrive_arduino/urdf/diffbot.materials.xacro
[1.478s] -- Up-to-date symlink: /home/LifeBot/robot_ws/install/diffdrive_arduino/share/diffdrive_arduino/urdf/diffbot.urdf.xacro
[1.479s] -- Up-to-date symlink: /home/LifeBot/robot_ws/install/diffdrive_arduino/share/diffdrive_arduino/urdf/diffbot_description.urdf.xacro
[1.481s] -- Up-to-date symlink: /home/LifeBot/robot_ws/install/diffdrive_arduino/share/diffdrive_arduino/rviz/diffbot.rviz
[1.483s] -- Up-to-date symlink: /home/LifeBot/robot_ws/install/diffdrive_arduino/share/diffdrive_arduino/rviz/diffbot_view.rviz
[1.485s] -- Up-to-date symlink: /home/LifeBot/robot_ws/install/diffdrive_arduino/share/diffdrive_arduino/launch/diffbot.launch.py
[1.487s] -- Up-to-date symlink: /home/LifeBot/robot_ws/install/diffdrive_arduino/share/diffdrive_arduino/config/diffbot_controllers.yaml
[1.488s] -- Up-to-date symlink: /home/LifeBot/robot_ws/install/diffdrive_arduino/share/diffdrive_arduino/environment/library_path.sh
[1.490s] -- Up-to-date symlink: /home/LifeBot/robot_ws/install/diffdrive_arduino/share/diffdrive_arduino/environment/library_path.dsv
[1.492s] -- Up-to-date symlink: /home/LifeBot/robot_ws/install/diffdrive_arduino/share/ament_index/resource_index/package_run_dependencies/diffdrive_arduino
[1.495s] -- Up-to-date symlink: /home/LifeBot/robot_ws/install/diffdrive_arduino/share/ament_index/resource_index/parent_prefix_path/diffdrive_arduino
[1.497s] -- Up-to-date symlink: /home/LifeBot/robot_ws/install/diffdrive_arduino/share/diffdrive_arduino/environment/ament_prefix_path.sh
[1.498s] -- Up-to-date symlink: /home/LifeBot/robot_ws/install/diffdrive_arduino/share/diffdrive_arduino/environment/ament_prefix_path.dsv
[1.500s] -- Up-to-date symlink: /home/LifeBot/robot_ws/install/diffdrive_arduino/share/diffdrive_arduino/environment/path.sh
[1.501s] -- Up-to-date symlink: /home/LifeBot/robot_ws/install/diffdrive_arduino/share/diffdrive_arduino/environment/path.dsv
[1.503s] -- Up-to-date symlink: /home/LifeBot/robot_ws/install/diffdrive_arduino/share/diffdrive_arduino/local_setup.bash
[1.504s] -- Up-to-date symlink: /home/LifeBot/robot_ws/install/diffdrive_arduino/share/diffdrive_arduino/local_setup.sh
[1.506s] -- Up-to-date symlink: /home/LifeBot/robot_ws/install/diffdrive_arduino/share/diffdrive_arduino/local_setup.zsh
[1.507s] -- Up-to-date symlink: /home/LifeBot/robot_ws/install/diffdrive_arduino/share/diffdrive_arduino/local_setup.dsv
[1.508s] -- Symlinking: /home/LifeBot/robot_ws/install/diffdrive_arduino/share/diffdrive_arduino/package.dsv
[1.572s] -- Up-to-date symlink: /home/LifeBot/robot_ws/install/diffdrive_arduino/share/ament_index/resource_index/packages/diffdrive_arduino
[1.576s] -- Up-to-date symlink: /home/LifeBot/robot_ws/install/diffdrive_arduino/share/ament_index/resource_index/hardware_interface__pluginlib__plugin/diffdrive_arduino
[1.576s] -- Up-to-date symlink: /home/LifeBot/robot_ws/install/diffdrive_arduino/share/diffdrive_arduino/cmake/ament_cmake_export_targets-extras.cmake
[1.579s] -- Up-to-date symlink: /home/LifeBot/robot_ws/install/diffdrive_arduino/share/diffdrive_arduino/cmake/ament_cmake_export_dependencies-extras.cmake
[1.601s] -- Up-to-date symlink: /home/LifeBot/robot_ws/install/diffdrive_arduino/share/diffdrive_arduino/cmake/diffdrive_arduinoConfig.cmake
[1.603s] -- Up-to-date symlink: /home/LifeBot/robot_ws/install/diffdrive_arduino/share/diffdrive_arduino/cmake/diffdrive_arduinoConfig-version.cmake
[1.605s] -- Up-to-date symlink: /home/LifeBot/robot_ws/install/diffdrive_arduino/share/diffdrive_arduino/package.xml
[1.607s] -- Up-to-date: /home/LifeBot/robot_ws/install/diffdrive_arduino/share/diffdrive_arduino/cmake/export_diffdrive_arduinoExport.cmake
[1.609s] -- Up-to-date: /home/LifeBot/robot_ws/install/diffdrive_arduino/share/diffdrive_arduino/cmake/export_diffdrive_arduinoExport-noconfig.cmake
[1.658s] Invoked command in '/home/LifeBot/robot_ws/build/diffdrive_arduino' returned '0': CMAKE_PREFIX_PATH=${CMAKE_PREFIX_PATH}:/opt/ros/humble /usr/bin/cmake --install /home/LifeBot/robot_ws/build/diffdrive_arduino
