[0.048s] Invoking command in '/home/LifeBot/robot_ws/build/articubot_one': /usr/bin/cmake /home/LifeBot/robot_ws/src/articubot_one -DAMENT_CMAKE_SYMLINK_INSTALL=1 -DCMAKE_INSTALL_PREFIX=/home/LifeBot/robot_ws/install/articubot_one
[0.374s] -- The C compiler identification is GNU 11.4.0
[0.776s] -- The CXX compiler identification is GNU 11.4.0
[0.822s] -- Detecting C compiler ABI info
[1.358s] -- Detecting C compiler ABI info - done
[1.403s] -- Check for working C compiler: /usr/bin/cc - skipped
[1.411s] -- Detecting C compile features
[1.412s] -- Detecting C compile features - done
[1.425s] -- Detecting CXX compiler ABI info
[1.772s] -- Detecting CXX compiler ABI info - done
[1.804s] -- Check for working CXX compiler: /usr/bin/c++ - skipped
[1.805s] -- Detecting CXX compile features
[1.808s] -- Detecting CXX compile features - done
[1.928s] [31mCMake Error at CMakeLists.txt:19 (find_package):
[1.929s]   By not providing "Findament_cmake.cmake" in CMAKE_MODULE_PATH this project
[1.930s]   has asked CMake to find a package configuration file provided by
[1.930s]   "ament_cmake", but CMake did not find one.
[1.931s] 
[1.932s]   Could not find a package configuration file provided by "ament_cmake" with
[1.933s]   any of the following names:
[1.933s] 
[1.934s]     ament_cmakeConfig.cmake
[1.936s]     ament_cmake-config.cmake
[1.937s] 
[1.938s]   Add the installation prefix of "ament_cmake" to CMAKE_PREFIX_PATH or set
[1.938s]   "ament_cmake_DIR" to a directory containing one of the above files.  If
[1.942s]   "ament_cmake" provides a separate development package or SDK, be sure it
[1.944s]   has been installed.
[1.945s] 
[1.946s] [0m
[1.947s] -- Configuring incomplete, errors occurred!
[1.948s] See also "/home/LifeBot/robot_ws/build/articubot_one/CMakeFiles/CMakeOutput.log".
