[0.128s] Invoking command in '/home/LifeBot/robot_ws/build/serial': /usr/bin/cmake --build /home/LifeBot/robot_ws/build/serial -- -j4 -l4
[0.357s] [35m[1mConsolidate compiler generated dependencies of target serial[0m
[0.503s] [ 14%] Built target gtest
[0.528s] [ 42%] Built target serial
[0.618s] [ 57%] Built target gtest_main
[0.813s] [35m[1mConsolidate compiler generated dependencies of target serial-test[0m
[0.871s] [35m[1mConsolidate compiler generated dependencies of target serial_example[0m
[0.943s] [35m[1mConsolidate compiler generated dependencies of target serial-test-timer[0m
[1.008s] [ 85%] Built target serial-test
[1.009s] [ 85%] Built target serial_example
[1.072s] [100%] Built target serial-test-timer
[1.210s] Invoked command in '/home/LifeBot/robot_ws/build/serial' returned '0': /usr/bin/cmake --build /home/LifeBot/robot_ws/build/serial -- -j4 -l4
[1.690s] Invoking command in '/home/LifeBot/robot_ws/build/serial': /usr/bin/cmake --install /home/LifeBot/robot_ws/build/serial
[1.731s] -- Install configuration: ""
[1.736s] -- Execute custom install script
[1.741s] -- Up-to-date symlink: /home/LifeBot/robot_ws/install/serial/lib/libserial.a
[1.750s] -- Up-to-date symlink: /home/LifeBot/robot_ws/install/serial/include/serial/serial.h
[1.757s] -- Up-to-date symlink: /home/LifeBot/robot_ws/install/serial/include/serial/v8stdint.h
[1.765s] -- Up-to-date symlink: /home/LifeBot/robot_ws/install/serial/share/serial/environment/library_path.sh
[1.769s] -- Up-to-date symlink: /home/LifeBot/robot_ws/install/serial/share/serial/environment/library_path.dsv
[1.774s] -- Up-to-date symlink: /home/LifeBot/robot_ws/install/serial/share/ament_index/resource_index/package_run_dependencies/serial
[1.778s] -- Up-to-date symlink: /home/LifeBot/robot_ws/install/serial/share/ament_index/resource_index/parent_prefix_path/serial
[1.782s] -- Up-to-date symlink: /home/LifeBot/robot_ws/install/serial/share/serial/environment/ament_prefix_path.sh
[1.793s] -- Up-to-date symlink: /home/LifeBot/robot_ws/install/serial/share/serial/environment/ament_prefix_path.dsv
[1.804s] -- Up-to-date symlink: /home/LifeBot/robot_ws/install/serial/share/serial/environment/path.sh
[1.807s] -- Up-to-date symlink: /home/LifeBot/robot_ws/install/serial/share/serial/environment/path.dsv
[1.810s] -- Up-to-date symlink: /home/LifeBot/robot_ws/install/serial/share/serial/local_setup.bash
[1.811s] -- Up-to-date symlink: /home/LifeBot/robot_ws/install/serial/share/serial/local_setup.sh
[1.818s] -- Up-to-date symlink: /home/LifeBot/robot_ws/install/serial/share/serial/local_setup.zsh
[1.824s] -- Up-to-date symlink: /home/LifeBot/robot_ws/install/serial/share/serial/local_setup.dsv
[1.835s] -- Symlinking: /home/LifeBot/robot_ws/install/serial/share/serial/package.dsv
[1.877s] -- Up-to-date symlink: /home/LifeBot/robot_ws/install/serial/share/ament_index/resource_index/packages/serial
[1.877s] -- Up-to-date symlink: /home/LifeBot/robot_ws/install/serial/share/serial/cmake/ament_cmake_export_include_directories-extras.cmake
[1.879s] -- Up-to-date symlink: /home/LifeBot/robot_ws/install/serial/share/serial/cmake/ament_cmake_export_libraries-extras.cmake
[1.880s] -- Up-to-date symlink: /home/LifeBot/robot_ws/install/serial/share/serial/cmake/serialConfig.cmake
[1.880s] -- Up-to-date symlink: /home/LifeBot/robot_ws/install/serial/share/serial/cmake/serialConfig-version.cmake
[1.881s] -- Up-to-date symlink: /home/LifeBot/robot_ws/install/serial/share/serial/package.xml
[1.893s] Invoked command in '/home/LifeBot/robot_ws/build/serial' returned '0': /usr/bin/cmake --install /home/LifeBot/robot_ws/build/serial
