[0.077s] Invoking command in '/home/LifeBot/robot_ws/build/diffdrive_arduino': /usr/bin/cmake --build /home/LifeBot/robot_ws/build/diffdrive_arduino -- -j4 -l4
[0.325s] [35m[1mConsolidate compiler generated dependencies of target diffdrive_arduino[0m
[0.695s] [100%] Built target diffdrive_arduino
[0.963s] Invoked command in '/home/LifeBot/robot_ws/build/diffdrive_arduino' returned '0': /usr/bin/cmake --build /home/LifeBot/robot_ws/build/diffdrive_arduino -- -j4 -l4
[1.253s] Invoking command in '/home/LifeBot/robot_ws/build/diffdrive_arduino': /usr/bin/cmake --install /home/LifeBot/robot_ws/build/diffdrive_arduino
[1.319s] -- Install configuration: ""
[1.323s] -- Execute custom install script
[1.329s] -- Up-to-date symlink: /home/LifeBot/robot_ws/install/diffdrive_arduino/share/diffdrive_arduino//diffdrive_arduino.xml
[1.336s] -- Up-to-date symlink: /home/LifeBot/robot_ws/install/diffdrive_arduino/include/diffdrive_arduino/diffdrive_arduino/arduino_comms.hpp
[1.341s] -- Up-to-date symlink: /home/LifeBot/robot_ws/install/diffdrive_arduino/include/diffdrive_arduino/diffdrive_arduino/diffbot_system.hpp
[1.344s] -- Up-to-date symlink: /home/LifeBot/robot_ws/install/diffdrive_arduino/include/diffdrive_arduino/diffdrive_arduino/visibility_control.h
[1.348s] -- Up-to-date symlink: /home/LifeBot/robot_ws/install/diffdrive_arduino/include/diffdrive_arduino/diffdrive_arduino/wheel.hpp
[1.351s] -- Up-to-date symlink: /home/LifeBot/robot_ws/install/diffdrive_arduino/share/diffdrive_arduino/launch/view_robot.launch.py
[1.353s] -- Up-to-date symlink: /home/LifeBot/robot_ws/install/diffdrive_arduino/share/diffdrive_arduino/ros2_control/diffbot.ros2_control.xacro
[1.356s] -- Up-to-date symlink: /home/LifeBot/robot_ws/install/diffdrive_arduino/share/diffdrive_arduino/urdf/diffbot.materials.xacro
[1.360s] -- Up-to-date symlink: /home/LifeBot/robot_ws/install/diffdrive_arduino/share/diffdrive_arduino/urdf/diffbot.urdf.xacro
[1.362s] -- Up-to-date symlink: /home/LifeBot/robot_ws/install/diffdrive_arduino/share/diffdrive_arduino/urdf/diffbot_description.urdf.xacro
[1.366s] -- Up-to-date symlink: /home/LifeBot/robot_ws/install/diffdrive_arduino/share/diffdrive_arduino/rviz/diffbot.rviz
[1.371s] -- Up-to-date symlink: /home/LifeBot/robot_ws/install/diffdrive_arduino/share/diffdrive_arduino/rviz/diffbot_view.rviz
[1.374s] -- Up-to-date symlink: /home/LifeBot/robot_ws/install/diffdrive_arduino/share/diffdrive_arduino/launch/diffbot.launch.py
[1.377s] -- Up-to-date symlink: /home/LifeBot/robot_ws/install/diffdrive_arduino/share/diffdrive_arduino/config/diffbot_controllers.yaml
[1.384s] -- Up-to-date symlink: /home/LifeBot/robot_ws/install/diffdrive_arduino/share/diffdrive_arduino/environment/library_path.sh
[1.390s] -- Up-to-date symlink: /home/LifeBot/robot_ws/install/diffdrive_arduino/share/diffdrive_arduino/environment/library_path.dsv
[1.398s] -- Up-to-date symlink: /home/LifeBot/robot_ws/install/diffdrive_arduino/share/ament_index/resource_index/package_run_dependencies/diffdrive_arduino
[1.407s] -- Up-to-date symlink: /home/LifeBot/robot_ws/install/diffdrive_arduino/share/ament_index/resource_index/parent_prefix_path/diffdrive_arduino
[1.416s] -- Up-to-date symlink: /home/LifeBot/robot_ws/install/diffdrive_arduino/share/diffdrive_arduino/environment/ament_prefix_path.sh
[1.421s] -- Up-to-date symlink: /home/LifeBot/robot_ws/install/diffdrive_arduino/share/diffdrive_arduino/environment/ament_prefix_path.dsv
[1.430s] -- Up-to-date symlink: /home/LifeBot/robot_ws/install/diffdrive_arduino/share/diffdrive_arduino/environment/path.sh
[1.434s] -- Up-to-date symlink: /home/LifeBot/robot_ws/install/diffdrive_arduino/share/diffdrive_arduino/environment/path.dsv
[1.440s] -- Up-to-date symlink: /home/LifeBot/robot_ws/install/diffdrive_arduino/share/diffdrive_arduino/local_setup.bash
[1.445s] -- Up-to-date symlink: /home/LifeBot/robot_ws/install/diffdrive_arduino/share/diffdrive_arduino/local_setup.sh
[1.450s] -- Up-to-date symlink: /home/LifeBot/robot_ws/install/diffdrive_arduino/share/diffdrive_arduino/local_setup.zsh
[1.457s] -- Up-to-date symlink: /home/LifeBot/robot_ws/install/diffdrive_arduino/share/diffdrive_arduino/local_setup.dsv
[1.463s] -- Symlinking: /home/LifeBot/robot_ws/install/diffdrive_arduino/share/diffdrive_arduino/package.dsv
[1.480s] -- Up-to-date symlink: /home/LifeBot/robot_ws/install/diffdrive_arduino/share/ament_index/resource_index/packages/diffdrive_arduino
[1.482s] -- Up-to-date symlink: /home/LifeBot/robot_ws/install/diffdrive_arduino/share/ament_index/resource_index/hardware_interface__pluginlib__plugin/diffdrive_arduino
[1.486s] -- Up-to-date symlink: /home/LifeBot/robot_ws/install/diffdrive_arduino/share/diffdrive_arduino/cmake/ament_cmake_export_targets-extras.cmake
[1.490s] -- Up-to-date symlink: /home/LifeBot/robot_ws/install/diffdrive_arduino/share/diffdrive_arduino/cmake/ament_cmake_export_dependencies-extras.cmake
[1.496s] -- Up-to-date symlink: /home/LifeBot/robot_ws/install/diffdrive_arduino/share/diffdrive_arduino/cmake/diffdrive_arduinoConfig.cmake
[1.498s] -- Up-to-date symlink: /home/LifeBot/robot_ws/install/diffdrive_arduino/share/diffdrive_arduino/cmake/diffdrive_arduinoConfig-version.cmake
[1.500s] -- Up-to-date symlink: /home/LifeBot/robot_ws/install/diffdrive_arduino/share/diffdrive_arduino/package.xml
[1.503s] -- Up-to-date: /home/LifeBot/robot_ws/install/diffdrive_arduino/share/diffdrive_arduino/cmake/export_diffdrive_arduinoExport.cmake
[1.505s] -- Up-to-date: /home/LifeBot/robot_ws/install/diffdrive_arduino/share/diffdrive_arduino/cmake/export_diffdrive_arduinoExport-noconfig.cmake
[1.525s] Invoked command in '/home/LifeBot/robot_ws/build/diffdrive_arduino' returned '0': /usr/bin/cmake --install /home/LifeBot/robot_ws/build/diffdrive_arduino
