[0.146s] Invoking command in '/home/LifeBot/robot_ws/build/serial': CMAKE_PREFIX_PATH=${CMAKE_PREFIX_PATH}:/opt/ros/humble /usr/bin/cmake --build /home/LifeBot/robot_ws/build/serial -- -j4 -l4
[0.478s] [ 14%] Built target gtest_main
[0.498s] [ 42%] Built target serial
[0.541s] [ 57%] Built target gtest
[0.735s] [ 71%] Built target serial-test
[0.742s] [ 85%] Built target serial_example
[0.780s] [100%] Built target serial-test-timer
[0.855s] Invoked command in '/home/LifeBot/robot_ws/build/serial' returned '0': CMAKE_PREFIX_PATH=${CMAKE_PREFIX_PATH}:/opt/ros/humble /usr/bin/cmake --build /home/LifeBot/robot_ws/build/serial -- -j4 -l4
[1.169s] Invoking command in '/home/LifeBot/robot_ws/build/serial': CMAKE_PREFIX_PATH=${CMAKE_PREFIX_PATH}:/opt/ros/humble /usr/bin/cmake --install /home/LifeBot/robot_ws/build/serial
[1.198s] -- Install configuration: ""
[1.201s] -- Execute custom install script
[1.202s] -- Up-to-date symlink: /home/LifeBot/robot_ws/install/serial/lib/libserial.a
[1.204s] -- Up-to-date symlink: /home/LifeBot/robot_ws/install/serial/include/serial/serial.h
[1.205s] -- Up-to-date symlink: /home/LifeBot/robot_ws/install/serial/include/serial/v8stdint.h
[1.210s] -- Up-to-date symlink: /home/LifeBot/robot_ws/install/serial/share/serial/environment/library_path.sh
[1.211s] -- Up-to-date symlink: /home/LifeBot/robot_ws/install/serial/share/serial/environment/library_path.dsv
[1.212s] -- Up-to-date symlink: /home/LifeBot/robot_ws/install/serial/share/ament_index/resource_index/package_run_dependencies/serial
[1.213s] -- Up-to-date symlink: /home/LifeBot/robot_ws/install/serial/share/ament_index/resource_index/parent_prefix_path/serial
[1.214s] -- Up-to-date symlink: /home/LifeBot/robot_ws/install/serial/share/serial/environment/ament_prefix_path.sh
[1.214s] -- Up-to-date symlink: /home/LifeBot/robot_ws/install/serial/share/serial/environment/ament_prefix_path.dsv
[1.215s] -- Up-to-date symlink: /home/LifeBot/robot_ws/install/serial/share/serial/environment/path.sh
[1.216s] -- Up-to-date symlink: /home/LifeBot/robot_ws/install/serial/share/serial/environment/path.dsv
[1.218s] -- Up-to-date symlink: /home/LifeBot/robot_ws/install/serial/share/serial/local_setup.bash
[1.218s] -- Up-to-date symlink: /home/LifeBot/robot_ws/install/serial/share/serial/local_setup.sh
[1.219s] -- Up-to-date symlink: /home/LifeBot/robot_ws/install/serial/share/serial/local_setup.zsh
[1.220s] -- Up-to-date symlink: /home/LifeBot/robot_ws/install/serial/share/serial/local_setup.dsv
[1.220s] -- Symlinking: /home/LifeBot/robot_ws/install/serial/share/serial/package.dsv
[1.256s] -- Up-to-date symlink: /home/LifeBot/robot_ws/install/serial/share/ament_index/resource_index/packages/serial
[1.258s] -- Up-to-date symlink: /home/LifeBot/robot_ws/install/serial/share/serial/cmake/ament_cmake_export_include_directories-extras.cmake
[1.262s] -- Up-to-date symlink: /home/LifeBot/robot_ws/install/serial/share/serial/cmake/ament_cmake_export_libraries-extras.cmake
[1.262s] -- Up-to-date symlink: /home/LifeBot/robot_ws/install/serial/share/serial/cmake/serialConfig.cmake
[1.264s] -- Up-to-date symlink: /home/LifeBot/robot_ws/install/serial/share/serial/cmake/serialConfig-version.cmake
[1.265s] -- Up-to-date symlink: /home/LifeBot/robot_ws/install/serial/share/serial/package.xml
[1.280s] Invoked command in '/home/LifeBot/robot_ws/build/serial' returned '0': CMAKE_PREFIX_PATH=${CMAKE_PREFIX_PATH}:/opt/ros/humble /usr/bin/cmake --install /home/LifeBot/robot_ws/build/serial
