[0.084s] Invoking command in '/home/LifeBot/robot_ws/build/serial': CMAKE_PREFIX_PATH=/opt/ros/humble /usr/bin/cmake /home/LifeBot/robot_ws/src/serial -DAMENT_CMAKE_SYMLINK_INSTALL=1 -DCMAKE_INSTALL_PREFIX=/home/LifeBot/robot_ws/install/serial
[0.173s] -- Found ament_cmake: 1.3.8 (/opt/ros/humble/share/ament_cmake/cmake)
[1.259s] -- Found Python3: /usr/bin/python3 (found version "3.10.12") found components: Interpreter 
[1.656s] -- Override CMake install command with custom implementation using symlinks instead of copying resources
[1.982s] -- Found ament_cmake_gtest: 1.3.8 (/opt/ros/humble/share/ament_cmake_gtest/cmake)
[2.045s] -- Found Boost: /usr/lib/aarch64-linux-gnu/cmake/Boost-1.74.0/BoostConfig.cmake (found version "1.74.0")  
[2.071s] -- Found gtest sources under '/opt/ros/humble/src/gtest_vendor': C++ tests using 'Google Test' will be built
[2.086s] -- Looking for pthread.h
[2.533s] -- Looking for pthread.h - found
[2.546s] -- Performing Test CMAKE_HAVE_LIBC_PTHREAD
[3.033s] -- Performing Test CMAKE_HAVE_LIBC_PTHREAD - Success
[3.040s] -- Found Threads: TRUE  
[3.529s] -- Configuring done
[3.728s] -- Generating done
[3.741s] -- Build files have been written to: /home/LifeBot/robot_ws/build/serial
[3.769s] Invoked command in '/home/LifeBot/robot_ws/build/serial' returned '0': CMAKE_PREFIX_PATH=/opt/ros/humble /usr/bin/cmake /home/LifeBot/robot_ws/src/serial -DAMENT_CMAKE_SYMLINK_INSTALL=1 -DCMAKE_INSTALL_PREFIX=/home/LifeBot/robot_ws/install/serial
[3.774s] Invoking command in '/home/LifeBot/robot_ws/build/serial': CMAKE_PREFIX_PATH=/opt/ros/humble /usr/bin/cmake --build /home/LifeBot/robot_ws/build/serial -- -j4 -l4
[4.037s] [  7%] [32mBuilding CXX object CMakeFiles/serial.dir/src/serial.cc.o[0m
[4.060s] [ 14%] [32mBuilding CXX object gtest/CMakeFiles/gtest.dir/src/gtest-all.cc.o[0m
[4.083s] [ 21%] [32mBuilding CXX object CMakeFiles/serial.dir/src/impl/unix.cc.o[0m
[4.084s] [ 28%] [32mBuilding CXX object gtest/CMakeFiles/gtest_main.dir/src/gtest_main.cc.o[0m
[10.712s] [ 35%] [32mBuilding CXX object CMakeFiles/serial.dir/src/impl/list_ports/list_ports_linux.cc.o[0m
[16.327s] [ 42%] [32m[1mLinking CXX static library libgtest_main.a[0m
[16.524s] [ 42%] Built target gtest_main
[16.958s] [ 50%] [32m[1mLinking CXX static library libserial.a[0m
[17.242s] [ 50%] Built target serial
[17.357s] [ 57%] [32mBuilding CXX object CMakeFiles/serial_example.dir/examples/serial_example.cc.o[0m
[19.337s] [ 64%] [32m[1mLinking CXX executable serial_example[0m
[19.741s] [ 64%] Built target serial_example
[27.985s] [ 71%] [32m[1mLinking CXX static library libgtest.a[0m
[28.572s] [ 71%] Built target gtest
[28.664s] [ 78%] [32mBuilding CXX object tests/CMakeFiles/serial-test-timer.dir/unit/unix_timer_tests.cc.o[0m
[28.671s] [ 85%] [32mBuilding CXX object tests/CMakeFiles/serial-test.dir/unix_serial_tests.cc.o[0m
[36.317s] In file included from [01m[K/usr/include/boost/bind.hpp:30[m[K,
[36.318s]                  from [01m[K/home/LifeBot/robot_ws/src/serial/tests/unix_serial_tests.cc:23[m[K:
[36.319s] [01m[K/usr/include/boost/bind.hpp:36:1:[m[K [01;36m[Knote: [m[K‘[01m[K#pragma message: The practice of declaring the Bind placeholders (_1, _2, ...) in the global namespace is deprecated. Please use <boost/bind/bind.hpp> + using namespace boost::placeholders, or define BOOST_BIND_GLOBAL_PLACEHOLDERS to retain the current behavior.[m[K’
[36.320s]    36 | [01;36m[KBOOST_PRAGMA_MESSAGE[m[K(
[36.320s]       | [01;36m[K^~~~~~~~~~~~~~~~~~~~[m[K
[36.497s] [ 92%] [32m[1mLinking CXX executable serial-test-timer[0m
[37.287s] [ 92%] Built target serial-test-timer
[37.622s] [100%] [32m[1mLinking CXX executable serial-test[0m
[38.248s] [100%] Built target serial-test
[38.294s] Invoked command in '/home/LifeBot/robot_ws/build/serial' returned '0': CMAKE_PREFIX_PATH=/opt/ros/humble /usr/bin/cmake --build /home/LifeBot/robot_ws/build/serial -- -j4 -l4
[38.479s] Invoking command in '/home/LifeBot/robot_ws/build/serial': CMAKE_PREFIX_PATH=/opt/ros/humble /usr/bin/cmake --install /home/LifeBot/robot_ws/build/serial
[38.509s] -- Install configuration: ""
[38.513s] -- Execute custom install script
[38.517s] -- Symlinking: /home/LifeBot/robot_ws/install/serial/lib/libserial.a
[38.551s] -- Symlinking: /home/LifeBot/robot_ws/install/serial/include/serial/serial.h
[38.583s] -- Symlinking: /home/LifeBot/robot_ws/install/serial/include/serial/v8stdint.h
[38.621s] -- Symlinking: /home/LifeBot/robot_ws/install/serial/share/serial/environment/library_path.sh
[38.654s] -- Symlinking: /home/LifeBot/robot_ws/install/serial/share/serial/environment/library_path.dsv
[38.688s] -- Symlinking: /home/LifeBot/robot_ws/install/serial/share/ament_index/resource_index/package_run_dependencies/serial
[38.723s] -- Symlinking: /home/LifeBot/robot_ws/install/serial/share/ament_index/resource_index/parent_prefix_path/serial
[38.753s] -- Symlinking: /home/LifeBot/robot_ws/install/serial/share/serial/environment/ament_prefix_path.sh
[38.786s] -- Symlinking: /home/LifeBot/robot_ws/install/serial/share/serial/environment/ament_prefix_path.dsv
[38.820s] -- Symlinking: /home/LifeBot/robot_ws/install/serial/share/serial/environment/path.sh
[38.852s] -- Symlinking: /home/LifeBot/robot_ws/install/serial/share/serial/environment/path.dsv
[38.891s] -- Symlinking: /home/LifeBot/robot_ws/install/serial/share/serial/local_setup.bash
[38.923s] -- Symlinking: /home/LifeBot/robot_ws/install/serial/share/serial/local_setup.sh
[38.957s] -- Symlinking: /home/LifeBot/robot_ws/install/serial/share/serial/local_setup.zsh
[38.991s] -- Symlinking: /home/LifeBot/robot_ws/install/serial/share/serial/local_setup.dsv
[39.025s] -- Symlinking: /home/LifeBot/robot_ws/install/serial/share/serial/package.dsv
[39.059s] -- Symlinking: /home/LifeBot/robot_ws/install/serial/share/ament_index/resource_index/packages/serial
[39.095s] -- Symlinking: /home/LifeBot/robot_ws/install/serial/share/serial/cmake/ament_cmake_export_include_directories-extras.cmake
[39.127s] -- Symlinking: /home/LifeBot/robot_ws/install/serial/share/serial/cmake/ament_cmake_export_libraries-extras.cmake
[39.160s] -- Symlinking: /home/LifeBot/robot_ws/install/serial/share/serial/cmake/serialConfig.cmake
[39.193s] -- Symlinking: /home/LifeBot/robot_ws/install/serial/share/serial/cmake/serialConfig-version.cmake
[39.226s] -- Symlinking: /home/LifeBot/robot_ws/install/serial/share/serial/package.xml
[39.266s] Invoked command in '/home/LifeBot/robot_ws/build/serial' returned '0': CMAKE_PREFIX_PATH=/opt/ros/humble /usr/bin/cmake --install /home/LifeBot/robot_ws/build/serial
