[0.054s] Invoking command in '/home/LifeBot/robot_ws/build/diffdrive_arduino': CMAKE_PREFIX_PATH=/home/LifeBot/robot_ws/install/serial:/home/LifeBot/robot_ws/install/diffdrive_arduino:/home/LifeBot/robot_ws/install/articubot_one:/opt/ros/humble /usr/bin/cmake --build /home/LifeBot/robot_ws/build/diffdrive_arduino -- -j4 -l4
[0.242s] [35m[1mConsolidate compiler generated dependencies of target fake_robot[0m
[0.243s] [35m[1mConsolidate compiler generated dependencies of target diffdrive_arduino[0m
[0.354s] [ 42%] Built target fake_robot
[0.429s] [100%] Built target diffdrive_arduino
[0.473s] Invoked command in '/home/LifeBot/robot_ws/build/diffdrive_arduino' returned '0': CMAKE_PREFIX_PATH=/home/LifeBot/robot_ws/install/serial:/home/LifeBot/robot_ws/install/diffdrive_arduino:/home/LifeBot/robot_ws/install/articubot_one:/opt/ros/humble /usr/bin/cmake --build /home/LifeBot/robot_ws/build/diffdrive_arduino -- -j4 -l4
[0.650s] Invoking command in '/home/LifeBot/robot_ws/build/diffdrive_arduino': CMAKE_PREFIX_PATH=/home/LifeBot/robot_ws/install/serial:/home/LifeBot/robot_ws/install/diffdrive_arduino:/home/LifeBot/robot_ws/install/articubot_one:/opt/ros/humble /usr/bin/cmake --install /home/LifeBot/robot_ws/build/diffdrive_arduino
[0.680s] -- Install configuration: ""
[0.684s] -- Execute custom install script
[0.684s] -- Up-to-date symlink: /home/LifeBot/robot_ws/install/diffdrive_arduino/share/diffdrive_arduino//robot_hardware.xml
[0.687s] -- Up-to-date symlink: /home/LifeBot/robot_ws/install/diffdrive_arduino/share/diffdrive_arduino//fake_robot_hardware.xml
[0.688s] -- Up-to-date symlink: /home/LifeBot/robot_ws/install/diffdrive_arduino/lib/libdiffdrive_arduino.so
[0.688s] -- Up-to-date symlink: /home/LifeBot/robot_ws/install/diffdrive_arduino/lib/libfake_robot.so
[0.691s] -- Up-to-date symlink: /home/LifeBot/robot_ws/install/diffdrive_arduino/share/diffdrive_arduino/controllers/robot_controller_example.yaml
[0.693s] -- Up-to-date symlink: /home/LifeBot/robot_ws/install/diffdrive_arduino/share/diffdrive_arduino/fake_robot.launch.py
[0.694s] -- Up-to-date symlink: /home/LifeBot/robot_ws/install/diffdrive_arduino/share/diffdrive_arduino/test_robot.launch.py
[0.695s] -- Up-to-date symlink: /home/LifeBot/robot_ws/install/diffdrive_arduino/share/diffdrive_arduino/environment/library_path.sh
[0.697s] -- Up-to-date symlink: /home/LifeBot/robot_ws/install/diffdrive_arduino/share/diffdrive_arduino/environment/library_path.dsv
[0.699s] -- Up-to-date symlink: /home/LifeBot/robot_ws/install/diffdrive_arduino/share/ament_index/resource_index/package_run_dependencies/diffdrive_arduino
[0.700s] -- Up-to-date symlink: /home/LifeBot/robot_ws/install/diffdrive_arduino/share/ament_index/resource_index/parent_prefix_path/diffdrive_arduino
[0.705s] -- Up-to-date symlink: /home/LifeBot/robot_ws/install/diffdrive_arduino/share/diffdrive_arduino/environment/ament_prefix_path.sh
[0.707s] -- Up-to-date symlink: /home/LifeBot/robot_ws/install/diffdrive_arduino/share/diffdrive_arduino/environment/ament_prefix_path.dsv
[0.708s] -- Up-to-date symlink: /home/LifeBot/robot_ws/install/diffdrive_arduino/share/diffdrive_arduino/environment/path.sh
[0.708s] -- Up-to-date symlink: /home/LifeBot/robot_ws/install/diffdrive_arduino/share/diffdrive_arduino/environment/path.dsv
[0.709s] -- Up-to-date symlink: /home/LifeBot/robot_ws/install/diffdrive_arduino/share/diffdrive_arduino/local_setup.bash
[0.709s] -- Up-to-date symlink: /home/LifeBot/robot_ws/install/diffdrive_arduino/share/diffdrive_arduino/local_setup.sh
[0.710s] -- Up-to-date symlink: /home/LifeBot/robot_ws/install/diffdrive_arduino/share/diffdrive_arduino/local_setup.zsh
[0.710s] -- Up-to-date symlink: /home/LifeBot/robot_ws/install/diffdrive_arduino/share/diffdrive_arduino/local_setup.dsv
[0.711s] -- Symlinking: /home/LifeBot/robot_ws/install/diffdrive_arduino/share/diffdrive_arduino/package.dsv
[0.742s] -- Up-to-date symlink: /home/LifeBot/robot_ws/install/diffdrive_arduino/share/ament_index/resource_index/packages/diffdrive_arduino
[0.745s] -- Up-to-date symlink: /home/LifeBot/robot_ws/install/diffdrive_arduino/share/ament_index/resource_index/hardware_interface__pluginlib__plugin/diffdrive_arduino
[0.747s] -- Up-to-date symlink: /home/LifeBot/robot_ws/install/diffdrive_arduino/share/diffdrive_arduino/cmake/ament_cmake_export_libraries-extras.cmake
[0.748s] -- Up-to-date symlink: /home/LifeBot/robot_ws/install/diffdrive_arduino/share/diffdrive_arduino/cmake/ament_cmake_export_dependencies-extras.cmake
[0.750s] -- Up-to-date symlink: /home/LifeBot/robot_ws/install/diffdrive_arduino/share/diffdrive_arduino/cmake/diffdrive_arduinoConfig.cmake
[0.751s] -- Up-to-date symlink: /home/LifeBot/robot_ws/install/diffdrive_arduino/share/diffdrive_arduino/cmake/diffdrive_arduinoConfig-version.cmake
[0.752s] -- Up-to-date symlink: /home/LifeBot/robot_ws/install/diffdrive_arduino/share/diffdrive_arduino/package.xml
[0.756s] Invoked command in '/home/LifeBot/robot_ws/build/diffdrive_arduino' returned '0': CMAKE_PREFIX_PATH=/home/LifeBot/robot_ws/install/serial:/home/LifeBot/robot_ws/install/diffdrive_arduino:/home/LifeBot/robot_ws/install/articubot_one:/opt/ros/humble /usr/bin/cmake --install /home/LifeBot/robot_ws/build/diffdrive_arduino
