[0.000000] (-) TimerEvent: {}
[0.002155] (articubot_one) JobQueued: {'identifier': 'articubot_one', 'dependencies': OrderedDict()}
[0.002377] (diffdrive_arduino) JobQueued: {'identifier': 'diffdrive_arduino', 'dependencies': OrderedDict()}
[0.002481] (serial) JobQueued: {'identifier': 'serial', 'dependencies': OrderedDict()}
[0.002567] (articubot_one) JobStarted: {'identifier': 'articubot_one'}
[0.020304] (diffdrive_arduino) JobStarted: {'identifier': 'diffdrive_arduino'}
[0.030585] (serial) JobStarted: {'identifier': 'serial'}
[0.047387] (articubot_one) JobProgress: {'identifier': 'articubot_one', 'progress': 'cmake'}
[0.048527] (articubot_one) Command: {'cmd': ['/usr/bin/cmake', '/home/LifeBot/robot_ws/src/articubot_one', '-DAMENT_CMAKE_SYMLINK_INSTALL=1', '-DCMAKE_INSTALL_PREFIX=/home/LifeBot/robot_ws/install/articubot_one'], 'cwd': '/home/LifeBot/robot_ws/build/articubot_one', 'env': OrderedDict([('LESSOPEN', '| /usr/bin/lesspipe %s'), ('USER', 'LifeBot'), ('SSH_CLIENT', '192.168.2.151 55650 22'), ('XDG_SESSION_TYPE', 'tty'), ('GIT_ASKPASS', '/home/LifeBot/.vscode-server/cli/servers/Stable-863d2581ecda6849923a2118d93a088b0745d9d6/server/extensions/git/dist/askpass.sh'), ('SHLVL', '2'), ('BROWSER', '/home/LifeBot/.vscode-server/cli/servers/Stable-863d2581ecda6849923a2118d93a088b0745d9d6/server/bin/helpers/browser.sh'), ('MOTD_SHOWN', 'pam'), ('HOME', '/home/LifeBot'), ('OLDPWD', '/home/LifeBot'), ('TERM_PROGRAM_VERSION', '1.87.2'), ('VSCODE_IPC_HOOK_CLI', '/run/user/1000/vscode-ipc-63958399-7152-4b98-a4de-a6c895eac56e.sock'), ('VSCODE_GIT_ASKPASS_MAIN', '/home/LifeBot/.vscode-server/cli/servers/Stable-863d2581ecda6849923a2118d93a088b0745d9d6/server/extensions/git/dist/askpass-main.js'), ('VSCODE_GIT_ASKPASS_NODE', '/home/LifeBot/.vscode-server/cli/servers/Stable-863d2581ecda6849923a2118d93a088b0745d9d6/server/node'), ('SSL_CERT_FILE', '/usr/lib/ssl/certs/ca-certificates.crt'), ('DBUS_SESSION_BUS_ADDRESS', 'unix:path=/run/user/1000/bus'), ('COLORTERM', 'truecolor'), ('LOGNAME', 'LifeBot'), ('_', '/usr/bin/colcon'), ('XDG_SESSION_CLASS', 'user'), ('TERM', 'xterm-256color'), ('XDG_SESSION_ID', '1'), ('PATH', '/home/LifeBot/.vscode-server/cli/servers/Stable-863d2581ecda6849923a2118d93a088b0745d9d6/server/bin/remote-cli:/usr/local/sbin:/usr/local/bin:/usr/sbin:/usr/bin:/sbin:/bin:/usr/games:/usr/local/games:/snap/bin'), ('XDG_RUNTIME_DIR', '/run/user/1000'), ('SSL_CERT_DIR', '/usr/lib/ssl/certs'), ('LANG', 'en_US.UTF-8'), ('LS_COLORS', ''), ('VSCODE_GIT_IPC_HANDLE', '/run/user/1000/vscode-git-405d37a03d.sock'), ('TERM_PROGRAM', 'vscode'), ('ROS_DOMAIN_ID', '10'), ('SHELL', '/bin/bash'), ('LESSCLOSE', '/usr/bin/lesspipe %s %s'), ('VSCODE_GIT_ASKPASS_EXTRA_ARGS', ''), ('PWD', '/home/LifeBot/robot_ws/build/articubot_one'), ('LC_ALL', 'en_US.UTF-8'), ('SSH_CONNECTION', '192.168.2.151 55650 192.168.2.154 22'), ('XDG_DATA_DIRS', '/usr/local/share:/usr/share:/var/lib/snapd/desktop'), ('COLCON', '1')]), 'shell': False}
[0.062134] (diffdrive_arduino) JobProgress: {'identifier': 'diffdrive_arduino', 'progress': 'cmake'}
[0.063610] (diffdrive_arduino) Command: {'cmd': ['/usr/bin/cmake', '/home/LifeBot/robot_ws/src/diffdrive_arduino', '-DAMENT_CMAKE_SYMLINK_INSTALL=1', '-DCMAKE_INSTALL_PREFIX=/home/LifeBot/robot_ws/install/diffdrive_arduino'], 'cwd': '/home/LifeBot/robot_ws/build/diffdrive_arduino', 'env': OrderedDict([('LESSOPEN', '| /usr/bin/lesspipe %s'), ('USER', 'LifeBot'), ('SSH_CLIENT', '192.168.2.151 55650 22'), ('XDG_SESSION_TYPE', 'tty'), ('GIT_ASKPASS', '/home/LifeBot/.vscode-server/cli/servers/Stable-863d2581ecda6849923a2118d93a088b0745d9d6/server/extensions/git/dist/askpass.sh'), ('SHLVL', '2'), ('BROWSER', '/home/LifeBot/.vscode-server/cli/servers/Stable-863d2581ecda6849923a2118d93a088b0745d9d6/server/bin/helpers/browser.sh'), ('MOTD_SHOWN', 'pam'), ('HOME', '/home/LifeBot'), ('OLDPWD', '/home/LifeBot'), ('TERM_PROGRAM_VERSION', '1.87.2'), ('VSCODE_IPC_HOOK_CLI', '/run/user/1000/vscode-ipc-63958399-7152-4b98-a4de-a6c895eac56e.sock'), ('VSCODE_GIT_ASKPASS_MAIN', '/home/LifeBot/.vscode-server/cli/servers/Stable-863d2581ecda6849923a2118d93a088b0745d9d6/server/extensions/git/dist/askpass-main.js'), ('VSCODE_GIT_ASKPASS_NODE', '/home/LifeBot/.vscode-server/cli/servers/Stable-863d2581ecda6849923a2118d93a088b0745d9d6/server/node'), ('SSL_CERT_FILE', '/usr/lib/ssl/certs/ca-certificates.crt'), ('DBUS_SESSION_BUS_ADDRESS', 'unix:path=/run/user/1000/bus'), ('COLORTERM', 'truecolor'), ('LOGNAME', 'LifeBot'), ('_', '/usr/bin/colcon'), ('XDG_SESSION_CLASS', 'user'), ('TERM', 'xterm-256color'), ('XDG_SESSION_ID', '1'), ('PATH', '/home/LifeBot/.vscode-server/cli/servers/Stable-863d2581ecda6849923a2118d93a088b0745d9d6/server/bin/remote-cli:/usr/local/sbin:/usr/local/bin:/usr/sbin:/usr/bin:/sbin:/bin:/usr/games:/usr/local/games:/snap/bin'), ('XDG_RUNTIME_DIR', '/run/user/1000'), ('SSL_CERT_DIR', '/usr/lib/ssl/certs'), ('LANG', 'en_US.UTF-8'), ('LS_COLORS', ''), ('VSCODE_GIT_IPC_HANDLE', '/run/user/1000/vscode-git-405d37a03d.sock'), ('TERM_PROGRAM', 'vscode'), ('ROS_DOMAIN_ID', '10'), ('SHELL', '/bin/bash'), ('LESSCLOSE', '/usr/bin/lesspipe %s %s'), ('VSCODE_GIT_ASKPASS_EXTRA_ARGS', ''), ('PWD', '/home/LifeBot/robot_ws/build/diffdrive_arduino'), ('LC_ALL', 'en_US.UTF-8'), ('SSH_CONNECTION', '192.168.2.151 55650 192.168.2.154 22'), ('XDG_DATA_DIRS', '/usr/local/share:/usr/share:/var/lib/snapd/desktop'), ('COLCON', '1')]), 'shell': False}
[0.087518] (serial) JobProgress: {'identifier': 'serial', 'progress': 'cmake'}
[0.092685] (serial) JobProgress: {'identifier': 'serial', 'progress': 'build'}
[0.096185] (serial) Command: {'cmd': ['/usr/bin/cmake', '--build', '/home/LifeBot/robot_ws/build/serial', '--', '-j4', '-l4'], 'cwd': '/home/LifeBot/robot_ws/build/serial', 'env': OrderedDict([('LESSOPEN', '| /usr/bin/lesspipe %s'), ('USER', 'LifeBot'), ('SSH_CLIENT', '192.168.2.151 55650 22'), ('XDG_SESSION_TYPE', 'tty'), ('GIT_ASKPASS', '/home/LifeBot/.vscode-server/cli/servers/Stable-863d2581ecda6849923a2118d93a088b0745d9d6/server/extensions/git/dist/askpass.sh'), ('SHLVL', '2'), ('BROWSER', '/home/LifeBot/.vscode-server/cli/servers/Stable-863d2581ecda6849923a2118d93a088b0745d9d6/server/bin/helpers/browser.sh'), ('MOTD_SHOWN', 'pam'), ('HOME', '/home/LifeBot'), ('OLDPWD', '/home/LifeBot'), ('TERM_PROGRAM_VERSION', '1.87.2'), ('VSCODE_IPC_HOOK_CLI', '/run/user/1000/vscode-ipc-63958399-7152-4b98-a4de-a6c895eac56e.sock'), ('VSCODE_GIT_ASKPASS_MAIN', '/home/LifeBot/.vscode-server/cli/servers/Stable-863d2581ecda6849923a2118d93a088b0745d9d6/server/extensions/git/dist/askpass-main.js'), ('VSCODE_GIT_ASKPASS_NODE', '/home/LifeBot/.vscode-server/cli/servers/Stable-863d2581ecda6849923a2118d93a088b0745d9d6/server/node'), ('SSL_CERT_FILE', '/usr/lib/ssl/certs/ca-certificates.crt'), ('DBUS_SESSION_BUS_ADDRESS', 'unix:path=/run/user/1000/bus'), ('COLORTERM', 'truecolor'), ('LOGNAME', 'LifeBot'), ('_', '/usr/bin/colcon'), ('XDG_SESSION_CLASS', 'user'), ('TERM', 'xterm-256color'), ('XDG_SESSION_ID', '1'), ('PATH', '/home/LifeBot/.vscode-server/cli/servers/Stable-863d2581ecda6849923a2118d93a088b0745d9d6/server/bin/remote-cli:/usr/local/sbin:/usr/local/bin:/usr/sbin:/usr/bin:/sbin:/bin:/usr/games:/usr/local/games:/snap/bin'), ('XDG_RUNTIME_DIR', '/run/user/1000'), ('SSL_CERT_DIR', '/usr/lib/ssl/certs'), ('LANG', 'en_US.UTF-8'), ('LS_COLORS', ''), ('VSCODE_GIT_IPC_HANDLE', '/run/user/1000/vscode-git-405d37a03d.sock'), ('TERM_PROGRAM', 'vscode'), ('ROS_DOMAIN_ID', '10'), ('SHELL', '/bin/bash'), ('LESSCLOSE', '/usr/bin/lesspipe %s %s'), ('VSCODE_GIT_ASKPASS_EXTRA_ARGS', ''), ('PWD', '/home/LifeBot/robot_ws/build/serial'), ('LC_ALL', 'en_US.UTF-8'), ('SSH_CONNECTION', '192.168.2.151 55650 192.168.2.154 22'), ('XDG_DATA_DIRS', '/usr/local/share:/usr/share:/var/lib/snapd/desktop'), ('COLCON', '1')]), 'shell': False}
[0.106265] (-) TimerEvent: {}
[0.207614] (-) TimerEvent: {}
[0.310481] (-) TimerEvent: {}
[0.350301] (serial) StdoutLine: {'line': b'[ 28%] Built target serial\n'}
[0.357077] (serial) StdoutLine: {'line': b'[ 42%] Built target gtest\n'}
[0.375348] (articubot_one) StdoutLine: {'line': b'-- The C compiler identification is GNU 11.4.0\n'}
[0.378486] (serial) StdoutLine: {'line': b'[ 57%] Built target gtest_main\n'}
[0.410665] (-) TimerEvent: {}
[0.472409] (diffdrive_arduino) StdoutLine: {'line': b'-- The CXX compiler identification is GNU 11.4.0\n'}
[0.507945] (serial) StdoutLine: {'line': b'[ 71%] Built target serial_example\n'}
[0.510890] (-) TimerEvent: {}
[0.520390] (serial) StdoutLine: {'line': b'[ 85%] Built target serial-test\n'}
[0.536101] (diffdrive_arduino) StdoutLine: {'line': b'-- Detecting CXX compiler ABI info\n'}
[0.576561] (serial) StdoutLine: {'line': b'[100%] Built target serial-test-timer\n'}
[0.611274] (-) TimerEvent: {}
[0.635528] (serial) CommandEnded: {'returncode': 0}
[0.711461] (-) TimerEvent: {}
[0.777777] (articubot_one) StdoutLine: {'line': b'-- The CXX compiler identification is GNU 11.4.0\n'}
[0.811669] (-) TimerEvent: {}
[0.824294] (articubot_one) StdoutLine: {'line': b'-- Detecting C compiler ABI info\n'}
[0.862523] (serial) JobProgress: {'identifier': 'serial', 'progress': 'install'}
[0.902949] (serial) Command: {'cmd': ['/usr/bin/cmake', '--install', '/home/LifeBot/robot_ws/build/serial'], 'cwd': '/home/LifeBot/robot_ws/build/serial', 'env': OrderedDict([('LESSOPEN', '| /usr/bin/lesspipe %s'), ('USER', 'LifeBot'), ('SSH_CLIENT', '192.168.2.151 55650 22'), ('XDG_SESSION_TYPE', 'tty'), ('GIT_ASKPASS', '/home/LifeBot/.vscode-server/cli/servers/Stable-863d2581ecda6849923a2118d93a088b0745d9d6/server/extensions/git/dist/askpass.sh'), ('SHLVL', '2'), ('BROWSER', '/home/LifeBot/.vscode-server/cli/servers/Stable-863d2581ecda6849923a2118d93a088b0745d9d6/server/bin/helpers/browser.sh'), ('MOTD_SHOWN', 'pam'), ('HOME', '/home/LifeBot'), ('OLDPWD', '/home/LifeBot'), ('TERM_PROGRAM_VERSION', '1.87.2'), ('VSCODE_IPC_HOOK_CLI', '/run/user/1000/vscode-ipc-63958399-7152-4b98-a4de-a6c895eac56e.sock'), ('VSCODE_GIT_ASKPASS_MAIN', '/home/LifeBot/.vscode-server/cli/servers/Stable-863d2581ecda6849923a2118d93a088b0745d9d6/server/extensions/git/dist/askpass-main.js'), ('VSCODE_GIT_ASKPASS_NODE', '/home/LifeBot/.vscode-server/cli/servers/Stable-863d2581ecda6849923a2118d93a088b0745d9d6/server/node'), ('SSL_CERT_FILE', '/usr/lib/ssl/certs/ca-certificates.crt'), ('DBUS_SESSION_BUS_ADDRESS', 'unix:path=/run/user/1000/bus'), ('COLORTERM', 'truecolor'), ('LOGNAME', 'LifeBot'), ('_', '/usr/bin/colcon'), ('XDG_SESSION_CLASS', 'user'), ('TERM', 'xterm-256color'), ('XDG_SESSION_ID', '1'), ('PATH', '/home/LifeBot/.vscode-server/cli/servers/Stable-863d2581ecda6849923a2118d93a088b0745d9d6/server/bin/remote-cli:/usr/local/sbin:/usr/local/bin:/usr/sbin:/usr/bin:/sbin:/bin:/usr/games:/usr/local/games:/snap/bin'), ('XDG_RUNTIME_DIR', '/run/user/1000'), ('SSL_CERT_DIR', '/usr/lib/ssl/certs'), ('LANG', 'en_US.UTF-8'), ('LS_COLORS', ''), ('VSCODE_GIT_IPC_HANDLE', '/run/user/1000/vscode-git-405d37a03d.sock'), ('TERM_PROGRAM', 'vscode'), ('ROS_DOMAIN_ID', '10'), ('SHELL', '/bin/bash'), ('LESSCLOSE', '/usr/bin/lesspipe %s %s'), ('VSCODE_GIT_ASKPASS_EXTRA_ARGS', ''), ('PWD', '/home/LifeBot/robot_ws/build/serial'), ('LC_ALL', 'en_US.UTF-8'), ('SSH_CONNECTION', '192.168.2.151 55650 192.168.2.154 22'), ('XDG_DATA_DIRS', '/usr/local/share:/usr/share:/var/lib/snapd/desktop'), ('COLCON', '1')]), 'shell': False}
[0.911951] (-) TimerEvent: {}
[0.952412] (serial) StdoutLine: {'line': b'-- Install configuration: ""\n'}
[0.956126] (serial) StdoutLine: {'line': b'-- Execute custom install script\n'}
[0.959252] (serial) StdoutLine: {'line': b'-- Up-to-date symlink: /home/LifeBot/robot_ws/install/serial/lib/libserial.a\n'}
[0.961568] (serial) StdoutLine: {'line': b'-- Up-to-date symlink: /home/LifeBot/robot_ws/install/serial/include/serial/serial.h\n'}
[0.963425] (serial) StdoutLine: {'line': b'-- Up-to-date symlink: /home/LifeBot/robot_ws/install/serial/include/serial/v8stdint.h\n'}
[0.965470] (serial) StdoutLine: {'line': b'-- Up-to-date symlink: /home/LifeBot/robot_ws/install/serial/share/serial/environment/library_path.sh\n'}
[0.967576] (serial) StdoutLine: {'line': b'-- Up-to-date symlink: /home/LifeBot/robot_ws/install/serial/share/serial/environment/library_path.dsv\n'}
[0.970153] (serial) StdoutLine: {'line': b'-- Up-to-date symlink: /home/LifeBot/robot_ws/install/serial/share/ament_index/resource_index/package_run_dependencies/serial\n'}
[0.972603] (serial) StdoutLine: {'line': b'-- Up-to-date symlink: /home/LifeBot/robot_ws/install/serial/share/ament_index/resource_index/parent_prefix_path/serial\n'}
[0.975463] (serial) StdoutLine: {'line': b'-- Up-to-date symlink: /home/LifeBot/robot_ws/install/serial/share/serial/environment/ament_prefix_path.sh\n'}
[0.977607] (serial) StdoutLine: {'line': b'-- Up-to-date symlink: /home/LifeBot/robot_ws/install/serial/share/serial/environment/ament_prefix_path.dsv\n'}
[0.979742] (serial) StdoutLine: {'line': b'-- Up-to-date symlink: /home/LifeBot/robot_ws/install/serial/share/serial/environment/path.sh\n'}
[0.982009] (serial) StdoutLine: {'line': b'-- Up-to-date symlink: /home/LifeBot/robot_ws/install/serial/share/serial/environment/path.dsv\n'}
[0.984328] (serial) StdoutLine: {'line': b'-- Up-to-date symlink: /home/LifeBot/robot_ws/install/serial/share/serial/local_setup.bash\n'}
[0.986863] (serial) StdoutLine: {'line': b'-- Up-to-date symlink: /home/LifeBot/robot_ws/install/serial/share/serial/local_setup.sh\n'}
[0.990311] (serial) StdoutLine: {'line': b'-- Up-to-date symlink: /home/LifeBot/robot_ws/install/serial/share/serial/local_setup.zsh\n'}
[0.993297] (serial) StdoutLine: {'line': b'-- Up-to-date symlink: /home/LifeBot/robot_ws/install/serial/share/serial/local_setup.dsv\n'}
[0.995306] (serial) StdoutLine: {'line': b'-- Symlinking: /home/LifeBot/robot_ws/install/serial/share/serial/package.dsv\n'}
[0.999075] (diffdrive_arduino) StdoutLine: {'line': b'-- Detecting CXX compiler ABI info - done\n'}
[1.012139] (-) TimerEvent: {}
[1.029176] (diffdrive_arduino) StdoutLine: {'line': b'-- Check for working CXX compiler: /usr/bin/c++ - skipped\n'}
[1.030317] (diffdrive_arduino) StdoutLine: {'line': b'-- Detecting CXX compile features\n'}
[1.033284] (diffdrive_arduino) StdoutLine: {'line': b'-- Detecting CXX compile features - done\n'}
[1.044895] (serial) StdoutLine: {'line': b'-- Up-to-date symlink: /home/LifeBot/robot_ws/install/serial/share/ament_index/resource_index/packages/serial\n'}
[1.046264] (serial) StdoutLine: {'line': b'-- Up-to-date symlink: /home/LifeBot/robot_ws/install/serial/share/serial/cmake/ament_cmake_export_include_directories-extras.cmake\n'}
[1.047514] (serial) StdoutLine: {'line': b'-- Up-to-date symlink: /home/LifeBot/robot_ws/install/serial/share/serial/cmake/ament_cmake_export_libraries-extras.cmake\n'}
[1.048719] (serial) StdoutLine: {'line': b'-- Up-to-date symlink: /home/LifeBot/robot_ws/install/serial/share/serial/cmake/serialConfig.cmake\n'}
[1.049795] (serial) StdoutLine: {'line': b'-- Up-to-date symlink: /home/LifeBot/robot_ws/install/serial/share/serial/cmake/serialConfig-version.cmake\n'}
[1.050824] (serial) StdoutLine: {'line': b'-- Up-to-date symlink: /home/LifeBot/robot_ws/install/serial/share/serial/package.xml\n'}
[1.058825] (serial) CommandEnded: {'returncode': 0}
[1.112839] (-) TimerEvent: {}
[1.169643] (diffdrive_arduino) StderrLine: {'line': b'\x1b[31mCMake Error at CMakeLists.txt:17 (find_package):\n'}
[1.170572] (diffdrive_arduino) StderrLine: {'line': b'  By not providing "Findament_cmake.cmake" in CMAKE_MODULE_PATH this project\n'}
[1.171010] (diffdrive_arduino) StderrLine: {'line': b'  has asked CMake to find a package configuration file provided by\n'}
[1.171420] (diffdrive_arduino) StderrLine: {'line': b'  "ament_cmake", but CMake did not find one.\n'}
[1.171879] (diffdrive_arduino) StderrLine: {'line': b'\n'}
[1.172508] (diffdrive_arduino) StderrLine: {'line': b'  Could not find a package configuration file provided by "ament_cmake" with\n'}
[1.173262] (diffdrive_arduino) StderrLine: {'line': b'  any of the following names:\n'}
[1.174879] (diffdrive_arduino) StderrLine: {'line': b'\n'}
[1.175404] (diffdrive_arduino) StderrLine: {'line': b'    ament_cmakeConfig.cmake\n'}
[1.175854] (diffdrive_arduino) StderrLine: {'line': b'    ament_cmake-config.cmake\n'}
[1.176369] (diffdrive_arduino) StderrLine: {'line': b'\n'}
[1.176928] (diffdrive_arduino) StderrLine: {'line': b'  Add the installation prefix of "ament_cmake" to CMAKE_PREFIX_PATH or set\n'}
[1.177867] (diffdrive_arduino) StderrLine: {'line': b'  "ament_cmake_DIR" to a directory containing one of the above files.  If\n'}
[1.178831] (diffdrive_arduino) StderrLine: {'line': b'  "ament_cmake" provides a separate development package or SDK, be sure it\n'}
[1.179278] (diffdrive_arduino) StderrLine: {'line': b'  has been installed.\n'}
[1.179662] (diffdrive_arduino) StderrLine: {'line': b'\n'}
[1.180053] (diffdrive_arduino) StderrLine: {'line': b'\x1b[0m\n'}
[1.180439] (diffdrive_arduino) StdoutLine: {'line': b'-- Configuring incomplete, errors occurred!\n'}
[1.180844] (diffdrive_arduino) StdoutLine: {'line': b'See also "/home/LifeBot/robot_ws/build/diffdrive_arduino/CMakeFiles/CMakeOutput.log".\n'}
[1.191141] (diffdrive_arduino) CommandEnded: {'returncode': 1}
[1.213141] (-) TimerEvent: {}
[1.316028] (-) TimerEvent: {}
[1.357609] (diffdrive_arduino) JobEnded: {'identifier': 'diffdrive_arduino', 'rc': 1}
[1.360443] (articubot_one) StdoutLine: {'line': b'-- Detecting C compiler ABI info - done\n'}
[1.403703] (articubot_one) StdoutLine: {'line': b'-- Check for working C compiler: /usr/bin/cc - skipped\n'}
[1.405863] (articubot_one) StdoutLine: {'line': b'-- Detecting C compile features\n'}
[1.413660] (articubot_one) StdoutLine: {'line': b'-- Detecting C compile features - done\n'}
[1.418610] (-) TimerEvent: {}
[1.426798] (articubot_one) StdoutLine: {'line': b'-- Detecting CXX compiler ABI info\n'}
[1.478836] (serial) JobEnded: {'identifier': 'serial', 'rc': 'SIGINT'}
[1.518829] (-) TimerEvent: {}
[1.620432] (-) TimerEvent: {}
[1.721695] (-) TimerEvent: {}
[1.774148] (articubot_one) StdoutLine: {'line': b'-- Detecting CXX compiler ABI info - done\n'}
[1.806558] (articubot_one) StdoutLine: {'line': b'-- Check for working CXX compiler: /usr/bin/c++ - skipped\n'}
[1.807649] (articubot_one) StdoutLine: {'line': b'-- Detecting CXX compile features\n'}
[1.809678] (articubot_one) StdoutLine: {'line': b'-- Detecting CXX compile features - done\n'}
[1.821806] (-) TimerEvent: {}
[1.922885] (-) TimerEvent: {}
[1.930415] (articubot_one) StderrLine: {'line': b'\x1b[31mCMake Error at CMakeLists.txt:19 (find_package):\n'}
[1.931608] (articubot_one) StderrLine: {'line': b'  By not providing "Findament_cmake.cmake" in CMAKE_MODULE_PATH this project\n'}
[1.932207] (articubot_one) StderrLine: {'line': b'  has asked CMake to find a package configuration file provided by\n'}
[1.932643] (articubot_one) StderrLine: {'line': b'  "ament_cmake", but CMake did not find one.\n'}
[1.933122] (articubot_one) StderrLine: {'line': b'\n'}
[1.933825] (articubot_one) StderrLine: {'line': b'  Could not find a package configuration file provided by "ament_cmake" with\n'}
[1.934532] (articubot_one) StderrLine: {'line': b'  any of the following names:\n'}
[1.935306] (articubot_one) StderrLine: {'line': b'\n'}
[1.936210] (articubot_one) StderrLine: {'line': b'    ament_cmakeConfig.cmake\n'}
[1.937499] (articubot_one) StderrLine: {'line': b'    ament_cmake-config.cmake\n'}
[1.938780] (articubot_one) StderrLine: {'line': b'\n'}
[1.940268] (articubot_one) StderrLine: {'line': b'  Add the installation prefix of "ament_cmake" to CMAKE_PREFIX_PATH or set\n'}
[1.940733] (articubot_one) StderrLine: {'line': b'  "ament_cmake_DIR" to a directory containing one of the above files.  If\n'}
[1.941124] (articubot_one) StderrLine: {'line': b'  "ament_cmake" provides a separate development package or SDK, be sure it\n'}
[1.945483] (articubot_one) StderrLine: {'line': b'  has been installed.\n'}
[1.946668] (articubot_one) StderrLine: {'line': b'\n'}
[1.948304] (articubot_one) StderrLine: {'line': b'\x1b[0m\n'}
[1.948987] (articubot_one) StdoutLine: {'line': b'-- Configuring incomplete, errors occurred!\n'}
[1.949928] (articubot_one) StdoutLine: {'line': b'See also "/home/LifeBot/robot_ws/build/articubot_one/CMakeFiles/CMakeOutput.log".\n'}
[1.950602] (articubot_one) JobEnded: {'identifier': 'articubot_one', 'rc': 'SIGINT'}
[1.960032] (-) EventReactorShutdown: {}
