[0.074s] Invoking command in '/home/LifeBot/robot_ws/build/serial': /usr/bin/cmake --build /home/LifeBot/robot_ws/build/serial -- -j4 -l4
[0.320s] [ 28%] Built target serial
[0.327s] [ 42%] Built target gtest
[0.348s] [ 57%] Built target gtest_main
[0.477s] [ 71%] Built target serial_example
[0.490s] [ 85%] Built target serial-test
[0.546s] [100%] Built target serial-test-timer
[0.605s] Invoked command in '/home/LifeBot/robot_ws/build/serial' returned '0': /usr/bin/cmake --build /home/LifeBot/robot_ws/build/serial -- -j4 -l4
[0.873s] Invoking command in '/home/LifeBot/robot_ws/build/serial': /usr/bin/cmake --install /home/LifeBot/robot_ws/build/serial
[0.922s] -- Install configuration: ""
[0.926s] -- Execute custom install script
[0.929s] -- Up-to-date symlink: /home/LifeBot/robot_ws/install/serial/lib/libserial.a
[0.931s] -- Up-to-date symlink: /home/LifeBot/robot_ws/install/serial/include/serial/serial.h
[0.933s] -- Up-to-date symlink: /home/LifeBot/robot_ws/install/serial/include/serial/v8stdint.h
[0.935s] -- Up-to-date symlink: /home/LifeBot/robot_ws/install/serial/share/serial/environment/library_path.sh
[0.937s] -- Up-to-date symlink: /home/LifeBot/robot_ws/install/serial/share/serial/environment/library_path.dsv
[0.939s] -- Up-to-date symlink: /home/LifeBot/robot_ws/install/serial/share/ament_index/resource_index/package_run_dependencies/serial
[0.942s] -- Up-to-date symlink: /home/LifeBot/robot_ws/install/serial/share/ament_index/resource_index/parent_prefix_path/serial
[0.945s] -- Up-to-date symlink: /home/LifeBot/robot_ws/install/serial/share/serial/environment/ament_prefix_path.sh
[0.947s] -- Up-to-date symlink: /home/LifeBot/robot_ws/install/serial/share/serial/environment/ament_prefix_path.dsv
[0.949s] -- Up-to-date symlink: /home/LifeBot/robot_ws/install/serial/share/serial/environment/path.sh
[0.951s] -- Up-to-date symlink: /home/LifeBot/robot_ws/install/serial/share/serial/environment/path.dsv
[0.954s] -- Up-to-date symlink: /home/LifeBot/robot_ws/install/serial/share/serial/local_setup.bash
[0.956s] -- Up-to-date symlink: /home/LifeBot/robot_ws/install/serial/share/serial/local_setup.sh
[0.960s] -- Up-to-date symlink: /home/LifeBot/robot_ws/install/serial/share/serial/local_setup.zsh
[0.963s] -- Up-to-date symlink: /home/LifeBot/robot_ws/install/serial/share/serial/local_setup.dsv
[0.965s] -- Symlinking: /home/LifeBot/robot_ws/install/serial/share/serial/package.dsv
[1.014s] -- Up-to-date symlink: /home/LifeBot/robot_ws/install/serial/share/ament_index/resource_index/packages/serial
[1.015s] -- Up-to-date symlink: /home/LifeBot/robot_ws/install/serial/share/serial/cmake/ament_cmake_export_include_directories-extras.cmake
[1.017s] -- Up-to-date symlink: /home/LifeBot/robot_ws/install/serial/share/serial/cmake/ament_cmake_export_libraries-extras.cmake
[1.018s] -- Up-to-date symlink: /home/LifeBot/robot_ws/install/serial/share/serial/cmake/serialConfig.cmake
[1.019s] -- Up-to-date symlink: /home/LifeBot/robot_ws/install/serial/share/serial/cmake/serialConfig-version.cmake
[1.020s] -- Up-to-date symlink: /home/LifeBot/robot_ws/install/serial/share/serial/package.xml
[1.028s] Invoked command in '/home/LifeBot/robot_ws/build/serial' returned '0': /usr/bin/cmake --install /home/LifeBot/robot_ws/build/serial
